{"D:\\mobile-wallet\\client\\src\\App.vue": {"path":"D:\\mobile-wallet\\client\\src\\App.vue","statementMap":{"0":{"start":{"line":8,"column":0},"end":{"line":8,"column":null}},"1":{"start":{"line":15,"column":0},"end":{"line":15,"column":null}}},"fnMap":{"0":{"name":"created","decl":{"start":{"line":14,"column":0},"end":{"line":14,"column":null}},"loc":{"start":{"line":14,"column":0},"end":{"line":16,"column":null}}}},"branchMap":{},"s":{"0":0,"1":0},"f":{"0":0},"b":{}}
,"D:\\mobile-wallet\\client\\src-cordova\\platforms\\android\\app\\build\\intermediates\\merged_assets\\debug\\mergeDebugAssets\\out\\www\\cordova.js": {"path":"D:\\mobile-wallet\\client\\src-cordova\\platforms\\android\\app\\build\\intermediates\\merged_assets\\debug\\mergeDebugAssets\\out\\www\\cordova.js","statementMap":{"0":{"start":{"line":21,"column":1},"end":{"line":1935,"column":5}},"1":{"start":{"line":22,"column":35},"end":{"line":22,"column":42}},"2":{"start":{"line":27,"column":0},"end":{"line":87,"column":5}},"3":{"start":{"line":28,"column":18},"end":{"line":28,"column":20}},"4":{"start":{"line":30,"column":23},"end":{"line":30,"column":25}},"5":{"start":{"line":32,"column":28},"end":{"line":32,"column":30}},"6":{"start":{"line":33,"column":20},"end":{"line":33,"column":23}},"7":{"start":{"line":36,"column":22},"end":{"line":36,"column":36}},"8":{"start":{"line":37,"column":27},"end":{"line":44,"column":9}},"9":{"start":{"line":38,"column":30},"end":{"line":38,"column":32}},"10":{"start":{"line":40,"column":12},"end":{"line":42,"column":13}},"11":{"start":{"line":41,"column":16},"end":{"line":41,"column":109}},"12":{"start":{"line":43,"column":12},"end":{"line":43,"column":40}},"13":{"start":{"line":45,"column":8},"end":{"line":45,"column":28}},"14":{"start":{"line":46,"column":8},"end":{"line":46,"column":30}},"15":{"start":{"line":47,"column":8},"end":{"line":47,"column":54}},"16":{"start":{"line":48,"column":8},"end":{"line":48,"column":30}},"17":{"start":{"line":51,"column":4},"end":{"line":69,"column":6}},"18":{"start":{"line":52,"column":8},"end":{"line":57,"column":9}},"19":{"start":{"line":53,"column":12},"end":{"line":53,"column":48}},"20":{"start":{"line":54,"column":15},"end":{"line":57,"column":9}},"21":{"start":{"line":55,"column":24},"end":{"line":55,"column":88}},"22":{"start":{"line":56,"column":12},"end":{"line":56,"column":53}},"23":{"start":{"line":58,"column":8},"end":{"line":67,"column":9}},"24":{"start":{"line":59,"column":12},"end":{"line":66,"column":13}},"25":{"start":{"line":60,"column":16},"end":{"line":60,"column":60}},"26":{"start":{"line":61,"column":16},"end":{"line":61,"column":38}},"27":{"start":{"line":62,"column":16},"end":{"line":62,"column":42}},"28":{"start":{"line":64,"column":16},"end":{"line":64,"column":45}},"29":{"start":{"line":65,"column":16},"end":{"line":65,"column":35}},"30":{"start":{"line":68,"column":8},"end":{"line":68,"column":35}},"31":{"start":{"line":71,"column":4},"end":{"line":80,"column":6}},"32":{"start":{"line":72,"column":8},"end":{"line":74,"column":9}},"33":{"start":{"line":73,"column":12},"end":{"line":73,"column":54}},"34":{"start":{"line":76,"column":8},"end":{"line":79,"column":10}},"35":{"start":{"line":82,"column":4},"end":{"line":84,"column":6}},"36":{"start":{"line":83,"column":8},"end":{"line":83,"column":27}},"37":{"start":{"line":86,"column":4},"end":{"line":86,"column":31}},"38":{"start":{"line":90,"column":0},"end":{"line":93,"column":1}},"39":{"start":{"line":91,"column":4},"end":{"line":91,"column":37}},"40":{"start":{"line":92,"column":4},"end":{"line":92,"column":35}},"41":{"start":{"line":96,"column":0},"end":{"line":324,"column":3}},"42":{"start":{"line":100,"column":0},"end":{"line":102,"column":1}},"43":{"start":{"line":101,"column":4},"end":{"line":101,"column":47}},"44":{"start":{"line":104,"column":14},"end":{"line":104,"column":40}},"45":{"start":{"line":105,"column":15},"end":{"line":105,"column":42}},"46":{"start":{"line":111,"column":34},"end":{"line":111,"column":59}},"47":{"start":{"line":112,"column":37},"end":{"line":112,"column":65}},"48":{"start":{"line":113,"column":32},"end":{"line":113,"column":55}},"49":{"start":{"line":114,"column":35},"end":{"line":114,"column":61}},"50":{"start":{"line":119,"column":28},"end":{"line":119,"column":30}},"51":{"start":{"line":120,"column":26},"end":{"line":120,"column":28}},"52":{"start":{"line":122,"column":0},"end":{"line":129,"column":2}},"53":{"start":{"line":123,"column":12},"end":{"line":123,"column":29}},"54":{"start":{"line":124,"column":4},"end":{"line":128,"column":5}},"55":{"start":{"line":125,"column":8},"end":{"line":125,"column":52}},"56":{"start":{"line":127,"column":8},"end":{"line":127,"column":74}},"57":{"start":{"line":131,"column":0},"end":{"line":138,"column":2}},"58":{"start":{"line":132,"column":12},"end":{"line":132,"column":29}},"59":{"start":{"line":133,"column":4},"end":{"line":137,"column":5}},"60":{"start":{"line":134,"column":8},"end":{"line":134,"column":50}},"61":{"start":{"line":136,"column":8},"end":{"line":136,"column":70}},"62":{"start":{"line":140,"column":0},"end":{"line":148,"column":2}},"63":{"start":{"line":141,"column":12},"end":{"line":141,"column":29}},"64":{"start":{"line":143,"column":4},"end":{"line":147,"column":5}},"65":{"start":{"line":144,"column":8},"end":{"line":144,"column":54}},"66":{"start":{"line":146,"column":8},"end":{"line":146,"column":77}},"67":{"start":{"line":150,"column":0},"end":{"line":158,"column":2}},"68":{"start":{"line":151,"column":12},"end":{"line":151,"column":29}},"69":{"start":{"line":153,"column":4},"end":{"line":157,"column":5}},"70":{"start":{"line":154,"column":8},"end":{"line":154,"column":52}},"71":{"start":{"line":156,"column":8},"end":{"line":156,"column":73}},"72":{"start":{"line":161,"column":16},"end":{"line":161,"column":46}},"73":{"start":{"line":162,"column":4},"end":{"line":162,"column":40}},"74":{"start":{"line":163,"column":4},"end":{"line":169,"column":5}},"75":{"start":{"line":164,"column":8},"end":{"line":168,"column":9}},"76":{"start":{"line":165,"column":12},"end":{"line":167,"column":13}},"77":{"start":{"line":166,"column":16},"end":{"line":166,"column":35}},"78":{"start":{"line":170,"column":4},"end":{"line":170,"column":17}},"79":{"start":{"line":174,"column":14},"end":{"line":320,"column":1}},"80":{"start":{"line":187,"column":8},"end":{"line":187,"column":68}},"81":{"start":{"line":190,"column":8},"end":{"line":190,"column":76}},"82":{"start":{"line":193,"column":8},"end":{"line":193,"column":70}},"83":{"start":{"line":196,"column":8},"end":{"line":196,"column":42}},"84":{"start":{"line":199,"column":8},"end":{"line":199,"column":44}},"85":{"start":{"line":207,"column":8},"end":{"line":208,"column":127}},"86":{"start":{"line":215,"column":18},"end":{"line":215,"column":41}},"87":{"start":{"line":216,"column":8},"end":{"line":230,"column":9}},"88":{"start":{"line":217,"column":12},"end":{"line":227,"column":13}},"89":{"start":{"line":218,"column":16},"end":{"line":218,"column":54}},"90":{"start":{"line":220,"column":16},"end":{"line":226,"column":22}},"91":{"start":{"line":222,"column":20},"end":{"line":224,"column":21}},"92":{"start":{"line":223,"column":24},"end":{"line":223,"column":52}},"93":{"start":{"line":225,"column":20},"end":{"line":225,"column":58}},"94":{"start":{"line":229,"column":12},"end":{"line":229,"column":40}},"95":{"start":{"line":233,"column":18},"end":{"line":233,"column":41}},"96":{"start":{"line":234,"column":8},"end":{"line":240,"column":9}},"97":{"start":{"line":235,"column":12},"end":{"line":237,"column":18}},"98":{"start":{"line":236,"column":16},"end":{"line":236,"column":52}},"99":{"start":{"line":239,"column":12},"end":{"line":239,"column":38}},"100":{"start":{"line":267,"column":8},"end":{"line":267,"column":101}},"101":{"start":{"line":276,"column":8},"end":{"line":276,"column":102}},"102":{"start":{"line":283,"column":8},"end":{"line":309,"column":9}},"103":{"start":{"line":284,"column":27},"end":{"line":284,"column":56}},"104":{"start":{"line":285,"column":12},"end":{"line":302,"column":13}},"105":{"start":{"line":286,"column":16},"end":{"line":290,"column":17}},"106":{"start":{"line":287,"column":20},"end":{"line":287,"column":75}},"107":{"start":{"line":288,"column":23},"end":{"line":290,"column":17}},"108":{"start":{"line":289,"column":20},"end":{"line":289,"column":69}},"109":{"start":{"line":299,"column":16},"end":{"line":301,"column":17}},"110":{"start":{"line":300,"column":20},"end":{"line":300,"column":57}},"111":{"start":{"line":304,"column":22},"end":{"line":304,"column":114}},"112":{"start":{"line":305,"column":12},"end":{"line":305,"column":55}},"113":{"start":{"line":306,"column":12},"end":{"line":306,"column":74}},"114":{"start":{"line":307,"column":12},"end":{"line":307,"column":80}},"115":{"start":{"line":308,"column":12},"end":{"line":308,"column":22}},"116":{"start":{"line":312,"column":8},"end":{"line":318,"column":11}},"117":{"start":{"line":313,"column":12},"end":{"line":317,"column":13}},"118":{"start":{"line":314,"column":16},"end":{"line":314,"column":23}},"119":{"start":{"line":316,"column":16},"end":{"line":316,"column":63}},"120":{"start":{"line":322,"column":0},"end":{"line":322,"column":25}},"121":{"start":{"line":327,"column":0},"end":{"line":347,"column":3}},"122":{"start":{"line":333,"column":16},"end":{"line":333,"column":86}},"123":{"start":{"line":334,"column":17},"end":{"line":334,"column":26}},"124":{"start":{"line":336,"column":0},"end":{"line":345,"column":2}},"125":{"start":{"line":337,"column":22},"end":{"line":337,"column":40}},"126":{"start":{"line":339,"column":8},"end":{"line":339,"column":89}},"127":{"start":{"line":343,"column":8},"end":{"line":343,"column":27}},"128":{"start":{"line":350,"column":0},"end":{"line":369,"column":3}},"129":{"start":{"line":357,"column":0},"end":{"line":367,"column":2}},"130":{"start":{"line":359,"column":8},"end":{"line":359,"column":100}},"131":{"start":{"line":362,"column":8},"end":{"line":362,"column":57}},"132":{"start":{"line":365,"column":8},"end":{"line":365,"column":68}},"133":{"start":{"line":372,"column":0},"end":{"line":462,"column":3}},"134":{"start":{"line":374,"column":12},"end":{"line":374,"column":36}},"135":{"start":{"line":376,"column":20},"end":{"line":376,"column":34}},"136":{"start":{"line":378,"column":14},"end":{"line":385,"column":1}},"137":{"start":{"line":388,"column":4},"end":{"line":388,"column":77}},"138":{"start":{"line":421,"column":4},"end":{"line":423,"column":5}},"139":{"start":{"line":422,"column":8},"end":{"line":422,"column":15}},"140":{"start":{"line":424,"column":17},"end":{"line":424,"column":21}},"141":{"start":{"line":426,"column":4},"end":{"line":442,"column":5}},"142":{"start":{"line":426,"column":17},"end":{"line":426,"column":18}},"143":{"start":{"line":427,"column":16},"end":{"line":427,"column":30}},"144":{"start":{"line":428,"column":21},"end":{"line":428,"column":36}},"145":{"start":{"line":429,"column":18},"end":{"line":429,"column":25}},"146":{"start":{"line":431,"column":8},"end":{"line":433,"column":9}},"147":{"start":{"line":432,"column":12},"end":{"line":432,"column":21}},"148":{"start":{"line":434,"column":8},"end":{"line":434,"column":39}},"149":{"start":{"line":435,"column":8},"end":{"line":437,"column":9}},"150":{"start":{"line":436,"column":12},"end":{"line":436,"column":21}},"151":{"start":{"line":438,"column":8},"end":{"line":441,"column":9}},"152":{"start":{"line":439,"column":12},"end":{"line":439,"column":51}},"153":{"start":{"line":440,"column":12},"end":{"line":440,"column":18}},"154":{"start":{"line":443,"column":4},"end":{"line":451,"column":5}},"155":{"start":{"line":444,"column":8},"end":{"line":444,"column":48}},"156":{"start":{"line":445,"column":8},"end":{"line":445,"column":136}},"157":{"start":{"line":447,"column":8},"end":{"line":449,"column":9}},"158":{"start":{"line":448,"column":12},"end":{"line":448,"column":34}},"159":{"start":{"line":450,"column":8},"end":{"line":450,"column":32}},"160":{"start":{"line":455,"column":4},"end":{"line":455,"column":54}},"161":{"start":{"line":458,"column":0},"end":{"line":458,"column":36}},"162":{"start":{"line":459,"column":0},"end":{"line":459,"column":34}},"163":{"start":{"line":460,"column":0},"end":{"line":460,"column":34}},"164":{"start":{"line":465,"column":0},"end":{"line":528,"column":3}},"165":{"start":{"line":467,"column":13},"end":{"line":467,"column":20}},"166":{"start":{"line":469,"column":0},"end":{"line":472,"column":2}},"167":{"start":{"line":470,"column":16},"end":{"line":470,"column":43}},"168":{"start":{"line":471,"column":4},"end":{"line":471,"column":32}},"169":{"start":{"line":474,"column":0},"end":{"line":482,"column":2}},"170":{"start":{"line":475,"column":21},"end":{"line":475,"column":108}},"171":{"start":{"line":476,"column":22},"end":{"line":476,"column":56}},"172":{"start":{"line":477,"column":16},"end":{"line":477,"column":43}},"173":{"start":{"line":478,"column":4},"end":{"line":480,"column":5}},"174":{"start":{"line":478,"column":17},"end":{"line":478,"column":18}},"175":{"start":{"line":478,"column":26},"end":{"line":478,"column":43}},"176":{"start":{"line":479,"column":8},"end":{"line":479,"column":44}},"177":{"start":{"line":481,"column":4},"end":{"line":481,"column":23}},"178":{"start":{"line":491,"column":15},"end":{"line":491,"column":81}},"179":{"start":{"line":494,"column":21},"end":{"line":503,"column":1}},"180":{"start":{"line":495,"column":4},"end":{"line":495,"column":19}},"181":{"start":{"line":496,"column":4},"end":{"line":500,"column":5}},"182":{"start":{"line":496,"column":17},"end":{"line":496,"column":18}},"183":{"start":{"line":497,"column":8},"end":{"line":499,"column":9}},"184":{"start":{"line":497,"column":21},"end":{"line":497,"column":22}},"185":{"start":{"line":498,"column":12},"end":{"line":498,"column":62}},"186":{"start":{"line":501,"column":4},"end":{"line":501,"column":55}},"187":{"start":{"line":501,"column":35},"end":{"line":501,"column":52}},"188":{"start":{"line":502,"column":4},"end":{"line":502,"column":21}},"189":{"start":{"line":506,"column":19},"end":{"line":506,"column":37}},"190":{"start":{"line":507,"column":17},"end":{"line":507,"column":19}},"191":{"start":{"line":509,"column":16},"end":{"line":509,"column":32}},"192":{"start":{"line":510,"column":4},"end":{"line":514,"column":5}},"193":{"start":{"line":510,"column":17},"end":{"line":510,"column":18}},"194":{"start":{"line":511,"column":8},"end":{"line":511,"column":78}},"195":{"start":{"line":512,"column":8},"end":{"line":512,"column":39}},"196":{"start":{"line":513,"column":8},"end":{"line":513,"column":41}},"197":{"start":{"line":515,"column":4},"end":{"line":524,"column":5}},"198":{"start":{"line":516,"column":8},"end":{"line":516,"column":61}},"199":{"start":{"line":517,"column":8},"end":{"line":517,"column":39}},"200":{"start":{"line":518,"column":8},"end":{"line":518,"column":51}},"201":{"start":{"line":519,"column":8},"end":{"line":519,"column":22}},"202":{"start":{"line":520,"column":11},"end":{"line":524,"column":5}},"203":{"start":{"line":521,"column":8},"end":{"line":521,"column":37}},"204":{"start":{"line":522,"column":8},"end":{"line":522,"column":39}},"205":{"start":{"line":523,"column":8},"end":{"line":523,"column":23}},"206":{"start":{"line":525,"column":4},"end":{"line":525,"column":18}},"207":{"start":{"line":531,"column":0},"end":{"line":646,"column":3}},"208":{"start":{"line":533,"column":12},"end":{"line":533,"column":36}},"209":{"start":{"line":536,"column":4},"end":{"line":540,"column":5}},"210":{"start":{"line":537,"column":8},"end":{"line":539,"column":9}},"211":{"start":{"line":538,"column":12},"end":{"line":538,"column":55}},"212":{"start":{"line":544,"column":4},"end":{"line":544,"column":44}},"213":{"start":{"line":545,"column":24},"end":{"line":545,"column":29}},"214":{"start":{"line":546,"column":4},"end":{"line":550,"column":5}},"215":{"start":{"line":547,"column":8},"end":{"line":547,"column":25}},"216":{"start":{"line":549,"column":8},"end":{"line":549,"column":29}},"217":{"start":{"line":552,"column":4},"end":{"line":556,"column":5}},"218":{"start":{"line":553,"column":8},"end":{"line":555,"column":11}},"219":{"start":{"line":554,"column":12},"end":{"line":554,"column":25}},"220":{"start":{"line":560,"column":4},"end":{"line":569,"column":5}},"221":{"start":{"line":561,"column":8},"end":{"line":566,"column":11}},"222":{"start":{"line":562,"column":12},"end":{"line":562,"column":33}},"223":{"start":{"line":563,"column":12},"end":{"line":563,"column":28}},"224":{"start":{"line":564,"column":12},"end":{"line":564,"column":37}},"225":{"start":{"line":565,"column":12},"end":{"line":565,"column":25}},"226":{"start":{"line":568,"column":8},"end":{"line":568,"column":33}},"227":{"start":{"line":573,"column":4},"end":{"line":606,"column":7}},"228":{"start":{"line":574,"column":8},"end":{"line":605,"column":9}},"229":{"start":{"line":575,"column":25},"end":{"line":575,"column":58}},"230":{"start":{"line":577,"column":12},"end":{"line":598,"column":13}},"231":{"start":{"line":579,"column":16},"end":{"line":588,"column":17}},"232":{"start":{"line":580,"column":20},"end":{"line":580,"column":87}},"233":{"start":{"line":581,"column":23},"end":{"line":588,"column":17}},"234":{"start":{"line":583,"column":20},"end":{"line":587,"column":21}},"235":{"start":{"line":584,"column":24},"end":{"line":584,"column":60}},"236":{"start":{"line":586,"column":24},"end":{"line":586,"column":91}},"237":{"start":{"line":589,"column":16},"end":{"line":589,"column":37}},"238":{"start":{"line":592,"column":16},"end":{"line":597,"column":17}},"239":{"start":{"line":593,"column":20},"end":{"line":593,"column":87}},"240":{"start":{"line":596,"column":20},"end":{"line":596,"column":41}},"241":{"start":{"line":600,"column":12},"end":{"line":602,"column":13}},"242":{"start":{"line":601,"column":16},"end":{"line":601,"column":62}},"243":{"start":{"line":604,"column":12},"end":{"line":604,"column":98}},"244":{"start":{"line":617,"column":4},"end":{"line":630,"column":5}},"245":{"start":{"line":618,"column":8},"end":{"line":629,"column":9}},"246":{"start":{"line":619,"column":12},"end":{"line":628,"column":13}},"247":{"start":{"line":621,"column":16},"end":{"line":621,"column":59}},"248":{"start":{"line":623,"column":16},"end":{"line":627,"column":17}},"249":{"start":{"line":624,"column":20},"end":{"line":624,"column":60}},"250":{"start":{"line":626,"column":20},"end":{"line":626,"column":53}},"251":{"start":{"line":633,"column":0},"end":{"line":635,"column":2}},"252":{"start":{"line":634,"column":4},"end":{"line":634,"column":43}},"253":{"start":{"line":636,"column":0},"end":{"line":638,"column":2}},"254":{"start":{"line":637,"column":4},"end":{"line":637,"column":42}},"255":{"start":{"line":639,"column":0},"end":{"line":641,"column":2}},"256":{"start":{"line":640,"column":4},"end":{"line":640,"column":41}},"257":{"start":{"line":642,"column":0},"end":{"line":642,"column":40}},"258":{"start":{"line":643,"column":0},"end":{"line":643,"column":70}},"259":{"start":{"line":644,"column":0},"end":{"line":644,"column":47}},"260":{"start":{"line":649,"column":0},"end":{"line":908,"column":3}},"261":{"start":{"line":651,"column":12},"end":{"line":651,"column":36}},"262":{"start":{"line":652,"column":15},"end":{"line":652,"column":16}},"263":{"start":{"line":692,"column":14},"end":{"line":705,"column":1}},"264":{"start":{"line":693,"column":4},"end":{"line":693,"column":21}},"265":{"start":{"line":695,"column":4},"end":{"line":695,"column":23}},"266":{"start":{"line":697,"column":4},"end":{"line":697,"column":32}},"267":{"start":{"line":699,"column":4},"end":{"line":699,"column":25}},"268":{"start":{"line":701,"column":4},"end":{"line":701,"column":25}},"269":{"start":{"line":704,"column":4},"end":{"line":704,"column":39}},"270":{"start":{"line":706,"column":14},"end":{"line":765,"column":1}},"271":{"start":{"line":712,"column":18},"end":{"line":712,"column":26}},"272":{"start":{"line":713,"column":16},"end":{"line":713,"column":19}},"273":{"start":{"line":714,"column":16},"end":{"line":716,"column":9}},"274":{"start":{"line":715,"column":12},"end":{"line":715,"column":28}},"275":{"start":{"line":715,"column":24},"end":{"line":715,"column":28}},"276":{"start":{"line":717,"column":8},"end":{"line":722,"column":9}},"277":{"start":{"line":717,"column":21},"end":{"line":717,"column":22}},"278":{"start":{"line":718,"column":12},"end":{"line":720,"column":13}},"279":{"start":{"line":719,"column":16},"end":{"line":719,"column":71}},"280":{"start":{"line":721,"column":12},"end":{"line":721,"column":30}},"281":{"start":{"line":723,"column":8},"end":{"line":723,"column":22}},"282":{"start":{"line":723,"column":18},"end":{"line":723,"column":22}},"283":{"start":{"line":727,"column":8},"end":{"line":727,"column":56}},"284":{"start":{"line":730,"column":8},"end":{"line":730,"column":55}},"285":{"start":{"line":747,"column":8},"end":{"line":751,"column":9}},"286":{"start":{"line":748,"column":20},"end":{"line":748,"column":66}},"287":{"start":{"line":749,"column":12},"end":{"line":749,"column":53}},"288":{"start":{"line":750,"column":12},"end":{"line":750,"column":50}},"289":{"start":{"line":760,"column":16},"end":{"line":760,"column":52}},"290":{"start":{"line":761,"column":8},"end":{"line":763,"column":9}},"291":{"start":{"line":762,"column":12},"end":{"line":762,"column":21}},"292":{"start":{"line":768,"column":4},"end":{"line":773,"column":5}},"293":{"start":{"line":769,"column":8},"end":{"line":772,"column":10}},"294":{"start":{"line":783,"column":0},"end":{"line":821,"column":2}},"295":{"start":{"line":784,"column":4},"end":{"line":784,"column":55}},"296":{"start":{"line":787,"column":4},"end":{"line":794,"column":5}},"297":{"start":{"line":789,"column":8},"end":{"line":789,"column":58}},"298":{"start":{"line":790,"column":8},"end":{"line":790,"column":48}},"299":{"start":{"line":793,"column":8},"end":{"line":793,"column":46}},"300":{"start":{"line":796,"column":4},"end":{"line":799,"column":5}},"301":{"start":{"line":797,"column":8},"end":{"line":797,"column":64}},"302":{"start":{"line":798,"column":8},"end":{"line":798,"column":15}},"303":{"start":{"line":801,"column":4},"end":{"line":801,"column":49}},"304":{"start":{"line":802,"column":4},"end":{"line":804,"column":5}},"305":{"start":{"line":803,"column":8},"end":{"line":803,"column":62}},"306":{"start":{"line":806,"column":4},"end":{"line":809,"column":5}},"307":{"start":{"line":808,"column":8},"end":{"line":808,"column":31}},"308":{"start":{"line":810,"column":4},"end":{"line":810,"column":37}},"309":{"start":{"line":811,"column":4},"end":{"line":811,"column":49}},"310":{"start":{"line":814,"column":4},"end":{"line":820,"column":5}},"311":{"start":{"line":815,"column":8},"end":{"line":815,"column":42}},"312":{"start":{"line":816,"column":8},"end":{"line":816,"column":27}},"313":{"start":{"line":817,"column":8},"end":{"line":819,"column":9}},"314":{"start":{"line":818,"column":12},"end":{"line":818,"column":73}},"315":{"start":{"line":826,"column":0},"end":{"line":847,"column":2}},"316":{"start":{"line":827,"column":4},"end":{"line":827,"column":55}},"317":{"start":{"line":830,"column":4},"end":{"line":836,"column":5}},"318":{"start":{"line":832,"column":8},"end":{"line":832,"column":58}},"319":{"start":{"line":835,"column":8},"end":{"line":835,"column":46}},"320":{"start":{"line":838,"column":4},"end":{"line":838,"column":37}},"321":{"start":{"line":839,"column":4},"end":{"line":839,"column":34}},"322":{"start":{"line":840,"column":4},"end":{"line":846,"column":5}},"323":{"start":{"line":841,"column":8},"end":{"line":841,"column":35}},"324":{"start":{"line":842,"column":8},"end":{"line":842,"column":27}},"325":{"start":{"line":843,"column":8},"end":{"line":845,"column":9}},"326":{"start":{"line":844,"column":12},"end":{"line":844,"column":73}},"327":{"start":{"line":852,"column":0},"end":{"line":876,"column":2}},"328":{"start":{"line":853,"column":15},"end":{"line":853,"column":20}},"329":{"start":{"line":854,"column":19},"end":{"line":854,"column":56}},"330":{"start":{"line":856,"column":4},"end":{"line":859,"column":5}},"331":{"start":{"line":857,"column":8},"end":{"line":857,"column":23}},"332":{"start":{"line":858,"column":8},"end":{"line":858,"column":33}},"333":{"start":{"line":860,"column":4},"end":{"line":875,"column":5}},"334":{"start":{"line":863,"column":21},"end":{"line":863,"column":23}},"335":{"start":{"line":864,"column":8},"end":{"line":866,"column":9}},"336":{"start":{"line":865,"column":12},"end":{"line":865,"column":45}},"337":{"start":{"line":867,"column":8},"end":{"line":869,"column":9}},"338":{"start":{"line":867,"column":21},"end":{"line":867,"column":22}},"339":{"start":{"line":868,"column":12},"end":{"line":868,"column":44}},"340":{"start":{"line":870,"column":8},"end":{"line":874,"column":9}},"341":{"start":{"line":871,"column":12},"end":{"line":871,"column":33}},"342":{"start":{"line":872,"column":12},"end":{"line":872,"column":31}},"343":{"start":{"line":873,"column":12},"end":{"line":873,"column":73}},"344":{"start":{"line":880,"column":0},"end":{"line":880,"column":43}},"345":{"start":{"line":883,"column":0},"end":{"line":883,"column":38}},"346":{"start":{"line":887,"column":0},"end":{"line":887,"column":39}},"347":{"start":{"line":891,"column":0},"end":{"line":891,"column":39}},"348":{"start":{"line":894,"column":0},"end":{"line":894,"column":38}},"349":{"start":{"line":897,"column":0},"end":{"line":897,"column":27}},"350":{"start":{"line":900,"column":0},"end":{"line":900,"column":26}},"351":{"start":{"line":903,"column":0},"end":{"line":903,"column":48}},"352":{"start":{"line":904,"column":0},"end":{"line":904,"column":52}},"353":{"start":{"line":906,"column":0},"end":{"line":906,"column":25}},"354":{"start":{"line":911,"column":0},"end":{"line":1179,"column":3}},"355":{"start":{"line":927,"column":14},"end":{"line":927,"column":32}},"356":{"start":{"line":928,"column":24},"end":{"line":928,"column":68}},"357":{"start":{"line":929,"column":12},"end":{"line":929,"column":36}},"358":{"start":{"line":930,"column":13},"end":{"line":930,"column":38}},"359":{"start":{"line":931,"column":14},"end":{"line":931,"column":40}},"360":{"start":{"line":932,"column":22},"end":{"line":935,"column":5}},"361":{"start":{"line":936,"column":22},"end":{"line":947,"column":5}},"362":{"start":{"line":949,"column":27},"end":{"line":949,"column":54}},"363":{"start":{"line":950,"column":18},"end":{"line":950,"column":23}},"364":{"start":{"line":951,"column":19},"end":{"line":951,"column":21}},"365":{"start":{"line":953,"column":25},"end":{"line":953,"column":27}},"366":{"start":{"line":954,"column":19},"end":{"line":954,"column":24}},"367":{"start":{"line":955,"column":22},"end":{"line":955,"column":78}},"368":{"start":{"line":956,"column":15},"end":{"line":956,"column":110}},"369":{"start":{"line":956,"column":48},"end":{"line":956,"column":73}},"370":{"start":{"line":956,"column":93},"end":{"line":956,"column":108}},"371":{"start":{"line":959,"column":4},"end":{"line":965,"column":5}},"372":{"start":{"line":964,"column":8},"end":{"line":964,"column":62}},"373":{"start":{"line":968,"column":4},"end":{"line":970,"column":5}},"374":{"start":{"line":969,"column":8},"end":{"line":969,"column":71}},"375":{"start":{"line":973,"column":4},"end":{"line":973,"column":22}},"376":{"start":{"line":976,"column":4},"end":{"line":980,"column":5}},"377":{"start":{"line":976,"column":17},"end":{"line":976,"column":18}},"378":{"start":{"line":977,"column":8},"end":{"line":979,"column":9}},"379":{"start":{"line":978,"column":12},"end":{"line":978,"column":54}},"380":{"start":{"line":982,"column":21},"end":{"line":982,"column":51}},"381":{"start":{"line":983,"column":19},"end":{"line":983,"column":39}},"382":{"start":{"line":984,"column":4},"end":{"line":986,"column":5}},"383":{"start":{"line":985,"column":8},"end":{"line":985,"column":69}},"384":{"start":{"line":988,"column":15},"end":{"line":988,"column":96}},"385":{"start":{"line":991,"column":4},"end":{"line":999,"column":5}},"386":{"start":{"line":992,"column":8},"end":{"line":992,"column":68}},"387":{"start":{"line":993,"column":8},"end":{"line":993,"column":58}},"388":{"start":{"line":994,"column":8},"end":{"line":994,"column":71}},"389":{"start":{"line":995,"column":11},"end":{"line":999,"column":5}},"390":{"start":{"line":996,"column":8},"end":{"line":996,"column":38}},"391":{"start":{"line":998,"column":8},"end":{"line":998,"column":34}},"392":{"start":{"line":1002,"column":0},"end":{"line":1005,"column":2}},"393":{"start":{"line":1003,"column":4},"end":{"line":1003,"column":67}},"394":{"start":{"line":1004,"column":4},"end":{"line":1004,"column":33}},"395":{"start":{"line":1008,"column":4},"end":{"line":1008,"column":19}},"396":{"start":{"line":1012,"column":4},"end":{"line":1016,"column":5}},"397":{"start":{"line":1015,"column":8},"end":{"line":1015,"column":15}},"398":{"start":{"line":1017,"column":15},"end":{"line":1017,"column":94}},"399":{"start":{"line":1018,"column":4},"end":{"line":1022,"column":5}},"400":{"start":{"line":1019,"column":8},"end":{"line":1019,"column":38}},"401":{"start":{"line":1021,"column":8},"end":{"line":1021,"column":26}},"402":{"start":{"line":1026,"column":4},"end":{"line":1029,"column":5}},"403":{"start":{"line":1027,"column":8},"end":{"line":1027,"column":19}},"404":{"start":{"line":1028,"column":8},"end":{"line":1028,"column":41}},"405":{"start":{"line":1034,"column":8},"end":{"line":1034,"column":40}},"406":{"start":{"line":1040,"column":4},"end":{"line":1040,"column":70}},"407":{"start":{"line":1041,"column":4},"end":{"line":1041,"column":71}},"408":{"start":{"line":1042,"column":4},"end":{"line":1042,"column":44}},"409":{"start":{"line":1043,"column":4},"end":{"line":1043,"column":45}},"410":{"start":{"line":1044,"column":4},"end":{"line":1044,"column":59}},"411":{"start":{"line":1045,"column":4},"end":{"line":1045,"column":60}},"412":{"start":{"line":1048,"column":0},"end":{"line":1048,"column":17}},"413":{"start":{"line":1050,"column":0},"end":{"line":1050,"column":46}},"414":{"start":{"line":1051,"column":0},"end":{"line":1051,"column":46}},"415":{"start":{"line":1053,"column":0},"end":{"line":1059,"column":2}},"416":{"start":{"line":1054,"column":4},"end":{"line":1056,"column":5}},"417":{"start":{"line":1055,"column":8},"end":{"line":1055,"column":38}},"418":{"start":{"line":1057,"column":4},"end":{"line":1057,"column":70}},"419":{"start":{"line":1058,"column":4},"end":{"line":1058,"column":32}},"420":{"start":{"line":1061,"column":0},"end":{"line":1080,"column":2}},"421":{"start":{"line":1062,"column":4},"end":{"line":1064,"column":5}},"422":{"start":{"line":1063,"column":8},"end":{"line":1063,"column":15}},"423":{"start":{"line":1065,"column":4},"end":{"line":1067,"column":5}},"424":{"start":{"line":1066,"column":8},"end":{"line":1066,"column":28}},"425":{"start":{"line":1069,"column":4},"end":{"line":1069,"column":32}},"426":{"start":{"line":1072,"column":4},"end":{"line":1074,"column":5}},"427":{"start":{"line":1073,"column":8},"end":{"line":1073,"column":76}},"428":{"start":{"line":1076,"column":4},"end":{"line":1079,"column":5}},"429":{"start":{"line":1077,"column":8},"end":{"line":1077,"column":27}},"430":{"start":{"line":1078,"column":8},"end":{"line":1078,"column":40}},"431":{"start":{"line":1083,"column":22},"end":{"line":1083,"column":39}},"432":{"start":{"line":1084,"column":4},"end":{"line":1110,"column":5}},"433":{"start":{"line":1085,"column":8},"end":{"line":1085,"column":39}},"434":{"start":{"line":1086,"column":11},"end":{"line":1110,"column":5}},"435":{"start":{"line":1087,"column":8},"end":{"line":1087,"column":27}},"436":{"start":{"line":1088,"column":11},"end":{"line":1110,"column":5}},"437":{"start":{"line":1089,"column":8},"end":{"line":1089,"column":28}},"438":{"start":{"line":1090,"column":11},"end":{"line":1110,"column":5}},"439":{"start":{"line":1091,"column":8},"end":{"line":1091,"column":27}},"440":{"start":{"line":1092,"column":11},"end":{"line":1110,"column":5}},"441":{"start":{"line":1093,"column":8},"end":{"line":1093,"column":40}},"442":{"start":{"line":1094,"column":11},"end":{"line":1110,"column":5}},"443":{"start":{"line":1095,"column":19},"end":{"line":1095,"column":35}},"444":{"start":{"line":1096,"column":8},"end":{"line":1096,"column":49}},"445":{"start":{"line":1097,"column":11},"end":{"line":1110,"column":5}},"446":{"start":{"line":1098,"column":8},"end":{"line":1098,"column":52}},"447":{"start":{"line":1099,"column":11},"end":{"line":1110,"column":5}},"448":{"start":{"line":1100,"column":32},"end":{"line":1100,"column":48}},"449":{"start":{"line":1101,"column":8},"end":{"line":1107,"column":9}},"450":{"start":{"line":1102,"column":27},"end":{"line":1102,"column":57}},"451":{"start":{"line":1103,"column":25},"end":{"line":1103,"column":62}},"452":{"start":{"line":1104,"column":35},"end":{"line":1104,"column":81}},"453":{"start":{"line":1105,"column":12},"end":{"line":1105,"column":79}},"454":{"start":{"line":1106,"column":12},"end":{"line":1106,"column":52}},"455":{"start":{"line":1109,"column":8},"end":{"line":1109,"column":42}},"456":{"start":{"line":1115,"column":20},"end":{"line":1115,"column":37}},"457":{"start":{"line":1116,"column":4},"end":{"line":1132,"column":5}},"458":{"start":{"line":1118,"column":8},"end":{"line":1118,"column":31}},"459":{"start":{"line":1119,"column":11},"end":{"line":1132,"column":5}},"460":{"start":{"line":1120,"column":22},"end":{"line":1120,"column":38}},"461":{"start":{"line":1121,"column":27},"end":{"line":1121,"column":51}},"462":{"start":{"line":1122,"column":23},"end":{"line":1122,"column":46}},"463":{"start":{"line":1123,"column":21},"end":{"line":1123,"column":48}},"464":{"start":{"line":1124,"column":27},"end":{"line":1124,"column":61}},"465":{"start":{"line":1125,"column":25},"end":{"line":1125,"column":66}},"466":{"start":{"line":1126,"column":29},"end":{"line":1126,"column":60}},"467":{"start":{"line":1127,"column":22},"end":{"line":1127,"column":24}},"468":{"start":{"line":1128,"column":8},"end":{"line":1128,"column":46}},"469":{"start":{"line":1129,"column":8},"end":{"line":1129,"column":87}},"470":{"start":{"line":1131,"column":8},"end":{"line":1131,"column":90}},"471":{"start":{"line":1137,"column":4},"end":{"line":1139,"column":5}},"472":{"start":{"line":1138,"column":8},"end":{"line":1138,"column":15}},"473":{"start":{"line":1140,"column":4},"end":{"line":1142,"column":5}},"474":{"start":{"line":1141,"column":8},"end":{"line":1141,"column":15}},"475":{"start":{"line":1143,"column":4},"end":{"line":1143,"column":24}},"476":{"start":{"line":1144,"column":4},"end":{"line":1158,"column":5}},"477":{"start":{"line":1145,"column":18},"end":{"line":1145,"column":39}},"478":{"start":{"line":1148,"column":8},"end":{"line":1151,"column":9}},"479":{"start":{"line":1149,"column":12},"end":{"line":1149,"column":31}},"480":{"start":{"line":1150,"column":12},"end":{"line":1150,"column":19}},"481":{"start":{"line":1152,"column":8},"end":{"line":1152,"column":28}},"482":{"start":{"line":1154,"column":8},"end":{"line":1154,"column":29}},"483":{"start":{"line":1155,"column":8},"end":{"line":1157,"column":9}},"484":{"start":{"line":1156,"column":12},"end":{"line":1156,"column":38}},"485":{"start":{"line":1162,"column":23},"end":{"line":1162,"column":49}},"486":{"start":{"line":1163,"column":4},"end":{"line":1165,"column":5}},"487":{"start":{"line":1164,"column":8},"end":{"line":1164,"column":19}},"488":{"start":{"line":1167,"column":19},"end":{"line":1167,"column":44}},"489":{"start":{"line":1168,"column":17},"end":{"line":1168,"column":49}},"490":{"start":{"line":1169,"column":18},"end":{"line":1169,"column":59}},"491":{"start":{"line":1170,"column":4},"end":{"line":1170,"column":61}},"492":{"start":{"line":1171,"column":4},"end":{"line":1173,"column":5}},"493":{"start":{"line":1172,"column":8},"end":{"line":1172,"column":49}},"494":{"start":{"line":1174,"column":4},"end":{"line":1174,"column":19}},"495":{"start":{"line":1177,"column":0},"end":{"line":1177,"column":29}},"496":{"start":{"line":1182,"column":0},"end":{"line":1209,"column":3}},"497":{"start":{"line":1185,"column":22},"end":{"line":1185,"column":24}},"498":{"start":{"line":1187,"column":0},"end":{"line":1207,"column":2}},"499":{"start":{"line":1191,"column":8},"end":{"line":1191,"column":46}},"500":{"start":{"line":1192,"column":8},"end":{"line":1192,"column":39}},"501":{"start":{"line":1193,"column":8},"end":{"line":1193,"column":24}},"502":{"start":{"line":1198,"column":20},"end":{"line":1198,"column":39}},"503":{"start":{"line":1199,"column":8},"end":{"line":1199,"column":35}},"504":{"start":{"line":1200,"column":8},"end":{"line":1200,"column":35}},"505":{"start":{"line":1201,"column":8},"end":{"line":1201,"column":21}},"506":{"start":{"line":1205,"column":8},"end":{"line":1205,"column":84}},"507":{"start":{"line":1212,"column":0},"end":{"line":1335,"column":3}},"508":{"start":{"line":1214,"column":14},"end":{"line":1214,"column":40}},"509":{"start":{"line":1215,"column":14},"end":{"line":1215,"column":32}},"510":{"start":{"line":1216,"column":19},"end":{"line":1216,"column":50}},"511":{"start":{"line":1217,"column":15},"end":{"line":1217,"column":42}},"512":{"start":{"line":1218,"column":19},"end":{"line":1218,"column":50}},"513":{"start":{"line":1219,"column":12},"end":{"line":1219,"column":36}},"514":{"start":{"line":1221,"column":32},"end":{"line":1221,"column":79}},"515":{"start":{"line":1224,"column":4},"end":{"line":1228,"column":5}},"516":{"start":{"line":1224,"column":17},"end":{"line":1224,"column":18}},"517":{"start":{"line":1225,"column":8},"end":{"line":1227,"column":9}},"518":{"start":{"line":1226,"column":12},"end":{"line":1226,"column":61}},"519":{"start":{"line":1231,"column":0},"end":{"line":1237,"column":9}},"520":{"start":{"line":1232,"column":4},"end":{"line":1236,"column":5}},"521":{"start":{"line":1233,"column":8},"end":{"line":1233,"column":66}},"522":{"start":{"line":1234,"column":8},"end":{"line":1234,"column":54}},"523":{"start":{"line":1235,"column":8},"end":{"line":1235,"column":61}},"524":{"start":{"line":1242,"column":27},"end":{"line":1242,"column":41}},"525":{"start":{"line":1243,"column":4},"end":{"line":1243,"column":47}},"526":{"start":{"line":1244,"column":23},"end":{"line":1244,"column":45}},"527":{"start":{"line":1247,"column":4},"end":{"line":1259,"column":5}},"528":{"start":{"line":1248,"column":8},"end":{"line":1258,"column":9}},"529":{"start":{"line":1249,"column":12},"end":{"line":1257,"column":13}},"530":{"start":{"line":1250,"column":16},"end":{"line":1250,"column":75}},"531":{"start":{"line":1252,"column":16},"end":{"line":1256,"column":24}},"532":{"start":{"line":1253,"column":20},"end":{"line":1255,"column":23}},"533":{"start":{"line":1254,"column":24},"end":{"line":1254,"column":48}},"534":{"start":{"line":1260,"column":4},"end":{"line":1260,"column":24}},"535":{"start":{"line":1263,"column":0},"end":{"line":1265,"column":1}},"536":{"start":{"line":1264,"column":4},"end":{"line":1264,"column":58}},"537":{"start":{"line":1267,"column":0},"end":{"line":1271,"column":1}},"538":{"start":{"line":1268,"column":4},"end":{"line":1270,"column":6}},"539":{"start":{"line":1272,"column":0},"end":{"line":1276,"column":1}},"540":{"start":{"line":1273,"column":4},"end":{"line":1275,"column":6}},"541":{"start":{"line":1274,"column":8},"end":{"line":1274,"column":33}},"542":{"start":{"line":1279,"column":0},"end":{"line":1279,"column":59}},"543":{"start":{"line":1280,"column":0},"end":{"line":1280,"column":61}},"544":{"start":{"line":1281,"column":0},"end":{"line":1281,"column":67}},"545":{"start":{"line":1282,"column":0},"end":{"line":1282,"column":77}},"546":{"start":{"line":1285,"column":0},"end":{"line":1291,"column":1}},"547":{"start":{"line":1286,"column":4},"end":{"line":1286,"column":38}},"548":{"start":{"line":1288,"column":4},"end":{"line":1290,"column":14}},"549":{"start":{"line":1289,"column":8},"end":{"line":1289,"column":42}},"550":{"start":{"line":1296,"column":0},"end":{"line":1298,"column":1}},"551":{"start":{"line":1297,"column":4},"end":{"line":1297,"column":33}},"552":{"start":{"line":1300,"column":0},"end":{"line":1300,"column":44}},"553":{"start":{"line":1301,"column":0},"end":{"line":1301,"column":54}},"554":{"start":{"line":1302,"column":0},"end":{"line":1302,"column":54}},"555":{"start":{"line":1305,"column":0},"end":{"line":1305,"column":43}},"556":{"start":{"line":1309,"column":0},"end":{"line":1313,"column":6}},"557":{"start":{"line":1310,"column":4},"end":{"line":1312,"column":7}},"558":{"start":{"line":1311,"column":8},"end":{"line":1311,"column":38}},"559":{"start":{"line":1318,"column":0},"end":{"line":1333,"column":30}},"560":{"start":{"line":1319,"column":4},"end":{"line":1319,"column":36}},"561":{"start":{"line":1321,"column":4},"end":{"line":1321,"column":49}},"562":{"start":{"line":1324,"column":4},"end":{"line":1324,"column":34}},"563":{"start":{"line":1329,"column":4},"end":{"line":1331,"column":41}},"564":{"start":{"line":1330,"column":8},"end":{"line":1330,"column":60}},"565":{"start":{"line":1338,"column":0},"end":{"line":1435,"column":3}},"566":{"start":{"line":1340,"column":14},"end":{"line":1340,"column":40}},"567":{"start":{"line":1341,"column":16},"end":{"line":1341,"column":32}},"568":{"start":{"line":1345,"column":0},"end":{"line":1348,"column":2}},"569":{"start":{"line":1346,"column":4},"end":{"line":1346,"column":20}},"570":{"start":{"line":1347,"column":4},"end":{"line":1347,"column":24}},"571":{"start":{"line":1351,"column":4},"end":{"line":1353,"column":5}},"572":{"start":{"line":1352,"column":8},"end":{"line":1352,"column":69}},"573":{"start":{"line":1354,"column":4},"end":{"line":1354,"column":54}},"574":{"start":{"line":1355,"column":4},"end":{"line":1357,"column":5}},"575":{"start":{"line":1356,"column":8},"end":{"line":1356,"column":60}},"576":{"start":{"line":1361,"column":0},"end":{"line":1363,"column":2}},"577":{"start":{"line":1362,"column":4},"end":{"line":1362,"column":66}},"578":{"start":{"line":1365,"column":0},"end":{"line":1367,"column":2}},"579":{"start":{"line":1366,"column":4},"end":{"line":1366,"column":66}},"580":{"start":{"line":1369,"column":0},"end":{"line":1371,"column":2}},"581":{"start":{"line":1370,"column":4},"end":{"line":1370,"column":66}},"582":{"start":{"line":1373,"column":0},"end":{"line":1375,"column":2}},"583":{"start":{"line":1374,"column":4},"end":{"line":1374,"column":36}},"584":{"start":{"line":1378,"column":4},"end":{"line":1380,"column":5}},"585":{"start":{"line":1379,"column":8},"end":{"line":1379,"column":23}},"586":{"start":{"line":1381,"column":16},"end":{"line":1381,"column":37}},"587":{"start":{"line":1382,"column":14},"end":{"line":1382,"column":21}},"588":{"start":{"line":1383,"column":4},"end":{"line":1385,"column":5}},"589":{"start":{"line":1383,"column":17},"end":{"line":1383,"column":18}},"590":{"start":{"line":1384,"column":8},"end":{"line":1384,"column":42}},"591":{"start":{"line":1386,"column":4},"end":{"line":1386,"column":15}},"592":{"start":{"line":1389,"column":0},"end":{"line":1418,"column":2}},"593":{"start":{"line":1390,"column":22},"end":{"line":1390,"column":24}},"594":{"start":{"line":1391,"column":4},"end":{"line":1391,"column":42}},"595":{"start":{"line":1392,"column":4},"end":{"line":1417,"column":5}},"596":{"start":{"line":1392,"column":17},"end":{"line":1392,"column":18}},"597":{"start":{"line":1392,"column":26},"end":{"line":1392,"column":43}},"598":{"start":{"line":1393,"column":23},"end":{"line":1393,"column":36}},"599":{"start":{"line":1394,"column":25},"end":{"line":1394,"column":42}},"600":{"start":{"line":1395,"column":21},"end":{"line":1395,"column":40}},"601":{"start":{"line":1397,"column":8},"end":{"line":1399,"column":9}},"602":{"start":{"line":1398,"column":12},"end":{"line":1398,"column":21}},"603":{"start":{"line":1400,"column":25},"end":{"line":1400,"column":42}},"604":{"start":{"line":1401,"column":22},"end":{"line":1401,"column":49}},"605":{"start":{"line":1402,"column":24},"end":{"line":1402,"column":53}},"606":{"start":{"line":1403,"column":23},"end":{"line":1403,"column":53}},"607":{"start":{"line":1405,"column":29},"end":{"line":1405,"column":140}},"608":{"start":{"line":1406,"column":24},"end":{"line":1406,"column":60}},"609":{"start":{"line":1407,"column":21},"end":{"line":1407,"column":40}},"610":{"start":{"line":1409,"column":8},"end":{"line":1416,"column":9}},"611":{"start":{"line":1410,"column":12},"end":{"line":1410,"column":51}},"612":{"start":{"line":1411,"column":15},"end":{"line":1416,"column":9}},"613":{"start":{"line":1412,"column":12},"end":{"line":1414,"column":13}},"614":{"start":{"line":1413,"column":16},"end":{"line":1413,"column":49}},"615":{"start":{"line":1415,"column":12},"end":{"line":1415,"column":95}},"616":{"start":{"line":1420,"column":0},"end":{"line":1431,"column":2}},"617":{"start":{"line":1421,"column":22},"end":{"line":1421,"column":45}},"618":{"start":{"line":1422,"column":4},"end":{"line":1424,"column":5}},"619":{"start":{"line":1423,"column":8},"end":{"line":1423,"column":39}},"620":{"start":{"line":1425,"column":16},"end":{"line":1425,"column":37}},"621":{"start":{"line":1426,"column":14},"end":{"line":1426,"column":21}},"622":{"start":{"line":1427,"column":4},"end":{"line":1429,"column":5}},"623":{"start":{"line":1427,"column":17},"end":{"line":1427,"column":18}},"624":{"start":{"line":1428,"column":8},"end":{"line":1428,"column":35}},"625":{"start":{"line":1430,"column":4},"end":{"line":1430,"column":15}},"626":{"start":{"line":1433,"column":0},"end":{"line":1433,"column":16}},"627":{"start":{"line":1438,"column":0},"end":{"line":1545,"column":3}},"628":{"start":{"line":1441,"column":22},"end":{"line":1441,"column":26}},"629":{"start":{"line":1443,"column":0},"end":{"line":1502,"column":2}},"630":{"start":{"line":1446,"column":22},"end":{"line":1446,"column":48}},"631":{"start":{"line":1447,"column":22},"end":{"line":1447,"column":40}},"632":{"start":{"line":1448,"column":19},"end":{"line":1448,"column":42}},"633":{"start":{"line":1449,"column":27},"end":{"line":1449,"column":58}},"634":{"start":{"line":1452,"column":8},"end":{"line":1452,"column":20}},"635":{"start":{"line":1455,"column":8},"end":{"line":1455,"column":77}},"636":{"start":{"line":1457,"column":30},"end":{"line":1457,"column":104}},"637":{"start":{"line":1460,"column":32},"end":{"line":1460,"column":77}},"638":{"start":{"line":1461,"column":8},"end":{"line":1465,"column":10}},"639":{"start":{"line":1464,"column":12},"end":{"line":1464,"column":93}},"640":{"start":{"line":1468,"column":8},"end":{"line":1468,"column":54}},"641":{"start":{"line":1469,"column":8},"end":{"line":1469,"column":56}},"642":{"start":{"line":1473,"column":38},"end":{"line":1473,"column":92}},"643":{"start":{"line":1474,"column":12},"end":{"line":1476,"column":14}},"644":{"start":{"line":1475,"column":16},"end":{"line":1475,"column":105}},"645":{"start":{"line":1479,"column":8},"end":{"line":1479,"column":38}},"646":{"start":{"line":1480,"column":8},"end":{"line":1480,"column":40}},"647":{"start":{"line":1485,"column":38},"end":{"line":1485,"column":63}},"648":{"start":{"line":1487,"column":8},"end":{"line":1493,"column":10}},"649":{"start":{"line":1488,"column":12},"end":{"line":1488,"column":59}},"650":{"start":{"line":1490,"column":12},"end":{"line":1492,"column":13}},"651":{"start":{"line":1491,"column":16},"end":{"line":1491,"column":41}},"652":{"start":{"line":1497,"column":8},"end":{"line":1500,"column":11}},"653":{"start":{"line":1498,"column":12},"end":{"line":1498,"column":83}},"654":{"start":{"line":1499,"column":12},"end":{"line":1499,"column":58}},"655":{"start":{"line":1505,"column":18},"end":{"line":1505,"column":36}},"656":{"start":{"line":1506,"column":17},"end":{"line":1506,"column":27}},"657":{"start":{"line":1508,"column":4},"end":{"line":1542,"column":5}},"658":{"start":{"line":1519,"column":12},"end":{"line":1519,"column":46}},"659":{"start":{"line":1520,"column":12},"end":{"line":1520,"column":18}},"660":{"start":{"line":1522,"column":12},"end":{"line":1537,"column":13}},"661":{"start":{"line":1523,"column":16},"end":{"line":1532,"column":17}},"662":{"start":{"line":1524,"column":20},"end":{"line":1524,"column":60}},"663":{"start":{"line":1527,"column":30},"end":{"line":1527,"column":32}},"664":{"start":{"line":1528,"column":20},"end":{"line":1530,"column":21}},"665":{"start":{"line":1528,"column":32},"end":{"line":1528,"column":33}},"666":{"start":{"line":1529,"column":24},"end":{"line":1529,"column":47}},"667":{"start":{"line":1531,"column":20},"end":{"line":1531,"column":51}},"668":{"start":{"line":1536,"column":16},"end":{"line":1536,"column":38}},"669":{"start":{"line":1538,"column":12},"end":{"line":1538,"column":51}},"670":{"start":{"line":1539,"column":12},"end":{"line":1539,"column":18}},"671":{"start":{"line":1541,"column":12},"end":{"line":1541,"column":62}},"672":{"start":{"line":1548,"column":0},"end":{"line":1638,"column":3}},"673":{"start":{"line":1550,"column":11},"end":{"line":1550,"column":34}},"674":{"start":{"line":1551,"column":22},"end":{"line":1551,"column":107}},"675":{"start":{"line":1553,"column":0},"end":{"line":1636,"column":2}},"676":{"start":{"line":1558,"column":8},"end":{"line":1558,"column":60}},"677":{"start":{"line":1576,"column":8},"end":{"line":1576,"column":67}},"678":{"start":{"line":1583,"column":8},"end":{"line":1583,"column":63}},"679":{"start":{"line":1591,"column":8},"end":{"line":1591,"column":62}},"680":{"start":{"line":1599,"column":8},"end":{"line":1599,"column":61}},"681":{"start":{"line":1612,"column":8},"end":{"line":1612,"column":76}},"682":{"start":{"line":1627,"column":8},"end":{"line":1627,"column":80}},"683":{"start":{"line":1634,"column":8},"end":{"line":1634,"column":64}},"684":{"start":{"line":1641,"column":0},"end":{"line":1748,"column":3}},"685":{"start":{"line":1643,"column":19},"end":{"line":1643,"column":50}},"686":{"start":{"line":1647,"column":0},"end":{"line":1655,"column":2}},"687":{"start":{"line":1648,"column":17},"end":{"line":1648,"column":49}},"688":{"start":{"line":1650,"column":4},"end":{"line":1650,"column":27}},"689":{"start":{"line":1652,"column":4},"end":{"line":1652,"column":29}},"690":{"start":{"line":1653,"column":4},"end":{"line":1653,"column":21}},"691":{"start":{"line":1654,"column":4},"end":{"line":1654,"column":38}},"692":{"start":{"line":1658,"column":4},"end":{"line":1658,"column":32}},"693":{"start":{"line":1659,"column":4},"end":{"line":1669,"column":5}},"694":{"start":{"line":1660,"column":8},"end":{"line":1660,"column":17}},"695":{"start":{"line":1662,"column":8},"end":{"line":1668,"column":20}},"696":{"start":{"line":1663,"column":12},"end":{"line":1667,"column":13}},"697":{"start":{"line":1664,"column":16},"end":{"line":1664,"column":25}},"698":{"start":{"line":1666,"column":16},"end":{"line":1666,"column":26}},"699":{"start":{"line":1674,"column":4},"end":{"line":1691,"column":5}},"700":{"start":{"line":1674,"column":17},"end":{"line":1674,"column":18}},"701":{"start":{"line":1675,"column":8},"end":{"line":1679,"column":9}},"702":{"start":{"line":1676,"column":12},"end":{"line":1678,"column":13}},"703":{"start":{"line":1676,"column":25},"end":{"line":1676,"column":26}},"704":{"start":{"line":1677,"column":16},"end":{"line":1677,"column":69}},"705":{"start":{"line":1681,"column":8},"end":{"line":1685,"column":9}},"706":{"start":{"line":1682,"column":12},"end":{"line":1684,"column":13}},"707":{"start":{"line":1682,"column":25},"end":{"line":1682,"column":26}},"708":{"start":{"line":1683,"column":16},"end":{"line":1683,"column":65}},"709":{"start":{"line":1688,"column":8},"end":{"line":1690,"column":9}},"710":{"start":{"line":1689,"column":12},"end":{"line":1689,"column":41}},"711":{"start":{"line":1693,"column":4},"end":{"line":1693,"column":26}},"712":{"start":{"line":1702,"column":24},"end":{"line":1702,"column":41}},"713":{"start":{"line":1704,"column":4},"end":{"line":1707,"column":5}},"714":{"start":{"line":1705,"column":8},"end":{"line":1705,"column":30}},"715":{"start":{"line":1706,"column":8},"end":{"line":1706,"column":15}},"716":{"start":{"line":1709,"column":8},"end":{"line":1711,"column":9}},"717":{"start":{"line":1710,"column":12},"end":{"line":1710,"column":69}},"718":{"start":{"line":1714,"column":4},"end":{"line":1716,"column":5}},"719":{"start":{"line":1714,"column":17},"end":{"line":1714,"column":18}},"720":{"start":{"line":1715,"column":8},"end":{"line":1715,"column":93}},"721":{"start":{"line":1720,"column":15},"end":{"line":1720,"column":19}},"722":{"start":{"line":1721,"column":18},"end":{"line":1721,"column":57}},"723":{"start":{"line":1722,"column":15},"end":{"line":1722,"column":28}},"724":{"start":{"line":1723,"column":4},"end":{"line":1729,"column":5}},"725":{"start":{"line":1723,"column":17},"end":{"line":1723,"column":35}},"726":{"start":{"line":1724,"column":18},"end":{"line":1724,"column":53}},"727":{"start":{"line":1725,"column":8},"end":{"line":1728,"column":9}},"728":{"start":{"line":1726,"column":12},"end":{"line":1726,"column":68}},"729":{"start":{"line":1727,"column":12},"end":{"line":1727,"column":18}},"730":{"start":{"line":1730,"column":4},"end":{"line":1730,"column":16}},"731":{"start":{"line":1736,"column":0},"end":{"line":1746,"column":2}},"732":{"start":{"line":1737,"column":21},"end":{"line":1737,"column":38}},"733":{"start":{"line":1738,"column":4},"end":{"line":1741,"column":5}},"734":{"start":{"line":1739,"column":8},"end":{"line":1739,"column":86}},"735":{"start":{"line":1740,"column":8},"end":{"line":1740,"column":24}},"736":{"start":{"line":1742,"column":4},"end":{"line":1745,"column":17}},"737":{"start":{"line":1743,"column":25},"end":{"line":1743,"column":55}},"738":{"start":{"line":1744,"column":8},"end":{"line":1744,"column":62}},"739":{"start":{"line":1751,"column":0},"end":{"line":1763,"column":3}},"740":{"start":{"line":1757,"column":0},"end":{"line":1761,"column":2}},"741":{"start":{"line":1758,"column":19},"end":{"line":1758,"column":46}},"742":{"start":{"line":1759,"column":4},"end":{"line":1759,"column":24}},"743":{"start":{"line":1760,"column":4},"end":{"line":1760,"column":25}},"744":{"start":{"line":1766,"column":0},"end":{"line":1929,"column":3}},"745":{"start":{"line":1768,"column":12},"end":{"line":1768,"column":19}},"746":{"start":{"line":1773,"column":0},"end":{"line":1789,"column":2}},"747":{"start":{"line":1774,"column":4},"end":{"line":1788,"column":5}},"748":{"start":{"line":1775,"column":19},"end":{"line":1778,"column":9}},"749":{"start":{"line":1779,"column":8},"end":{"line":1781,"column":9}},"750":{"start":{"line":1780,"column":12},"end":{"line":1780,"column":35}},"751":{"start":{"line":1782,"column":8},"end":{"line":1782,"column":46}},"752":{"start":{"line":1784,"column":8},"end":{"line":1784,"column":43}},"753":{"start":{"line":1785,"column":8},"end":{"line":1787,"column":9}},"754":{"start":{"line":1786,"column":12},"end":{"line":1786,"column":51}},"755":{"start":{"line":1794,"column":0},"end":{"line":1794,"column":46}},"756":{"start":{"line":1796,"column":0},"end":{"line":1807,"column":2}},"757":{"start":{"line":1797,"column":4},"end":{"line":1799,"column":5}},"758":{"start":{"line":1798,"column":8},"end":{"line":1798,"column":31}},"759":{"start":{"line":1800,"column":14},"end":{"line":1800,"column":22}},"760":{"start":{"line":1801,"column":4},"end":{"line":1805,"column":5}},"761":{"start":{"line":1801,"column":17},"end":{"line":1801,"column":18}},"762":{"start":{"line":1802,"column":8},"end":{"line":1804,"column":9}},"763":{"start":{"line":1803,"column":12},"end":{"line":1803,"column":21}},"764":{"start":{"line":1806,"column":4},"end":{"line":1806,"column":14}},"765":{"start":{"line":1812,"column":0},"end":{"line":1818,"column":2}},"766":{"start":{"line":1813,"column":16},"end":{"line":1813,"column":43}},"767":{"start":{"line":1814,"column":4},"end":{"line":1816,"column":5}},"768":{"start":{"line":1815,"column":8},"end":{"line":1815,"column":27}},"769":{"start":{"line":1817,"column":4},"end":{"line":1817,"column":24}},"770":{"start":{"line":1820,"column":0},"end":{"line":1822,"column":2}},"771":{"start":{"line":1821,"column":4},"end":{"line":1821,"column":60}},"772":{"start":{"line":1827,"column":0},"end":{"line":1828,"column":71}},"773":{"start":{"line":1828,"column":31},"end":{"line":1828,"column":68}},"774":{"start":{"line":1833,"column":0},"end":{"line":1835,"column":2}},"775":{"start":{"line":1834,"column":4},"end":{"line":1834,"column":31}},"776":{"start":{"line":1840,"column":0},"end":{"line":1865,"column":2}},"777":{"start":{"line":1841,"column":4},"end":{"line":1843,"column":5}},"778":{"start":{"line":1842,"column":8},"end":{"line":1842,"column":19}},"779":{"start":{"line":1847,"column":4},"end":{"line":1853,"column":5}},"780":{"start":{"line":1848,"column":8},"end":{"line":1848,"column":20}},"781":{"start":{"line":1849,"column":8},"end":{"line":1851,"column":9}},"782":{"start":{"line":1850,"column":12},"end":{"line":1850,"column":45}},"783":{"start":{"line":1852,"column":8},"end":{"line":1852,"column":22}},"784":{"start":{"line":1855,"column":4},"end":{"line":1855,"column":16}},"785":{"start":{"line":1856,"column":4},"end":{"line":1863,"column":5}},"786":{"start":{"line":1860,"column":8},"end":{"line":1862,"column":9}},"787":{"start":{"line":1861,"column":12},"end":{"line":1861,"column":44}},"788":{"start":{"line":1864,"column":4},"end":{"line":1864,"column":18}},"789":{"start":{"line":1870,"column":0},"end":{"line":1875,"column":2}},"790":{"start":{"line":1871,"column":4},"end":{"line":1874,"column":6}},"791":{"start":{"line":1872,"column":19},"end":{"line":1872,"column":38}},"792":{"start":{"line":1873,"column":8},"end":{"line":1873,"column":41}},"793":{"start":{"line":1879,"column":19},"end":{"line":1879,"column":21}},"794":{"start":{"line":1880,"column":4},"end":{"line":1886,"column":5}},"795":{"start":{"line":1880,"column":17},"end":{"line":1880,"column":18}},"796":{"start":{"line":1881,"column":23},"end":{"line":1881,"column":71}},"797":{"start":{"line":1882,"column":8},"end":{"line":1884,"column":9}},"798":{"start":{"line":1883,"column":12},"end":{"line":1883,"column":38}},"799":{"start":{"line":1885,"column":8},"end":{"line":1885,"column":29}},"800":{"start":{"line":1887,"column":4},"end":{"line":1887,"column":20}},"801":{"start":{"line":1893,"column":0},"end":{"line":1899,"column":2}},"802":{"start":{"line":1894,"column":4},"end":{"line":1898,"column":26}},"803":{"start":{"line":1905,"column":0},"end":{"line":1916,"column":5}},"804":{"start":{"line":1907,"column":12},"end":{"line":1907,"column":26}},"805":{"start":{"line":1909,"column":4},"end":{"line":1915,"column":6}},"806":{"start":{"line":1911,"column":8},"end":{"line":1911,"column":39}},"807":{"start":{"line":1912,"column":8},"end":{"line":1912,"column":34}},"808":{"start":{"line":1913,"column":8},"end":{"line":1913,"column":43}},"809":{"start":{"line":1914,"column":8},"end":{"line":1914,"column":44}},"810":{"start":{"line":1921,"column":0},"end":{"line":1927,"column":2}},"811":{"start":{"line":1922,"column":4},"end":{"line":1926,"column":5}},"812":{"start":{"line":1923,"column":8},"end":{"line":1923,"column":26}},"813":{"start":{"line":1924,"column":11},"end":{"line":1926,"column":5}},"814":{"start":{"line":1925,"column":8},"end":{"line":1925,"column":25}},"815":{"start":{"line":1931,"column":0},"end":{"line":1931,"column":36}},"816":{"start":{"line":1933,"column":0},"end":{"line":1933,"column":24}}},"fnMap":{"0":{"name":"(anonymous_0)","decl":{"start":{"line":21,"column":2},"end":{"line":21,"column":3}},"loc":{"start":{"line":21,"column":13},"end":{"line":1935,"column":1}},"line":21},"1":{"name":"(anonymous_1)","decl":{"start":{"line":27,"column":1},"end":{"line":27,"column":2}},"loc":{"start":{"line":27,"column":13},"end":{"line":87,"column":1}},"line":27},"2":{"name":"build","decl":{"start":{"line":35,"column":13},"end":{"line":35,"column":18}},"loc":{"start":{"line":35,"column":28},"end":{"line":49,"column":5}},"line":35},"3":{"name":"(anonymous_3)","decl":{"start":{"line":37,"column":27},"end":{"line":37,"column":28}},"loc":{"start":{"line":37,"column":41},"end":{"line":44,"column":9}},"line":37},"4":{"name":"(anonymous_4)","decl":{"start":{"line":51,"column":14},"end":{"line":51,"column":15}},"loc":{"start":{"line":51,"column":28},"end":{"line":69,"column":5}},"line":51},"5":{"name":"(anonymous_5)","decl":{"start":{"line":71,"column":13},"end":{"line":71,"column":14}},"loc":{"start":{"line":71,"column":36},"end":{"line":80,"column":5}},"line":71},"6":{"name":"(anonymous_6)","decl":{"start":{"line":82,"column":20},"end":{"line":82,"column":21}},"loc":{"start":{"line":82,"column":34},"end":{"line":84,"column":5}},"line":82},"7":{"name":"(anonymous_7)","decl":{"start":{"line":96,"column":18},"end":{"line":96,"column":19}},"loc":{"start":{"line":96,"column":53},"end":{"line":324,"column":1}},"line":96},"8":{"name":"(anonymous_8)","decl":{"start":{"line":122,"column":28},"end":{"line":122,"column":29}},"loc":{"start":{"line":122,"column":61},"end":{"line":129,"column":1}},"line":122},"9":{"name":"(anonymous_9)","decl":{"start":{"line":131,"column":26},"end":{"line":131,"column":27}},"loc":{"start":{"line":131,"column":59},"end":{"line":138,"column":1}},"line":131},"10":{"name":"(anonymous_10)","decl":{"start":{"line":140,"column":31},"end":{"line":140,"column":32}},"loc":{"start":{"line":140,"column":64},"end":{"line":148,"column":1}},"line":140},"11":{"name":"(anonymous_11)","decl":{"start":{"line":150,"column":29},"end":{"line":150,"column":30}},"loc":{"start":{"line":150,"column":62},"end":{"line":158,"column":1}},"line":150},"12":{"name":"createEvent","decl":{"start":{"line":160,"column":9},"end":{"line":160,"column":20}},"loc":{"start":{"line":160,"column":34},"end":{"line":171,"column":1}},"line":160},"13":{"name":"(anonymous_13)","decl":{"start":{"line":186,"column":27},"end":{"line":186,"column":28}},"loc":{"start":{"line":186,"column":44},"end":{"line":188,"column":5}},"line":186},"14":{"name":"(anonymous_14)","decl":{"start":{"line":189,"column":35},"end":{"line":189,"column":36}},"loc":{"start":{"line":189,"column":52},"end":{"line":191,"column":5}},"line":189},"15":{"name":"(anonymous_15)","decl":{"start":{"line":192,"column":29},"end":{"line":192,"column":30}},"loc":{"start":{"line":192,"column":46},"end":{"line":194,"column":5}},"line":192},"16":{"name":"(anonymous_16)","decl":{"start":{"line":195,"column":30},"end":{"line":195,"column":31}},"loc":{"start":{"line":195,"column":47},"end":{"line":197,"column":5}},"line":195},"17":{"name":"(anonymous_17)","decl":{"start":{"line":198,"column":32},"end":{"line":198,"column":33}},"loc":{"start":{"line":198,"column":49},"end":{"line":200,"column":5}},"line":198},"18":{"name":"(anonymous_18)","decl":{"start":{"line":206,"column":25},"end":{"line":206,"column":26}},"loc":{"start":{"line":206,"column":37},"end":{"line":209,"column":5}},"line":206},"19":{"name":"(anonymous_19)","decl":{"start":{"line":214,"column":23},"end":{"line":214,"column":24}},"loc":{"start":{"line":214,"column":56},"end":{"line":231,"column":5}},"line":214},"20":{"name":"(anonymous_20)","decl":{"start":{"line":220,"column":27},"end":{"line":220,"column":28}},"loc":{"start":{"line":220,"column":39},"end":{"line":226,"column":17}},"line":220},"21":{"name":"(anonymous_21)","decl":{"start":{"line":232,"column":21},"end":{"line":232,"column":22}},"loc":{"start":{"line":232,"column":43},"end":{"line":241,"column":5}},"line":232},"22":{"name":"(anonymous_22)","decl":{"start":{"line":235,"column":23},"end":{"line":235,"column":24}},"loc":{"start":{"line":235,"column":35},"end":{"line":237,"column":13}},"line":235},"23":{"name":"(anonymous_23)","decl":{"start":{"line":266,"column":21},"end":{"line":266,"column":22}},"loc":{"start":{"line":266,"column":49},"end":{"line":268,"column":5}},"line":266},"24":{"name":"(anonymous_24)","decl":{"start":{"line":273,"column":19},"end":{"line":273,"column":20}},"loc":{"start":{"line":273,"column":47},"end":{"line":277,"column":5}},"line":273},"25":{"name":"(anonymous_25)","decl":{"start":{"line":282,"column":24},"end":{"line":282,"column":25}},"loc":{"start":{"line":282,"column":85},"end":{"line":310,"column":5}},"line":282},"26":{"name":"(anonymous_26)","decl":{"start":{"line":311,"column":20},"end":{"line":311,"column":21}},"loc":{"start":{"line":311,"column":36},"end":{"line":319,"column":5}},"line":311},"27":{"name":"(anonymous_27)","decl":{"start":{"line":312,"column":41},"end":{"line":312,"column":42}},"loc":{"start":{"line":312,"column":53},"end":{"line":318,"column":9}},"line":312},"28":{"name":"(anonymous_28)","decl":{"start":{"line":327,"column":44},"end":{"line":327,"column":45}},"loc":{"start":{"line":327,"column":79},"end":{"line":347,"column":1}},"line":327},"29":{"name":"(anonymous_29)","decl":{"start":{"line":337,"column":9},"end":{"line":337,"column":10}},"loc":{"start":{"line":337,"column":20},"end":{"line":337,"column":42}},"line":337},"30":{"name":"(anonymous_30)","decl":{"start":{"line":338,"column":21},"end":{"line":338,"column":22}},"loc":{"start":{"line":338,"column":37},"end":{"line":340,"column":5}},"line":338},"31":{"name":"(anonymous_31)","decl":{"start":{"line":342,"column":9},"end":{"line":342,"column":10}},"loc":{"start":{"line":342,"column":25},"end":{"line":344,"column":5}},"line":342},"32":{"name":"(anonymous_32)","decl":{"start":{"line":350,"column":47},"end":{"line":350,"column":48}},"loc":{"start":{"line":350,"column":82},"end":{"line":369,"column":1}},"line":350},"33":{"name":"(anonymous_33)","decl":{"start":{"line":358,"column":10},"end":{"line":358,"column":11}},"loc":{"start":{"line":358,"column":72},"end":{"line":360,"column":5}},"line":358},"34":{"name":"(anonymous_34)","decl":{"start":{"line":361,"column":29},"end":{"line":361,"column":30}},"loc":{"start":{"line":361,"column":59},"end":{"line":363,"column":5}},"line":361},"35":{"name":"(anonymous_35)","decl":{"start":{"line":364,"column":24},"end":{"line":364,"column":25}},"loc":{"start":{"line":364,"column":64},"end":{"line":366,"column":5}},"line":364},"36":{"name":"(anonymous_36)","decl":{"start":{"line":372,"column":28},"end":{"line":372,"column":29}},"loc":{"start":{"line":372,"column":63},"end":{"line":462,"column":1}},"line":372},"37":{"name":"extractParamName","decl":{"start":{"line":387,"column":9},"end":{"line":387,"column":25}},"loc":{"start":{"line":387,"column":45},"end":{"line":389,"column":1}},"line":387},"38":{"name":"checkArgs","decl":{"start":{"line":420,"column":9},"end":{"line":420,"column":18}},"loc":{"start":{"line":420,"column":58},"end":{"line":452,"column":1}},"line":420},"39":{"name":"getValue","decl":{"start":{"line":454,"column":9},"end":{"line":454,"column":17}},"loc":{"start":{"line":454,"column":40},"end":{"line":456,"column":1}},"line":454},"40":{"name":"(anonymous_40)","decl":{"start":{"line":465,"column":25},"end":{"line":465,"column":26}},"loc":{"start":{"line":465,"column":60},"end":{"line":528,"column":1}},"line":465},"41":{"name":"(anonymous_41)","decl":{"start":{"line":469,"column":25},"end":{"line":469,"column":26}},"loc":{"start":{"line":469,"column":48},"end":{"line":472,"column":1}},"line":469},"42":{"name":"(anonymous_42)","decl":{"start":{"line":474,"column":23},"end":{"line":474,"column":24}},"loc":{"start":{"line":474,"column":38},"end":{"line":482,"column":1}},"line":474},"43":{"name":"(anonymous_43)","decl":{"start":{"line":494,"column":21},"end":{"line":494,"column":22}},"loc":{"start":{"line":494,"column":33},"end":{"line":503,"column":1}},"line":494},"44":{"name":"(anonymous_44)","decl":{"start":{"line":501,"column":21},"end":{"line":501,"column":22}},"loc":{"start":{"line":501,"column":33},"end":{"line":501,"column":54}},"line":501},"45":{"name":"uint8ToBase64","decl":{"start":{"line":505,"column":9},"end":{"line":505,"column":22}},"loc":{"start":{"line":505,"column":33},"end":{"line":526,"column":1}},"line":505},"46":{"name":"(anonymous_46)","decl":{"start":{"line":531,"column":26},"end":{"line":531,"column":27}},"loc":{"start":{"line":531,"column":61},"end":{"line":646,"column":1}},"line":531},"47":{"name":"each","decl":{"start":{"line":535,"column":9},"end":{"line":535,"column":13}},"loc":{"start":{"line":535,"column":39},"end":{"line":541,"column":1}},"line":535},"48":{"name":"clobber","decl":{"start":{"line":543,"column":9},"end":{"line":543,"column":16}},"loc":{"start":{"line":543,"column":35},"end":{"line":557,"column":1}},"line":543},"49":{"name":"(anonymous_49)","decl":{"start":{"line":553,"column":37},"end":{"line":553,"column":38}},"loc":{"start":{"line":553,"column":49},"end":{"line":555,"column":9}},"line":553},"50":{"name":"assignOrWrapInDeprecateGetter","decl":{"start":{"line":559,"column":9},"end":{"line":559,"column":38}},"loc":{"start":{"line":559,"column":66},"end":{"line":570,"column":1}},"line":559},"51":{"name":"(anonymous_51)","decl":{"start":{"line":561,"column":37},"end":{"line":561,"column":38}},"loc":{"start":{"line":561,"column":49},"end":{"line":566,"column":9}},"line":561},"52":{"name":"include","decl":{"start":{"line":572,"column":9},"end":{"line":572,"column":16}},"loc":{"start":{"line":572,"column":51},"end":{"line":607,"column":1}},"line":572},"53":{"name":"(anonymous_53)","decl":{"start":{"line":573,"column":18},"end":{"line":573,"column":19}},"loc":{"start":{"line":573,"column":38},"end":{"line":606,"column":5}},"line":573},"54":{"name":"recursiveMerge","decl":{"start":{"line":616,"column":9},"end":{"line":616,"column":23}},"loc":{"start":{"line":616,"column":38},"end":{"line":631,"column":1}},"line":616},"55":{"name":"(anonymous_55)","decl":{"start":{"line":633,"column":35},"end":{"line":633,"column":36}},"loc":{"start":{"line":633,"column":62},"end":{"line":635,"column":1}},"line":633},"56":{"name":"(anonymous_56)","decl":{"start":{"line":636,"column":30},"end":{"line":636,"column":31}},"loc":{"start":{"line":636,"column":57},"end":{"line":638,"column":1}},"line":636},"57":{"name":"(anonymous_57)","decl":{"start":{"line":639,"column":28},"end":{"line":639,"column":29}},"loc":{"start":{"line":639,"column":55},"end":{"line":641,"column":1}},"line":639},"58":{"name":"(anonymous_58)","decl":{"start":{"line":644,"column":32},"end":{"line":644,"column":33}},"loc":{"start":{"line":644,"column":44},"end":{"line":644,"column":46}},"line":644},"59":{"name":"(anonymous_59)","decl":{"start":{"line":649,"column":26},"end":{"line":649,"column":27}},"loc":{"start":{"line":649,"column":61},"end":{"line":908,"column":1}},"line":649},"60":{"name":"(anonymous_60)","decl":{"start":{"line":692,"column":14},"end":{"line":692,"column":15}},"loc":{"start":{"line":692,"column":38},"end":{"line":705,"column":1}},"line":692},"61":{"name":"(anonymous_61)","decl":{"start":{"line":711,"column":10},"end":{"line":711,"column":11}},"loc":{"start":{"line":711,"column":26},"end":{"line":724,"column":5}},"line":711},"62":{"name":"(anonymous_62)","decl":{"start":{"line":714,"column":16},"end":{"line":714,"column":17}},"loc":{"start":{"line":714,"column":28},"end":{"line":716,"column":9}},"line":714},"63":{"name":"(anonymous_63)","decl":{"start":{"line":726,"column":12},"end":{"line":726,"column":13}},"loc":{"start":{"line":726,"column":28},"end":{"line":728,"column":5}},"line":726},"64":{"name":"(anonymous_64)","decl":{"start":{"line":729,"column":18},"end":{"line":729,"column":19}},"loc":{"start":{"line":729,"column":34},"end":{"line":731,"column":5}},"line":729},"65":{"name":"(anonymous_65)","decl":{"start":{"line":746,"column":27},"end":{"line":746,"column":28}},"loc":{"start":{"line":746,"column":46},"end":{"line":752,"column":5}},"line":746},"66":{"name":"(anonymous_66)","decl":{"start":{"line":759,"column":28},"end":{"line":759,"column":29}},"loc":{"start":{"line":759,"column":47},"end":{"line":764,"column":5}},"line":759},"67":{"name":"checkSubscriptionArgument","decl":{"start":{"line":767,"column":9},"end":{"line":767,"column":34}},"loc":{"start":{"line":767,"column":46},"end":{"line":774,"column":1}},"line":767},"68":{"name":"(anonymous_68)","decl":{"start":{"line":783,"column":30},"end":{"line":783,"column":31}},"loc":{"start":{"line":783,"column":80},"end":{"line":821,"column":1}},"line":783},"69":{"name":"(anonymous_69)","decl":{"start":{"line":826,"column":32},"end":{"line":826,"column":33}},"loc":{"start":{"line":826,"column":67},"end":{"line":847,"column":1}},"line":826},"70":{"name":"(anonymous_70)","decl":{"start":{"line":852,"column":25},"end":{"line":852,"column":26}},"loc":{"start":{"line":852,"column":38},"end":{"line":876,"column":1}},"line":852},"71":{"name":"(anonymous_71)","decl":{"start":{"line":911,"column":23},"end":{"line":911,"column":24}},"loc":{"start":{"line":911,"column":58},"end":{"line":1179,"column":1}},"line":911},"72":{"name":"(anonymous_72)","decl":{"start":{"line":956,"column":33},"end":{"line":956,"column":34}},"loc":{"start":{"line":956,"column":46},"end":{"line":956,"column":75}},"line":956},"73":{"name":"(anonymous_73)","decl":{"start":{"line":956,"column":78},"end":{"line":956,"column":79}},"loc":{"start":{"line":956,"column":91},"end":{"line":956,"column":110}},"line":956},"74":{"name":"androidExec","decl":{"start":{"line":958,"column":9},"end":{"line":958,"column":20}},"loc":{"start":{"line":958,"column":59},"end":{"line":1000,"column":1}},"line":958},"75":{"name":"(anonymous_75)","decl":{"start":{"line":1002,"column":19},"end":{"line":1002,"column":20}},"loc":{"start":{"line":1002,"column":30},"end":{"line":1005,"column":1}},"line":1002},"76":{"name":"pollOnceFromOnlineEvent","decl":{"start":{"line":1007,"column":9},"end":{"line":1007,"column":32}},"loc":{"start":{"line":1007,"column":35},"end":{"line":1009,"column":1}},"line":1007},"77":{"name":"pollOnce","decl":{"start":{"line":1011,"column":9},"end":{"line":1011,"column":17}},"loc":{"start":{"line":1011,"column":39},"end":{"line":1023,"column":1}},"line":1011},"78":{"name":"pollingTimerFunc","decl":{"start":{"line":1025,"column":9},"end":{"line":1025,"column":25}},"loc":{"start":{"line":1025,"column":28},"end":{"line":1030,"column":1}},"line":1025},"79":{"name":"hookOnlineApis","decl":{"start":{"line":1032,"column":9},"end":{"line":1032,"column":23}},"loc":{"start":{"line":1032,"column":26},"end":{"line":1046,"column":1}},"line":1032},"80":{"name":"proxyEvent","decl":{"start":{"line":1033,"column":13},"end":{"line":1033,"column":23}},"loc":{"start":{"line":1033,"column":27},"end":{"line":1035,"column":5}},"line":1033},"81":{"name":"(anonymous_81)","decl":{"start":{"line":1053,"column":38},"end":{"line":1053,"column":39}},"loc":{"start":{"line":1053,"column":53},"end":{"line":1059,"column":1}},"line":1053},"82":{"name":"(anonymous_82)","decl":{"start":{"line":1061,"column":38},"end":{"line":1061,"column":39}},"loc":{"start":{"line":1061,"column":53},"end":{"line":1080,"column":1}},"line":1061},"83":{"name":"buildPayload","decl":{"start":{"line":1082,"column":9},"end":{"line":1082,"column":21}},"loc":{"start":{"line":1082,"column":40},"end":{"line":1111,"column":1}},"line":1082},"84":{"name":"processMessage","decl":{"start":{"line":1114,"column":9},"end":{"line":1114,"column":23}},"loc":{"start":{"line":1114,"column":33},"end":{"line":1133,"column":1}},"line":1114},"85":{"name":"processMessages","decl":{"start":{"line":1135,"column":9},"end":{"line":1135,"column":24}},"loc":{"start":{"line":1135,"column":27},"end":{"line":1159,"column":1}},"line":1135},"86":{"name":"popMessageFromQueue","decl":{"start":{"line":1161,"column":9},"end":{"line":1161,"column":28}},"loc":{"start":{"line":1161,"column":31},"end":{"line":1175,"column":1}},"line":1161},"87":{"name":"(anonymous_87)","decl":{"start":{"line":1182,"column":29},"end":{"line":1182,"column":30}},"loc":{"start":{"line":1182,"column":64},"end":{"line":1209,"column":1}},"line":1182},"88":{"name":"(anonymous_88)","decl":{"start":{"line":1190,"column":9},"end":{"line":1190,"column":10}},"loc":{"start":{"line":1190,"column":33},"end":{"line":1194,"column":5}},"line":1190},"89":{"name":"(anonymous_89)","decl":{"start":{"line":1197,"column":12},"end":{"line":1197,"column":13}},"loc":{"start":{"line":1197,"column":26},"end":{"line":1202,"column":5}},"line":1197},"90":{"name":"(anonymous_90)","decl":{"start":{"line":1204,"column":9},"end":{"line":1204,"column":10}},"loc":{"start":{"line":1204,"column":36},"end":{"line":1206,"column":5}},"line":1204},"91":{"name":"(anonymous_91)","decl":{"start":{"line":1212,"column":23},"end":{"line":1212,"column":24}},"loc":{"start":{"line":1212,"column":58},"end":{"line":1335,"column":1}},"line":1212},"92":{"name":"logUnfiredChannels","decl":{"start":{"line":1223,"column":9},"end":{"line":1223,"column":27}},"loc":{"start":{"line":1223,"column":34},"end":{"line":1229,"column":1}},"line":1223},"93":{"name":"(anonymous_93)","decl":{"start":{"line":1231,"column":18},"end":{"line":1231,"column":19}},"loc":{"start":{"line":1231,"column":30},"end":{"line":1237,"column":1}},"line":1231},"94":{"name":"replaceNavigator","decl":{"start":{"line":1241,"column":9},"end":{"line":1241,"column":25}},"loc":{"start":{"line":1241,"column":42},"end":{"line":1261,"column":1}},"line":1241},"95":{"name":"(anonymous_95)","decl":{"start":{"line":1242,"column":27},"end":{"line":1242,"column":28}},"loc":{"start":{"line":1242,"column":39},"end":{"line":1242,"column":41}},"line":1242},"96":{"name":"(anonymous_96)","decl":{"start":{"line":1252,"column":17},"end":{"line":1252,"column":18}},"loc":{"start":{"line":1252,"column":30},"end":{"line":1256,"column":17}},"line":1252},"97":{"name":"(anonymous_97)","decl":{"start":{"line":1253,"column":64},"end":{"line":1253,"column":65}},"loc":{"start":{"line":1253,"column":76},"end":{"line":1255,"column":21}},"line":1253},"98":{"name":"(anonymous_98)","decl":{"start":{"line":1269,"column":13},"end":{"line":1269,"column":14}},"loc":{"start":{"line":1269,"column":25},"end":{"line":1269,"column":27}},"line":1269},"99":{"name":"(anonymous_99)","decl":{"start":{"line":1273,"column":26},"end":{"line":1273,"column":27}},"loc":{"start":{"line":1273,"column":41},"end":{"line":1275,"column":5}},"line":1273},"100":{"name":"(anonymous_100)","decl":{"start":{"line":1288,"column":50},"end":{"line":1288,"column":51}},"loc":{"start":{"line":1288,"column":62},"end":{"line":1290,"column":5}},"line":1288},"101":{"name":"(anonymous_101)","decl":{"start":{"line":1309,"column":11},"end":{"line":1309,"column":12}},"loc":{"start":{"line":1309,"column":23},"end":{"line":1313,"column":1}},"line":1309},"102":{"name":"(anonymous_102)","decl":{"start":{"line":1310,"column":22},"end":{"line":1310,"column":23}},"loc":{"start":{"line":1310,"column":34},"end":{"line":1312,"column":5}},"line":1310},"103":{"name":"(anonymous_103)","decl":{"start":{"line":1318,"column":13},"end":{"line":1318,"column":14}},"loc":{"start":{"line":1318,"column":25},"end":{"line":1333,"column":1}},"line":1318},"104":{"name":"(anonymous_104)","decl":{"start":{"line":1329,"column":17},"end":{"line":1329,"column":18}},"loc":{"start":{"line":1329,"column":29},"end":{"line":1331,"column":5}},"line":1329},"105":{"name":"(anonymous_105)","decl":{"start":{"line":1338,"column":31},"end":{"line":1338,"column":32}},"loc":{"start":{"line":1338,"column":66},"end":{"line":1435,"column":1}},"line":1338},"106":{"name":"(anonymous_106)","decl":{"start":{"line":1345,"column":16},"end":{"line":1345,"column":17}},"loc":{"start":{"line":1345,"column":28},"end":{"line":1348,"column":1}},"line":1345},"107":{"name":"addEntry","decl":{"start":{"line":1350,"column":9},"end":{"line":1350,"column":17}},"loc":{"start":{"line":1350,"column":77},"end":{"line":1358,"column":1}},"line":1350},"108":{"name":"(anonymous_108)","decl":{"start":{"line":1361,"column":19},"end":{"line":1361,"column":20}},"loc":{"start":{"line":1361,"column":77},"end":{"line":1363,"column":1}},"line":1361},"109":{"name
[...]
,"D:\\mobile-wallet\\client\\src\\store\\app\\index.js": {"path":"D:\\mobile-wallet\\client\\src\\store\\app\\index.js","statementMap":{},"fnMap":{},"branchMap":{},"s":{},"f":{},"b":{},"hash":"211e7771abbd577b49b16b2ffe401b1f7add2cd2"}
,"D:\\mobile-wallet\\client\\src\\store\\app\\mutations.js": {"path":"D:\\mobile-wallet\\client\\src\\store\\app\\mutations.js","statementMap":{"0":{"start":{"line":10,"column":18},"end":{"line":26,"column":1}},"1":{"start":{"line":12,"column":4},"end":{"line":12,"column":19}},"2":{"start":{"line":15,"column":4},"end":{"line":15,"column":31}},"3":{"start":{"line":18,"column":4},"end":{"line":18,"column":29}},"4":{"start":{"line":21,"column":4},"end":{"line":21,"column":23}},"5":{"start":{"line":24,"column":4},"end":{"line":24,"column":25}}},"fnMap":{"0":{"name":"(anonymous_0)","decl":{"start":{"line":11,"column":13},"end":{"line":11,"column":14}},"loc":{"start":{"line":11,"column":33},"end":{"line":13,"column":3}},"line":11},"1":{"name":"(anonymous_1)","decl":{"start":{"line":14,"column":19},"end":{"line":14,"column":20}},"loc":{"start":{"line":14,"column":45},"end":{"line":16,"column":3}},"line":14},"2":{"name":"(anonymous_2)","decl":{"start":{"line":17,"column":18},"end":{"line":17,"column":19}},"loc":{"start":{"line":17,"column":43},"end":{"line":19,"column":3}},"line":17},"3":{"name":"(anonymous_3)","decl":{"start":{"line":20,"column":15},"end":{"line":20,"column":16}},"loc":{"start":{"line":20,"column":37},"end":{"line":22,"column":3}},"line":20},"4":{"name":"(anonymous_4)","decl":{"start":{"line":23,"column":16},"end":{"line":23,"column":17}},"loc":{"start":{"line":23,"column":39},"end":{"line":25,"column":3}},"line":23}},"branchMap":{},"s":{"0":0,"1":0,"2":0,"3":0,"4":0,"5":0},"f":{"0":0,"1":0,"2":0,"3":0,"4":0},"b":{},"hash":"c4bf3ea0160cde260e94ec264cb65321fcec0ce9"}
,"D:\\mobile-wallet\\client\\src\\store\\app\\state.js": {"path":"D:\\mobile-wallet\\client\\src\\store\\app\\state.js","statementMap":{},"fnMap":{},"branchMap":{},"s":{},"f":{},"b":{},"hash":"5e3035fedc273f9054ac4444d39b8b962659a24b"}
,"D:\\mobile-wallet\\client\\src\\store\\app\\types.js": {"path":"D:\\mobile-wallet\\client\\src\\store\\app\\types.js","statementMap":{"0":{"start":{"line":1,"column":24},"end":{"line":1,"column":34}},"1":{"start":{"line":2,"column":25},"end":{"line":2,"column":36}},"2":{"start":{"line":3,"column":29},"end":{"line":3,"column":44}},"3":{"start":{"line":4,"column":28},"end":{"line":4,"column":42}},"4":{"start":{"line":5,"column":23},"end":{"line":5,"column":32}},"5":{"start":{"line":6,"column":26},"end":{"line":6,"column":38}}},"fnMap":{},"branchMap":{},"s":{"0":0,"1":0,"2":0,"3":0,"4":0,"5":0},"f":{},"b":{},"hash":"a18b4e8e235fbbe772f4144b19cac7c0fb915ea1"}
,"D:\\mobile-wallet\\client\\src\\store\\ui\\actions.js": {"path":"D:\\mobile-wallet\\client\\src\\store\\ui\\actions.js","statementMap":{"0":{"start":{"line":9,"column":17},"end":{"line":11,"column":1}},"1":{"start":{"line":10,"column":2},"end":{"line":10,"column":25}},"2":{"start":{"line":13,"column":25},"end":{"line":15,"column":1}},"3":{"start":{"line":14,"column":2},"end":{"line":14,"column":59}},"4":{"start":{"line":17,"column":26},"end":{"line":19,"column":1}},"5":{"start":{"line":18,"column":2},"end":{"line":18,"column":60}},"6":{"start":{"line":21,"column":26},"end":{"line":25,"column":1}},"7":{"start":{"line":22,"column":22},"end":{"line":22,"column":46}},"8":{"start":{"line":23,"column":2},"end":{"line":23,"column":39}},"9":{"start":{"line":24,"column":2},"end":{"line":24,"column":38}},"10":{"start":{"line":27,"column":27},"end":{"line":31,"column":1}},"11":{"start":{"line":28,"column":22},"end":{"line":28,"column":46}},"12":{"start":{"line":29,"column":2},"end":{"line":29,"column":40}},"13":{"start":{"line":30,"column":2},"end":{"line":30,"column":38}}},"fnMap":{"0":{"name":"(anonymous_0)","decl":{"start":{"line":9,"column":17},"end":{"line":9,"column":18}},"loc":{"start":{"line":9,"column":39},"end":{"line":11,"column":1}},"line":9},"1":{"name":"(anonymous_1)","decl":{"start":{"line":13,"column":25},"end":{"line":13,"column":26}},"loc":{"start":{"line":13,"column":41},"end":{"line":15,"column":1}},"line":13},"2":{"name":"(anonymous_2)","decl":{"start":{"line":17,"column":26},"end":{"line":17,"column":27}},"loc":{"start":{"line":17,"column":42},"end":{"line":19,"column":1}},"line":17},"3":{"name":"(anonymous_3)","decl":{"start":{"line":21,"column":26},"end":{"line":21,"column":27}},"loc":{"start":{"line":21,"column":60},"end":{"line":25,"column":1}},"line":21},"4":{"name":"(anonymous_4)","decl":{"start":{"line":27,"column":27},"end":{"line":27,"column":28}},"loc":{"start":{"line":27,"column":61},"end":{"line":31,"column":1}},"line":27}},"branchMap":{},"s":{"0":0,"1":0,"2":0,"3":0,"4":0,"5":0,"6":0,"7":0,"8":0,"9":0,"10":0,"11":0,"12":0,"13":0},"f":{"0":0,"1":0,"2":0,"3":0,"4":0},"b":{},"hash":"8440582c268ac241faa022310bf5a6a92fa0c294"}
,"D:\\mobile-wallet\\client\\src\\store\\ui\\getters.js": {"path":"D:\\mobile-wallet\\client\\src\\store\\ui\\getters.js","statementMap":{"0":{"start":{"line":1,"column":18},"end":{"line":1,"column":32}},"1":{"start":{"line":1,"column":27},"end":{"line":1,"column":32}}},"fnMap":{"0":{"name":"(anonymous_0)","decl":{"start":{"line":1,"column":18},"end":{"line":1,"column":19}},"loc":{"start":{"line":1,"column":27},"end":{"line":1,"column":32}},"line":1}},"branchMap":{},"s":{"0":0,"1":0},"f":{"0":0},"b":{},"hash":"b7d25735774ac2b0eeba79dd2b80fe7be0dd85b9"}
,"D:\\mobile-wallet\\client\\src\\store\\ui\\index.js": {"path":"D:\\mobile-wallet\\client\\src\\store\\ui\\index.js","statementMap":{},"fnMap":{},"branchMap":{},"s":{},"f":{},"b":{},"hash":"5efee72b19cbdf81725fe64c5a330971432a85e1"}
,"D:\\mobile-wallet\\client\\src\\store\\ui\\mutations.js": {"path":"D:\\mobile-wallet\\client\\src\\store\\ui\\mutations.js","statementMap":{"0":{"start":{"line":5,"column":18},"end":{"line":12,"column":1}},"1":{"start":{"line":7,"column":21},"end":{"line":7,"column":43}},"2":{"start":{"line":8,"column":4},"end":{"line":10,"column":6}},"3":{"start":{"line":9,"column":6},"end":{"line":9,"column":24}}},"fnMap":{"0":{"name":"(anonymous_0)","decl":{"start":{"line":6,"column":15},"end":{"line":6,"column":16}},"loc":{"start":{"line":6,"column":32},"end":{"line":11,"column":3}},"line":6},"1":{"name":"(anonymous_1)","decl":{"start":{"line":8,"column":37},"end":{"line":8,"column":38}},"loc":{"start":{"line":8,"column":55},"end":{"line":10,"column":5}},"line":8}},"branchMap":{},"s":{"0":0,"1":0,"2":0,"3":0},"f":{"0":0,"1":0},"b":{},"hash":"3d8c793be4ce47471a6f08ffda0684170884100b"}
,"D:\\mobile-wallet\\client\\src\\store\\ui\\state.js": {"path":"D:\\mobile-wallet\\client\\src\\store\\ui\\state.js","statementMap":{"0":{"start":{"line":4,"column":2},"end":{"line":11,"column":3}},"1":{"start":{"line":7,"column":18},"end":{"line":7,"column":40}},"2":{"start":{"line":8,"column":6},"end":{"line":8,"column":47}},"3":{"start":{"line":9,"column":6},"end":{"line":9,"column":19}}},"fnMap":{"0":{"name":"(anonymous_0)","decl":{"start":{"line":3,"column":15},"end":{"line":3,"column":16}},"loc":{"start":{"line":3,"column":27},"end":{"line":12,"column":1}},"line":3},"1":{"name":"(anonymous_1)","decl":{"start":{"line":6,"column":39},"end":{"line":6,"column":40}},"loc":{"start":{"line":6,"column":57},"end":{"line":10,"column":5}},"line":6}},"branchMap":{},"s":{"0":0,"1":0,"2":0,"3":0},"f":{"0":0,"1":0},"b":{},"hash":"88be2813636cb93b036e715d3fb9ec3a6f8ae0a6"}
,"D:\\mobile-wallet\\client\\src\\store\\ui\\types.js": {"path":"D:\\mobile-wallet\\client\\src\\store\\ui\\types.js","statementMap":{"0":{"start":{"line":1,"column":25},"end":{"line":1,"column":36}},"1":{"start":{"line":3,"column":34},"end":{"line":3,"column":54}},"2":{"start":{"line":4,"column":35},"end":{"line":4,"column":56}},"3":{"start":{"line":6,"column":35},"end":{"line":6,"column":56}},"4":{"start":{"line":7,"column":36},"end":{"line":7,"column":58}}},"fnMap":{},"branchMap":{},"s":{"0":0,"1":0,"2":0,"3":0,"4":0},"f":{},"b":{},"hash":"688b74d9d254ce9cff8ccec8f83ec286e1e4f2b0"}
,"D:\\mobile-wallet\\client\\src\\store\\wallets\\actions.js": {"path":"D:\\mobile-wallet\\client\\src\\store\\wallets\\actions.js","statementMap":{"0":{"start":{"line":9,"column":2},"end":{"line":9,"column":38}}},"fnMap":{"0":{"name":"createWallet","decl":{"start":{"line":7,"column":9},"end":{"line":7,"column":21}},"loc":{"start":{"line":7,"column":53},"end":{"line":10,"column":1}},"line":7},"1":{"name":"setWallets","decl":{"start":{"line":12,"column":9},"end":{"line":12,"column":19}},"loc":{"start":{"line":12,"column":42},"end":{"line":13,"column":1}},"line":12}},"branchMap":{},"s":{"0":0},"f":{"0":0,"1":0},"b":{},"hash":"1570a4d697856040960eee763003c253c13d8980"}
,"D:\\mobile-wallet\\client\\src\\store\\wallets\\getters.js": {"path":"D:\\mobile-wallet\\client\\src\\store\\wallets\\getters.js","statementMap":{"0":{"start":{"line":2,"column":2},"end":{"line":2,"column":22}},"1":{"start":{"line":6,"column":2},"end":{"line":6,"column":42}}},"fnMap":{"0":{"name":"wallets","decl":{"start":{"line":1,"column":16},"end":{"line":1,"column":23}},"loc":{"start":{"line":1,"column":32},"end":{"line":3,"column":1}},"line":1},"1":{"name":"hasWallets","decl":{"start":{"line":5,"column":16},"end":{"line":5,"column":26}},"loc":{"start":{"line":5,"column":35},"end":{"line":7,"column":1}},"line":5}},"branchMap":{},"s":{"0":0,"1":0},"f":{"0":0,"1":0},"b":{},"hash":"74f462c03e4f09360f5bfacff54d5dbeaac30362"}
,"D:\\mobile-wallet\\client\\src\\store\\wallets\\index.js": {"path":"D:\\mobile-wallet\\client\\src\\store\\wallets\\index.js","statementMap":{},"fnMap":{},"branchMap":{},"s":{},"f":{},"b":{},"hash":"c4a2914215b16de49d76195f2284ac7c61a5b328"}
,"D:\\mobile-wallet\\client\\src\\store\\wallets\\mutations.js": {"path":"D:\\mobile-wallet\\client\\src\\store\\wallets\\mutations.js","statementMap":{"0":{"start":{"line":6,"column":18},"end":{"line":13,"column":1}},"1":{"start":{"line":8,"column":4},"end":{"line":8,"column":27}},"2":{"start":{"line":11,"column":4},"end":{"line":11,"column":36}}},"fnMap":{"0":{"name":"(anonymous_0)","decl":{"start":{"line":7,"column":17},"end":{"line":7,"column":18}},"loc":{"start":{"line":7,"column":41},"end":{"line":9,"column":3}},"line":7},"1":{"name":"(anonymous_1)","decl":{"start":{"line":10,"column":16},"end":{"line":10,"column":17}},"loc":{"start":{"line":10,"column":45},"end":{"line":12,"column":3}},"line":10}},"branchMap":{},"s":{"0":0,"1":0,"2":0},"f":{"0":0,"1":0},"b":{},"hash":"eed8e43737fd908af2a6b79103a5bc7c8ffee6ac"}
,"D:\\mobile-wallet\\client\\src\\store\\wallets\\state.js": {"path":"D:\\mobile-wallet\\client\\src\\store\\wallets\\state.js","statementMap":{},"fnMap":{},"branchMap":{},"s":{},"f":{},"b":{},"hash":"b26a23634b714efd32dac31fcf31a1b080831909"}
,"D:\\mobile-wallet\\client\\src\\store\\wallets\\types.js": {"path":"D:\\mobile-wallet\\client\\src\\store\\wallets\\types.js","statementMap":{"0":{"start":{"line":1,"column":27},"end":{"line":1,"column":40}},"1":{"start":{"line":2,"column":29},"end":{"line":2,"column":44}},"2":{"start":{"line":3,"column":26},"end":{"line":3,"column":38}}},"fnMap":{},"branchMap":{},"s":{"0":0,"1":0,"2":0},"f":{},"b":{},"hash":"6ff2ba1f8c038119054ce74eeee2e052ef766806"}
,"D:\\mobile-wallet\\client\\src\\utils\\commons.js": {"path":"D:\\mobile-wallet\\client\\src\\utils\\commons.js","statementMap":{"0":{"start":{"line":9,"column":2},"end":{"line":9,"column":82}},"1":{"start":{"line":9,"column":65},"end":{"line":9,"column":82}},"2":{"start":{"line":10,"column":2},"end":{"line":10,"column":88}},"3":{"start":{"line":10,"column":72},"end":{"line":10,"column":88}},"4":{"start":{"line":12,"column":19},"end":{"line":12,"column":56}},"5":{"start":{"line":12,"column":26},"end":{"line":12,"column":56}},"6":{"start":{"line":14,"column":2},"end":{"line":29,"column":3}},"7":{"start":{"line":15,"column":4},"end":{"line":26,"column":10}},"8":{"start":{"line":16,"column":6},"end":{"line":24,"column":8}},"9":{"start":{"line":17,"column":8},"end":{"line":23,"column":9}},"10":{"start":{"line":18,"column":10},"end":{"line":18,"column":51}},"11":{"start":{"line":19,"column":15},"end":{"line":23,"column":9}},"12":{"start":{"line":20,"column":10},"end":{"line":20,"column":52}},"13":{"start":{"line":22,"column":10},"end":{"line":22,"column":30}},"14":{"start":{"line":25,"column":6},"end":{"line":25,"column":17}},"15":{"start":{"line":28,"column":4},"end":{"line":28,"column":20}},"16":{"start":{"line":38,"column":34},"end":{"line":41,"column":1}},"17":{"start":{"line":39,"column":18},"end":{"line":39,"column":84}},"18":{"start":{"line":40,"column":2},"end":{"line":40,"column":31}}},"fnMap":{"0":{"name":"deepMerge","decl":{"start":{"line":8,"column":16},"end":{"line":8,"column":25}},"loc":{"start":{"line":8,"column":39},"end":{"line":30,"column":1}},"line":8},"1":{"name":"(anonymous_1)","decl":{"start":{"line":12,"column":19},"end":{"line":12,"column":20}},"loc":{"start":{"line":12,"column":26},"end":{"line":12,"column":56}},"line":12},"2":{"name":"(anonymous_2)","decl":{"start":{"line":15,"column":26},"end":{"line":15,"column":27}},"loc":{"start":{"line":15,"column":41},"end":{"line":26,"column":5}},"line":15},"3":{"name":"(anonymous_3)","decl":{"start":{"line":16,"column":31},"end":{"line":16,"column":32}},"loc":{"start":{"line":16,"column":38},"end":{"line":24,"column":7}},"line":16},"4":{"name":"(anonymous_4)","decl":{"start":{"line":38,"column":34},"end":{"line":38,"column":35}},"loc":{"start":{"line":38,"column":52},"end":{"line":41,"column":1}},"line":38}},"branchMap":{"0":{"loc":{"start":{"line":9,"column":2},"end":{"line":9,"column":82}},"type":"if","locations":[{"start":{"line":9,"column":2},"end":{"line":9,"column":82}},{"start":{"line":9,"column":2},"end":{"line":9,"column":82}}],"line":9},"1":{"loc":{"start":{"line":10,"column":2},"end":{"line":10,"column":88}},"type":"if","locations":[{"start":{"line":10,"column":2},"end":{"line":10,"column":88}},{"start":{"line":10,"column":2},"end":{"line":10,"column":88}}],"line":10},"2":{"loc":{"start":{"line":10,"column":6},"end":{"line":10,"column":70}},"type":"binary-expr","locations":[{"start":{"line":10,"column":6},"end":{"line":10,"column":36}},{"start":{"line":10,"column":40},"end":{"line":10,"column":70}}],"line":10},"3":{"loc":{"start":{"line":12,"column":26},"end":{"line":12,"column":56}},"type":"binary-expr","locations":[{"start":{"line":12,"column":26},"end":{"line":12,"column":29}},{"start":{"line":12,"column":33},"end":{"line":12,"column":56}}],"line":12},"4":{"loc":{"start":{"line":17,"column":8},"end":{"line":23,"column":9}},"type":"if","locations":[{"start":{"line":17,"column":8},"end":{"line":23,"column":9}},{"start":{"line":17,"column":8},"end":{"line":23,"column":9}}],"line":17},"5":{"loc":{"start":{"line":17,"column":12},"end":{"line":17,"column":63}},"type":"binary-expr","locations":[{"start":{"line":17,"column":12},"end":{"line":17,"column":36}},{"start":{"line":17,"column":40},"end":{"line":17,"column":63}}],"line":17},"6":{"loc":{"start":{"line":19,"column":15},"end":{"line":23,"column":9}},"type":"if","locations":[{"start":{"line":19,"column":15},"end":{"line":23,"column":9}},{"start":{"line":19,"column":15},"end":{"line":23,"column":9}}],"line":19},"7":{"loc":{"start":{"line":19,"column":19},"end":{"line":19,"column":60}},"type":"binary-expr","locations":[{"start":{"line":19,"column":19},"end":{"line":19,"column":38}},{"start":{"line":19,"column":42},"end":{"line":19,"column":60}}],"line":19}},"s":{"0":8,"1":2,"2":6,"3":1,"4":5,"5":9,"6":5,"7":5,"8":10,"9":9,"10":1,"11":8,"12":1,"13":7,"14":8,"15":2,"16":2,"17":4,"18":4},"f":{"0":8,"1":9,"2":10,"3":9,"4":4},"b":{"0":[2,6],"1":[1,5],"2":[6,5],"3":[9,2],"4":[1,8],"5":[9,1],"6":[1,7],"7":[8,1]},"_coverageSchema":"43e27e138ebf9cfc5966b082cf9a028302ed4184","hash":"756ceb024c128da54dc7cf6ffcfb34f9d92cfd12"}
,"D:\\mobile-wallet\\client\\src\\utils\\scroll.js": {"path":"D:\\mobile-wallet\\client\\src\\utils\\scroll.js","statementMap":{"0":{"start":{"line":1,"column":32},"end":{"line":15,"column":1}},"1":{"start":{"line":2,"column":2},"end":{"line":14,"column":7}},"2":{"start":{"line":3,"column":23},"end":{"line":3,"column":52}},"3":{"start":{"line":4,"column":4},"end":{"line":4,"column":33}},"4":{"start":{"line":5,"column":4},"end":{"line":5,"column":42}},"5":{"start":{"line":6,"column":4},"end":{"line":6,"column":38}},"6":{"start":{"line":7,"column":4},"end":{"line":7,"column":33}},"7":{"start":{"line":8,"column":4},"end":{"line":8,"column":35}},"8":{"start":{"line":9,"column":4},"end":{"line":9,"column":34}},"9":{"start":{"line":10,"column":4},"end":{"line":10,"column":41}},"10":{"start":{"line":12,"column":4},"end":{"line":12,"column":59}},"11":{"start":{"line":13,"column":4},"end":{"line":13,"column":75}},"12":{"start":{"line":13,"column":21},"end":{"line":13,"column":69}},"13":{"start":{"line":17,"column":38},"end":{"line":27,"column":1}},"14":{"start":{"line":18,"column":16},"end":{"line":18,"column":17}},"15":{"start":{"line":19,"column":25},"end":{"line":25,"column":9}},"16":{"start":{"line":20,"column":4},"end":{"line":22,"column":5}},"17":{"start":{"line":21,"column":6},"end":{"line":21,"column":35}},"18":{"start":{"line":23,"column":4},"end":{"line":23,"column":33}},"19":{"start":{"line":24,"column":4},"end":{"line":24,"column":13}},"20":{"start":{"line":26,"column":2},"end":{"line":26,"column":23}}},"fnMap":{"0":{"name":"(anonymous_0)","decl":{"start":{"line":1,"column":32},"end":{"line":1,"column":33}},"loc":{"start":{"line":1,"column":47},"end":{"line":15,"column":1}},"line":1},"1":{"name":"(anonymous_1)","decl":{"start":{"line":2,"column":13},"end":{"line":2,"column":14}},"loc":{"start":{"line":2,"column":19},"end":{"line":14,"column":3}},"line":2},"2":{"name":"(anonymous_2)","decl":{"start":{"line":13,"column":15},"end":{"line":13,"column":16}},"loc":{"start":{"line":13,"column":21},"end":{"line":13,"column":69}},"line":13},"3":{"name":"(anonymous_3)","decl":{"start":{"line":17,"column":38},"end":{"line":17,"column":39}},"loc":{"start":{"line":17,"column":71},"end":{"line":27,"column":1}},"line":17},"4":{"name":"(anonymous_4)","decl":{"start":{"line":19,"column":37},"end":{"line":19,"column":38}},"loc":{"start":{"line":19,"column":43},"end":{"line":25,"column":3}},"line":19}},"branchMap":{"0":{"loc":{"start":{"line":20,"column":4},"end":{"line":22,"column":5}},"type":"if","locations":[{"start":{"line":20,"column":4},"end":{"line":22,"column":5}},{"start":{"line":20,"column":4},"end":{"line":22,"column":5}}],"line":20}},"s":{"0":0,"1":0,"2":0,"3":0,"4":0,"5":0,"6":0,"7":0,"8":0,"9":0,"10":0,"11":0,"12":0,"13":0,"14":0,"15":0,"16":0,"17":0,"18":0,"19":0,"20":0},"f":{"0":0,"1":0,"2":0,"3":0,"4":0},"b":{"0":[0,0]},"hash":"724e40ef1a7fb5003dbed5cb4566099b0dbf47a1"}
}
