TN:
SF:D:\mobile-wallet\client\src\App.vue
FN:14,created
FNF:1
FNH:0
FNDA:0,created
DA:8,0
DA:15,0
LF:2
LH:0
BRF:0
BRH:0
end_of_record
TN:
SF:D:\mobile-wallet\client\src-cordova\platforms\android\app\build\intermediates\merged_assets\debug\mergeDebugAssets\out\www\cordova.js
FN:21,(anonymous_0)
FN:27,(anonymous_1)
FN:35,build
FN:37,(anonymous_3)
FN:51,(anonymous_4)
FN:71,(anonymous_5)
FN:82,(anonymous_6)
FN:96,(anonymous_7)
FN:122,(anonymous_8)
FN:131,(anonymous_9)
FN:140,(anonymous_10)
FN:150,(anonymous_11)
FN:160,createEvent
FN:186,(anonymous_13)
FN:189,(anonymous_14)
FN:192,(anonymous_15)
FN:195,(anonymous_16)
FN:198,(anonymous_17)
FN:206,(anonymous_18)
FN:214,(anonymous_19)
FN:220,(anonymous_20)
FN:232,(anonymous_21)
FN:235,(anonymous_22)
FN:266,(anonymous_23)
FN:273,(anonymous_24)
FN:282,(anonymous_25)
FN:311,(anonymous_26)
FN:312,(anonymous_27)
FN:327,(anonymous_28)
FN:337,(anonymous_29)
FN:338,(anonymous_30)
FN:342,(anonymous_31)
FN:350,(anonymous_32)
FN:358,(anonymous_33)
FN:361,(anonymous_34)
FN:364,(anonymous_35)
FN:372,(anonymous_36)
FN:387,extractParamName
FN:420,checkArgs
FN:454,getValue
FN:465,(anonymous_40)
FN:469,(anonymous_41)
FN:474,(anonymous_42)
FN:494,(anonymous_43)
FN:501,(anonymous_44)
FN:505,uint8ToBase64
FN:531,(anonymous_46)
FN:535,each
FN:543,clobber
FN:553,(anonymous_49)
FN:559,assignOrWrapInDeprecateGetter
FN:561,(anonymous_51)
FN:572,include
FN:573,(anonymous_53)
FN:616,recursiveMerge
FN:633,(anonymous_55)
FN:636,(anonymous_56)
FN:639,(anonymous_57)
FN:644,(anonymous_58)
FN:649,(anonymous_59)
FN:692,(anonymous_60)
FN:711,(anonymous_61)
FN:714,(anonymous_62)
FN:726,(anonymous_63)
FN:729,(anonymous_64)
FN:746,(anonymous_65)
FN:759,(anonymous_66)
FN:767,checkSubscriptionArgument
FN:783,(anonymous_68)
FN:826,(anonymous_69)
FN:852,(anonymous_70)
FN:911,(anonymous_71)
FN:956,(anonymous_72)
FN:956,(anonymous_73)
FN:958,androidExec
FN:1002,(anonymous_75)
FN:1007,pollOnceFromOnlineEvent
FN:1011,pollOnce
FN:1025,pollingTimerFunc
FN:1032,hookOnlineApis
FN:1033,proxyEvent
FN:1053,(anonymous_81)
FN:1061,(anonymous_82)
FN:1082,buildPayload
FN:1114,processMessage
FN:1135,processMessages
FN:1161,popMessageFromQueue
FN:1182,(anonymous_87)
FN:1190,(anonymous_88)
FN:1197,(anonymous_89)
FN:1204,(anonymous_90)
FN:1212,(anonymous_91)
FN:1223,logUnfiredChannels
FN:1231,(anonymous_93)
FN:1241,replaceNavigator
FN:1242,(anonymous_95)
FN:1252,(anonymous_96)
FN:1253,(anonymous_97)
FN:1269,(anonymous_98)
FN:1273,(anonymous_99)
FN:1288,(anonymous_100)
FN:1309,(anonymous_101)
FN:1310,(anonymous_102)
FN:1318,(anonymous_103)
FN:1329,(anonymous_104)
FN:1338,(anonymous_105)
FN:1345,(anonymous_106)
FN:1350,addEntry
FN:1361,(anonymous_108)
FN:1365,(anonymous_109)
FN:1369,(anonymous_110)
FN:1373,(anonymous_111)
FN:1377,prepareNamespace
FN:1389,(anonymous_113)
FN:1420,(anonymous_114)
FN:1438,(anonymous_115)
FN:1445,(anonymous_116)
FN:1461,(anonymous_117)
FN:1471,bindButtonChannel
FN:1474,(anonymous_119)
FN:1487,(anonymous_120)
FN:1497,(anonymous_121)
FN:1504,onMessageFromNative
FN:1548,(anonymous_123)
FN:1557,(anonymous_124)
FN:1575,(anonymous_125)
FN:1582,(anonymous_126)
FN:1590,(anonymous_127)
FN:1598,(anonymous_128)
FN:1611,(anonymous_129)
FN:1626,(anonymous_130)
FN:1633,(anonymous_131)
FN:1641,(anonymous_132)
FN:1647,(anonymous_133)
FN:1657,injectIfNecessary
FN:1662,(anonymous_135)
FN:1672,onScriptLoadingComplete
FN:1700,handlePluginsObject
FN:1708,scriptLoadedCallback
FN:1719,findCordovaPath
FN:1736,(anonymous_140)
FN:1742,(anonymous_141)
FN:1751,(anonymous_142)
FN:1757,makeAbsolute
FN:1766,(anonymous_144)
FN:1773,(anonymous_145)
FN:1796,(anonymous_146)
FN:1812,(anonymous_147)
FN:1820,(anonymous_148)
FN:1828,(anonymous_149)
FN:1833,(anonymous_150)
FN:1840,(anonymous_151)
FN:1870,(anonymous_152)
FN:1871,(anonymous_153)
FN:1878,UUIDcreatePart
FN:1893,(anonymous_155)
FN:1905,(anonymous_156)
FN:1907,(anonymous_157)
FN:1909,(anonymous_158)
FN:1921,(anonymous_159)
FNF:160
FNH:0
FNDA:0,(anonymous_0)
FNDA:0,(anonymous_1)
FNDA:0,build
FNDA:0,(anonymous_3)
FNDA:0,(anonymous_4)
FNDA:0,(anonymous_5)
FNDA:0,(anonymous_6)
FNDA:0,(anonymous_7)
FNDA:0,(anonymous_8)
FNDA:0,(anonymous_9)
FNDA:0,(anonymous_10)
FNDA:0,(anonymous_11)
FNDA:0,createEvent
FNDA:0,(anonymous_13)
FNDA:0,(anonymous_14)
FNDA:0,(anonymous_15)
FNDA:0,(anonymous_16)
FNDA:0,(anonymous_17)
FNDA:0,(anonymous_18)
FNDA:0,(anonymous_19)
FNDA:0,(anonymous_20)
FNDA:0,(anonymous_21)
FNDA:0,(anonymous_22)
FNDA:0,(anonymous_23)
FNDA:0,(anonymous_24)
FNDA:0,(anonymous_25)
FNDA:0,(anonymous_26)
FNDA:0,(anonymous_27)
FNDA:0,(anonymous_28)
FNDA:0,(anonymous_29)
FNDA:0,(anonymous_30)
FNDA:0,(anonymous_31)
FNDA:0,(anonymous_32)
FNDA:0,(anonymous_33)
FNDA:0,(anonymous_34)
FNDA:0,(anonymous_35)
FNDA:0,(anonymous_36)
FNDA:0,extractParamName
FNDA:0,checkArgs
FNDA:0,getValue
FNDA:0,(anonymous_40)
FNDA:0,(anonymous_41)
FNDA:0,(anonymous_42)
FNDA:0,(anonymous_43)
FNDA:0,(anonymous_44)
FNDA:0,uint8ToBase64
FNDA:0,(anonymous_46)
FNDA:0,each
FNDA:0,clobber
FNDA:0,(anonymous_49)
FNDA:0,assignOrWrapInDeprecateGetter
FNDA:0,(anonymous_51)
FNDA:0,include
FNDA:0,(anonymous_53)
FNDA:0,recursiveMerge
FNDA:0,(anonymous_55)
FNDA:0,(anonymous_56)
FNDA:0,(anonymous_57)
FNDA:0,(anonymous_58)
FNDA:0,(anonymous_59)
FNDA:0,(anonymous_60)
FNDA:0,(anonymous_61)
FNDA:0,(anonymous_62)
FNDA:0,(anonymous_63)
FNDA:0,(anonymous_64)
FNDA:0,(anonymous_65)
FNDA:0,(anonymous_66)
FNDA:0,checkSubscriptionArgument
FNDA:0,(anonymous_68)
FNDA:0,(anonymous_69)
FNDA:0,(anonymous_70)
FNDA:0,(anonymous_71)
FNDA:0,(anonymous_72)
FNDA:0,(anonymous_73)
FNDA:0,androidExec
FNDA:0,(anonymous_75)
FNDA:0,pollOnceFromOnlineEvent
FNDA:0,pollOnce
FNDA:0,pollingTimerFunc
FNDA:0,hookOnlineApis
FNDA:0,proxyEvent
FNDA:0,(anonymous_81)
FNDA:0,(anonymous_82)
FNDA:0,buildPayload
FNDA:0,processMessage
FNDA:0,processMessages
FNDA:0,popMessageFromQueue
FNDA:0,(anonymous_87)
FNDA:0,(anonymous_88)
FNDA:0,(anonymous_89)
FNDA:0,(anonymous_90)
FNDA:0,(anonymous_91)
FNDA:0,logUnfiredChannels
FNDA:0,(anonymous_93)
FNDA:0,replaceNavigator
FNDA:0,(anonymous_95)
FNDA:0,(anonymous_96)
FNDA:0,(anonymous_97)
FNDA:0,(anonymous_98)
FNDA:0,(anonymous_99)
FNDA:0,(anonymous_100)
FNDA:0,(anonymous_101)
FNDA:0,(anonymous_102)
FNDA:0,(anonymous_103)
FNDA:0,(anonymous_104)
FNDA:0,(anonymous_105)
FNDA:0,(anonymous_106)
FNDA:0,addEntry
FNDA:0,(anonymous_108)
FNDA:0,(anonymous_109)
FNDA:0,(anonymous_110)
FNDA:0,(anonymous_111)
FNDA:0,prepareNamespace
FNDA:0,(anonymous_113)
FNDA:0,(anonymous_114)
FNDA:0,(anonymous_115)
FNDA:0,(anonymous_116)
FNDA:0,(anonymous_117)
FNDA:0,bindButtonChannel
FNDA:0,(anonymous_119)
FNDA:0,(anonymous_120)
FNDA:0,(anonymous_121)
FNDA:0,onMessageFromNative
FNDA:0,(anonymous_123)
FNDA:0,(anonymous_124)
FNDA:0,(anonymous_125)
FNDA:0,(anonymous_126)
FNDA:0,(anonymous_127)
FNDA:0,(anonymous_128)
FNDA:0,(anonymous_129)
FNDA:0,(anonymous_130)
FNDA:0,(anonymous_131)
FNDA:0,(anonymous_132)
FNDA:0,(anonymous_133)
FNDA:0,injectIfNecessary
FNDA:0,(anonymous_135)
FNDA:0,onScriptLoadingComplete
FNDA:0,handlePluginsObject
FNDA:0,scriptLoadedCallback
FNDA:0,findCordovaPath
FNDA:0,(anonymous_140)
FNDA:0,(anonymous_141)
FNDA:0,(anonymous_142)
FNDA:0,makeAbsolute
FNDA:0,(anonymous_144)
FNDA:0,(anonymous_145)
FNDA:0,(anonymous_146)
FNDA:0,(anonymous_147)
FNDA:0,(anonymous_148)
FNDA:0,(anonymous_149)
FNDA:0,(anonymous_150)
FNDA:0,(anonymous_151)
FNDA:0,(anonymous_152)
FNDA:0,(anonymous_153)
FNDA:0,UUIDcreatePart
FNDA:0,(anonymous_155)
FNDA:0,(anonymous_156)
FNDA:0,(anonymous_157)
FNDA:0,(anonymous_158)
FNDA:0,(anonymous_159)
DA:21,0
DA:22,0
DA:27,0
DA:28,0
DA:30,0
DA:32,0
DA:33,0
DA:36,0
DA:37,0
DA:38,0
DA:40,0
DA:41,0
DA:43,0
DA:45,0
DA:46,0
DA:47,0
DA:48,0
DA:51,0
DA:52,0
DA:53,0
DA:54,0
DA:55,0
DA:56,0
DA:58,0
DA:59,0
DA:60,0
DA:61,0
DA:62,0
DA:64,0
DA:65,0
DA:68,0
DA:71,0
DA:72,0
DA:73,0
DA:76,0
DA:82,0
DA:83,0
DA:86,0
DA:90,0
DA:91,0
DA:92,0
DA:96,0
DA:100,0
DA:101,0
DA:104,0
DA:105,0
DA:111,0
DA:112,0
DA:113,0
DA:114,0
DA:119,0
DA:120,0
DA:122,0
DA:123,0
DA:124,0
DA:125,0
DA:127,0
DA:131,0
DA:132,0
DA:133,0
DA:134,0
DA:136,0
DA:140,0
DA:141,0
DA:143,0
DA:144,0
DA:146,0
DA:150,0
DA:151,0
DA:153,0
DA:154,0
DA:156,0
DA:161,0
DA:162,0
DA:163,0
DA:164,0
DA:165,0
DA:166,0
DA:170,0
DA:174,0
DA:187,0
DA:190,0
DA:193,0
DA:196,0
DA:199,0
DA:207,0
DA:215,0
DA:216,0
DA:217,0
DA:218,0
DA:220,0
DA:222,0
DA:223,0
DA:225,0
DA:229,0
DA:233,0
DA:234,0
DA:235,0
DA:236,0
DA:239,0
DA:267,0
DA:276,0
DA:283,0
DA:284,0
DA:285,0
DA:286,0
DA:287,0
DA:288,0
DA:289,0
DA:299,0
DA:300,0
DA:304,0
DA:305,0
DA:306,0
DA:307,0
DA:308,0
DA:312,0
DA:313,0
DA:314,0
DA:316,0
DA:322,0
DA:327,0
DA:333,0
DA:334,0
DA:336,0
DA:337,0
DA:339,0
DA:343,0
DA:350,0
DA:357,0
DA:359,0
DA:362,0
DA:365,0
DA:372,0
DA:374,0
DA:376,0
DA:378,0
DA:388,0
DA:421,0
DA:422,0
DA:424,0
DA:426,0
DA:427,0
DA:428,0
DA:429,0
DA:431,0
DA:432,0
DA:434,0
DA:435,0
DA:436,0
DA:438,0
DA:439,0
DA:440,0
DA:443,0
DA:444,0
DA:445,0
DA:447,0
DA:448,0
DA:450,0
DA:455,0
DA:458,0
DA:459,0
DA:460,0
DA:465,0
DA:467,0
DA:469,0
DA:470,0
DA:471,0
DA:474,0
DA:475,0
DA:476,0
DA:477,0
DA:478,0
DA:479,0
DA:481,0
DA:491,0
DA:494,0
DA:495,0
DA:496,0
DA:497,0
DA:498,0
DA:501,0
DA:502,0
DA:506,0
DA:507,0
DA:509,0
DA:510,0
DA:511,0
DA:512,0
DA:513,0
DA:515,0
DA:516,0
DA:517,0
DA:518,0
DA:519,0
DA:520,0
DA:521,0
DA:522,0
DA:523,0
DA:525,0
DA:531,0
DA:533,0
DA:536,0
DA:537,0
DA:538,0
DA:544,0
DA:545,0
DA:546,0
DA:547,0
DA:549,0
DA:552,0
DA:553,0
DA:554,0
DA:560,0
DA:561,0
DA:562,0
DA:563,0
DA:564,0
DA:565,0
DA:568,0
DA:573,0
DA:574,0
DA:575,0
DA:577,0
DA:579,0
DA:580,0
DA:581,0
DA:583,0
DA:584,0
DA:586,0
DA:589,0
DA:592,0
DA:593,0
DA:596,0
DA:600,0
DA:601,0
DA:604,0
DA:617,0
DA:618,0
DA:619,0
DA:621,0
DA:623,0
DA:624,0
DA:626,0
DA:633,0
DA:634,0
DA:636,0
DA:637,0
DA:639,0
DA:640,0
DA:642,0
DA:643,0
DA:644,0
DA:649,0
DA:651,0
DA:652,0
DA:692,0
DA:693,0
DA:695,0
DA:697,0
DA:699,0
DA:701,0
DA:704,0
DA:706,0
DA:712,0
DA:713,0
DA:714,0
DA:715,0
DA:717,0
DA:718,0
DA:719,0
DA:721,0
DA:723,0
DA:727,0
DA:730,0
DA:747,0
DA:748,0
DA:749,0
DA:750,0
DA:760,0
DA:761,0
DA:762,0
DA:768,0
DA:769,0
DA:783,0
DA:784,0
DA:787,0
DA:789,0
DA:790,0
DA:793,0
DA:796,0
DA:797,0
DA:798,0
DA:801,0
DA:802,0
DA:803,0
DA:806,0
DA:808,0
DA:810,0
DA:811,0
DA:814,0
DA:815,0
DA:816,0
DA:817,0
DA:818,0
DA:826,0
DA:827,0
DA:830,0
DA:832,0
DA:835,0
DA:838,0
DA:839,0
DA:840,0
DA:841,0
DA:842,0
DA:843,0
DA:844,0
DA:852,0
DA:853,0
DA:854,0
DA:856,0
DA:857,0
DA:858,0
DA:860,0
DA:863,0
DA:864,0
DA:865,0
DA:867,0
DA:868,0
DA:870,0
DA:871,0
DA:872,0
DA:873,0
DA:880,0
DA:883,0
DA:887,0
DA:891,0
DA:894,0
DA:897,0
DA:900,0
DA:903,0
DA:904,0
DA:906,0
DA:911,0
DA:927,0
DA:928,0
DA:929,0
DA:930,0
DA:931,0
DA:932,0
DA:936,0
DA:949,0
DA:950,0
DA:951,0
DA:953,0
DA:954,0
DA:955,0
DA:956,0
DA:959,0
DA:964,0
DA:968,0
DA:969,0
DA:973,0
DA:976,0
DA:977,0
DA:978,0
DA:982,0
DA:983,0
DA:984,0
DA:985,0
DA:988,0
DA:991,0
DA:992,0
DA:993,0
DA:994,0
DA:995,0
DA:996,0
DA:998,0
DA:1002,0
DA:1003,0
DA:1004,0
DA:1008,0
DA:1012,0
DA:1015,0
DA:1017,0
DA:1018,0
DA:1019,0
DA:1021,0
DA:1026,0
DA:1027,0
DA:1028,0
DA:1034,0
DA:1040,0
DA:1041,0
DA:1042,0
DA:1043,0
DA:1044,0
DA:1045,0
DA:1048,0
DA:1050,0
DA:1051,0
DA:1053,0
DA:1054,0
DA:1055,0
DA:1057,0
DA:1058,0
DA:1061,0
DA:1062,0
DA:1063,0
DA:1065,0
DA:1066,0
DA:1069,0
DA:1072,0
DA:1073,0
DA:1076,0
DA:1077,0
DA:1078,0
DA:1083,0
DA:1084,0
DA:1085,0
DA:1086,0
DA:1087,0
DA:1088,0
DA:1089,0
DA:1090,0
DA:1091,0
DA:1092,0
DA:1093,0
DA:1094,0
DA:1095,0
DA:1096,0
DA:1097,0
DA:1098,0
DA:1099,0
DA:1100,0
DA:1101,0
DA:1102,0
DA:1103,0
DA:1104,0
DA:1105,0
DA:1106,0
DA:1109,0
DA:1115,0
DA:1116,0
DA:1118,0
DA:1119,0
DA:1120,0
DA:1121,0
DA:1122,0
DA:1123,0
DA:1124,0
DA:1125,0
DA:1126,0
DA:1127,0
DA:1128,0
DA:1129,0
DA:1131,0
DA:1137,0
DA:1138,0
DA:1140,0
DA:1141,0
DA:1143,0
DA:1144,0
DA:1145,0
DA:1148,0
DA:1149,0
DA:1150,0
DA:1152,0
DA:1154,0
DA:1155,0
DA:1156,0
DA:1162,0
DA:1163,0
DA:1164,0
DA:1167,0
DA:1168,0
DA:1169,0
DA:1170,0
DA:1171,0
DA:1172,0
DA:1174,0
DA:1177,0
DA:1182,0
DA:1185,0
DA:1187,0
DA:1191,0
DA:1192,0
DA:1193,0
DA:1198,0
DA:1199,0
DA:1200,0
DA:1201,0
DA:1205,0
DA:1212,0
DA:1214,0
DA:1215,0
DA:1216,0
DA:1217,0
DA:1218,0
DA:1219,0
DA:1221,0
DA:1224,0
DA:1225,0
DA:1226,0
DA:1231,0
DA:1232,0
DA:1233,0
DA:1234,0
DA:1235,0
DA:1242,0
DA:1243,0
DA:1244,0
DA:1247,0
DA:1248,0
DA:1249,0
DA:1250,0
DA:1252,0
DA:1253,0
DA:1254,0
DA:1260,0
DA:1263,0
DA:1264,0
DA:1267,0
DA:1268,0
DA:1272,0
DA:1273,0
DA:1274,0
DA:1279,0
DA:1280,0
DA:1281,0
DA:1282,0
DA:1285,0
DA:1286,0
DA:1288,0
DA:1289,0
DA:1296,0
DA:1297,0
DA:1300,0
DA:1301,0
DA:1302,0
DA:1305,0
DA:1309,0
DA:1310,0
DA:1311,0
DA:1318,0
DA:1319,0
DA:1321,0
DA:1324,0
DA:1329,0
DA:1330,0
DA:1338,0
DA:1340,0
DA:1341,0
DA:1345,0
DA:1346,0
DA:1347,0
DA:1351,0
DA:1352,0
DA:1354,0
DA:1355,0
DA:1356,0
DA:1361,0
DA:1362,0
DA:1365,0
DA:1366,0
DA:1369,0
DA:1370,0
DA:1373,0
DA:1374,0
DA:1378,0
DA:1379,0
DA:1381,0
DA:1382,0
DA:1383,0
DA:1384,0
DA:1386,0
DA:1389,0
DA:1390,0
DA:1391,0
DA:1392,0
DA:1393,0
DA:1394,0
DA:1395,0
DA:1397,0
DA:1398,0
DA:1400,0
DA:1401,0
DA:1402,0
DA:1403,0
DA:1405,0
DA:1406,0
DA:1407,0
DA:1409,0
DA:1410,0
DA:1411,0
DA:1412,0
DA:1413,0
DA:1415,0
DA:1420,0
DA:1421,0
DA:1422,0
DA:1423,0
DA:1425,0
DA:1426,0
DA:1427,0
DA:1428,0
DA:1430,0
DA:1433,0
DA:1438,0
DA:1441,0
DA:1443,0
DA:1446,0
DA:1447,0
DA:1448,0
DA:1449,0
DA:1452,0
DA:1455,0
DA:1457,0
DA:1460,0
DA:1461,0
DA:1464,0
DA:1468,0
DA:1469,0
DA:1473,0
DA:1474,0
DA:1475,0
DA:1479,0
DA:1480,0
DA:1485,0
DA:1487,0
DA:1488,0
DA:1490,0
DA:1491,0
DA:1497,0
DA:1498,0
DA:1499,0
DA:1505,0
DA:1506,0
DA:1508,0
DA:1519,0
DA:1520,0
DA:1522,0
DA:1523,0
DA:1524,0
DA:1527,0
DA:1528,0
DA:1529,0
DA:1531,0
DA:1536,0
DA:1538,0
DA:1539,0
DA:1541,0
DA:1548,0
DA:1550,0
DA:1551,0
DA:1553,0
DA:1558,0
DA:1576,0
DA:1583,0
DA:1591,0
DA:1599,0
DA:1612,0
DA:1627,0
DA:1634,0
DA:1641,0
DA:1643,0
DA:1647,0
DA:1648,0
DA:1650,0
DA:1652,0
DA:1653,0
DA:1654,0
DA:1658,0
DA:1659,0
DA:1660,0
DA:1662,0
DA:1663,0
DA:1664,0
DA:1666,0
DA:1674,0
DA:1675,0
DA:1676,0
DA:1677,0
DA:1681,0
DA:1682,0
DA:1683,0
DA:1688,0
DA:1689,0
DA:1693,0
DA:1702,0
DA:1704,0
DA:1705,0
DA:1706,0
DA:1709,0
DA:1710,0
DA:1714,0
DA:1715,0
DA:1720,0
DA:1721,0
DA:1722,0
DA:1723,0
DA:1724,0
DA:1725,0
DA:1726,0
DA:1727,0
DA:1730,0
DA:1736,0
DA:1737,0
DA:1738,0
DA:1739,0
DA:1740,0
DA:1742,0
DA:1743,0
DA:1744,0
DA:1751,0
DA:1757,0
DA:1758,0
DA:1759,0
DA:1760,0
DA:1766,0
DA:1768,0
DA:1773,0
DA:1774,0
DA:1775,0
DA:1779,0
DA:1780,0
DA:1782,0
DA:1784,0
DA:1785,0
DA:1786,0
DA:1794,0
DA:1796,0
DA:1797,0
DA:1798,0
DA:1800,0
DA:1801,0
DA:1802,0
DA:1803,0
DA:1806,0
DA:1812,0
DA:1813,0
DA:1814,0
DA:1815,0
DA:1817,0
DA:1820,0
DA:1821,0
DA:1827,0
DA:1828,0
DA:1833,0
DA:1834,0
DA:1840,0
DA:1841,0
DA:1842,0
DA:1847,0
DA:1848,0
DA:1849,0
DA:1850,0
DA:1852,0
DA:1855,0
DA:1856,0
DA:1860,0
DA:1861,0
DA:1864,0
DA:1870,0
DA:1871,0
DA:1872,0
DA:1873,0
DA:1879,0
DA:1880,0
DA:1881,0
DA:1882,0
DA:1883,0
DA:1885,0
DA:1887,0
DA:1893,0
DA:1894,0
DA:1905,0
DA:1907,0
DA:1909,0
DA:1911,0
DA:1912,0
DA:1913,0
DA:1914,0
DA:1921,0
DA:1922,0
DA:1923,0
DA:1924,0
DA:1925,0
DA:1931,0
DA:1933,0
LF:790
LH:0
BRDA:40,0,0,0
BRDA:40,0,1,0
BRDA:52,1,0,0
BRDA:52,1,1,0
BRDA:54,2,0,0
BRDA:54,2,1,0
BRDA:58,3,0,0
BRDA:58,3,1,0
BRDA:72,4,0,0
BRDA:72,4,1,0
BRDA:90,5,0,0
BRDA:90,5,1,0
BRDA:90,6,0,0
BRDA:90,6,1,0
BRDA:100,7,0,0
BRDA:100,7,1,0
BRDA:100,8,0,0
BRDA:100,8,1,0
BRDA:124,9,0,0
BRDA:124,9,1,0
BRDA:133,10,0,0
BRDA:133,10,1,0
BRDA:143,11,0,0
BRDA:143,11,1,0
BRDA:153,12,0,0
BRDA:153,12,1,0
BRDA:163,13,0,0
BRDA:163,13,1,0
BRDA:165,14,0,0
BRDA:165,14,1,0
BRDA:216,15,0,0
BRDA:216,15,1,0
BRDA:217,16,0,0
BRDA:217,16,1,0
BRDA:222,17,0,0
BRDA:222,17,1,0
BRDA:234,18,0,0
BRDA:234,18,1,0
BRDA:285,19,0,0
BRDA:285,19,1,0
BRDA:286,20,0,0
BRDA:286,20,1,0
BRDA:286,21,0,0
BRDA:286,21,1,0
BRDA:287,22,0,0
BRDA:287,22,1,0
BRDA:288,23,0,0
BRDA:288,23,1,0
BRDA:289,24,0,0
BRDA:289,24,1,0
BRDA:299,25,0,0
BRDA:299,25,1,0
BRDA:304,26,0,0
BRDA:304,26,1,0
BRDA:305,27,0,0
BRDA:305,27,1,0
BRDA:305,27,2,0
BRDA:306,28,0,0
BRDA:306,28,1,0
BRDA:306,28,2,0
BRDA:306,28,3,0
BRDA:333,29,0,0
BRDA:333,29,1,0
BRDA:339,30,0,0
BRDA:339,30,1,0
BRDA:421,31,0,0
BRDA:421,31,1,0
BRDA:431,32,0,0
BRDA:431,32,1,0
BRDA:435,33,0,0
BRDA:435,33,1,0
BRDA:435,34,0,0
BRDA:435,34,1,0
BRDA:435,34,2,0
BRDA:438,35,0,0
BRDA:438,35,1,0
BRDA:443,36,0,0
BRDA:443,36,1,0
BRDA:445,37,0,0
BRDA:445,37,1,0
BRDA:447,38,0,0
BRDA:447,38,1,0
BRDA:455,39,0,0
BRDA:455,39,1,0
BRDA:475,40,0,0
BRDA:475,40,1,0
BRDA:515,41,0,0
BRDA:515,41,1,0
BRDA:520,42,0,0
BRDA:520,42,1,0
BRDA:537,43,0,0
BRDA:537,43,1,0
BRDA:552,44,0,0
BRDA:552,44,1,0
BRDA:552,45,0,0
BRDA:552,45,1,0
BRDA:560,46,0,0
BRDA:560,46,1,0
BRDA:575,47,0,0
BRDA:575,47,1,0
BRDA:577,48,0,0
BRDA:577,48,1,0
BRDA:579,49,0,0
BRDA:579,49,1,0
BRDA:581,50,0,0
BRDA:581,50,1,0
BRDA:583,51,0,0
BRDA:583,51,1,0
BRDA:592,52,0,0
BRDA:592,52,1,0
BRDA:600,53,0,0
BRDA:600,53,1,0
BRDA:618,54,0,0
BRDA:618,54,1,0
BRDA:619,55,0,0
BRDA:619,55,1,0
BRDA:619,56,0,0
BRDA:619,56,1,0
BRDA:623,57,0,0
BRDA:623,57,1,0
BRDA:623,58,0,0
BRDA:623,58,1,0
BRDA:697,59,0,0
BRDA:697,59,1,0
BRDA:715,60,0,0
BRDA:715,60,1,0
BRDA:718,61,0,0
BRDA:718,61,1,0
BRDA:723,62,0,0
BRDA:723,62,1,0
BRDA:747,63,0,0
BRDA:747,63,1,0
BRDA:748,64,0,0
BRDA:748,64,1,0
BRDA:761,65,0,0
BRDA:761,65,1,0
BRDA:768,66,0,0
BRDA:768,66,1,0
BRDA:768,67,0,0
BRDA:768,67,1,0
BRDA:787,68,0,0
BRDA:787,68,1,0
BRDA:787,69,0,0
BRDA:787,69,1,0
BRDA:796,70,0,0
BRDA:796,70,1,0
BRDA:797,71,0,0
BRDA:797,71,1,0
BRDA:802,72,0,0
BRDA:802,72,1,0
BRDA:806,73,0,0
BRDA:806,73,1,0
BRDA:814,74,0,0
BRDA:814,74,1,0
BRDA:817,75,0,0
BRDA:817,75,1,0
BRDA:818,76,0,0
BRDA:818,76,1,0
BRDA:830,77,0,0
BRDA:830,77,1,0
BRDA:830,78,0,0
BRDA:830,78,1,0
BRDA:840,79,0,0
BRDA:840,79,1,0
BRDA:843,80,0,0
BRDA:843,80,1,0
BRDA:844,81,0,0
BRDA:844,81,1,0
BRDA:856,82,0,0
BRDA:856,82,1,0
BRDA:860,83,0,0
BRDA:860,83,1,0
BRDA:870,84,0,0
BRDA:870,84,1,0
BRDA:870,85,0,0
BRDA:870,85,1,0
BRDA:873,86,0,0
BRDA:873,86,1,0
BRDA:955,87,0,0
BRDA:955,87,1,0
BRDA:956,88,0,0
BRDA:956,88,1,0
BRDA:959,89,0,0
BRDA:959,89,1,0
BRDA:968,90,0,0
BRDA:968,90,1,0
BRDA:973,91,0,0
BRDA:973,91,1,0
BRDA:977,92,0,0
BRDA:977,92,1,0
BRDA:984,93,0,0
BRDA:984,93,1,0
BRDA:984,94,0,0
BRDA:984,94,1,0
BRDA:991,95,0,0
BRDA:991,95,1,0
BRDA:991,96,0,0
BRDA:991,96,1,0
BRDA:995,97,0,0
BRDA:995,97,1,0
BRDA:1012,98,0,0
BRDA:1012,98,1,0
BRDA:1018,99,0,0
BRDA:1018,99,1,0
BRDA:1026,100,0,0
BRDA:1026,100,1,0
BRDA:1054,101,0,0
BRDA:1054,101,1,0
BRDA:1054,102,0,0
BRDA:1054,102,1,0
BRDA:1062,103,0,0
BRDA:1062,103,1,0
BRDA:1065,104,0,0
BRDA:1065,104,1,0
BRDA:1072,105,0,0
BRDA:1072,105,1,0
BRDA:1076,106,0,0
BRDA:1076,106,1,0
BRDA:1084,107,0,0
BRDA:1084,107,1,0
BRDA:1086,108,0,0
BRDA:1086,108,1,0
BRDA:1088,109,0,0
BRDA:1088,109,1,0
BRDA:1090,110,0,0
BRDA:1090,110,1,0
BRDA:1092,111,0,0
BRDA:1092,111,1,0
BRDA:1094,112,0,0
BRDA:1094,112,1,0
BRDA:1097,113,0,0
BRDA:1097,113,1,0
BRDA:1099,114,0,0
BRDA:1099,114,1,0
BRDA:1116,115,0,0
BRDA:1116,115,1,0
BRDA:1119,116,0,0
BRDA:1119,116,1,0
BRDA:1119,117,0,0
BRDA:1119,117,1,0
BRDA:1137,118,0,0
BRDA:1137,118,1,0
BRDA:1140,119,0,0
BRDA:1140,119,1,0
BRDA:1148,120,0,0
BRDA:1148,120,1,0
BRDA:1148,121,0,0
BRDA:1148,121,1,0
BRDA:1155,122,0,0
BRDA:1155,122,1,0
BRDA:1163,123,0,0
BRDA:1163,123,1,0
BRDA:1171,124,0,0
BRDA:1171,124,1,0
BRDA:1205,125,0,0
BRDA:1205,125,1,0
BRDA:1225,126,0,0
BRDA:1225,126,1,0
BRDA:1232,127,0,0
BRDA:1232,127,1,0
BRDA:1247,128,0,0
BRDA:1247,128,1,0
BRDA:1249,129,0,0
BRDA:1249,129,1,0
BRDA:1263,130,0,0
BRDA:1263,130,1,0
BRDA:1267,131,0,0
BRDA:1267,131,1,0
BRDA:1272,132,0,0
BRDA:1272,132,1,0
BRDA:1285,133,0,0
BRDA:1285,133,1,0
BRDA:1285,134,0,0
BRDA:1285,134,1,0
BRDA:1296,135,0,0
BRDA:1296,135,1,0
BRDA:1305,136,0,0
BRDA:1305,136,1,0
BRDA:1321,137,0,0
BRDA:1321,137,1,0
BRDA:1351,138,0,0
BRDA:1351,138,1,0
BRDA:1355,139,0,0
BRDA:1355,139,1,0
BRDA:1378,140,0,0
BRDA:1378,140,1,0
BRDA:1384,141,0,0
BRDA:1384,141,1,0
BRDA:1397,142,0,0
BRDA:1397,142,1,0
BRDA:1405,143,0,0
BRDA:1405,143,1,0
BRDA:1409,144,0,0
BRDA:1409,144,1,0
BRDA:1409,145,0,0
BRDA:1409,145,1,0
BRDA:1411,146,0,0
BRDA:1411,146,1,0
BRDA:1411,147,0,0
BRDA:1411,147,1,0
BRDA:1411,147,2,0
BRDA:1412,148,0,0
BRDA:1412,148,1,0
BRDA:1422,149,0,0
BRDA:1422,149,1,0
BRDA:1422,150,0,0
BRDA:1422,150,1,0
BRDA:1428,151,0,0
BRDA:1428,151,1,0
BRDA:1457,152,0,0
BRDA:1457,152,1,0
BRDA:1490,153,0,0
BRDA:1490,153,1,0
BRDA:1490,154,0,0
BRDA:1490,154,1,0
BRDA:1508,155,0,0
BRDA:1508,155,1,0
BRDA:1508,155,2,0
BRDA:1508,155,3,0
BRDA:1508,155,4,0
BRDA:1508,155,5,0
BRDA:1508,155,6,0
BRDA:1508,155,7,0
BRDA:1522,156,0,0
BRDA:1522,156,1,0
BRDA:1522,157,0,0
BRDA:1522,157,1,0
BRDA:1523,158,0,0
BRDA:1523,158,1,0
BRDA:1551,159,0,0
BRDA:1551,159,1,0
BRDA:1658,160,0,0
BRDA:1658,160,1,0
BRDA:1659,161,0,0
BRDA:1659,161,1,0
BRDA:1663,162,0,0
BRDA:1663,162,1,0
BRDA:1675,163,0,0
BRDA:1675,163,1,0
BRDA:1675,164,0,0
BRDA:1675,164,1,0
BRDA:1681,165,0,0
BRDA:1681,165,1,0
BRDA:1681,166,0,0
BRDA:1681,166,1,0
BRDA:1688,167,0,0
BRDA:1688,167,1,0
BRDA:1704,168,0,0
BRDA:1704,168,1,0
BRDA:1709,169,0,0
BRDA:1709,169,1,0
BRDA:1725,170,0,0
BRDA:1725,170,1,0
BRDA:1738,171,0,0
BRDA:1738,171,1,0
BRDA:1774,172,0,0
BRDA:1774,172,1,0
BRDA:1779,173,0,0
BRDA:1779,173,1,0
BRDA:1785,174,0,0
BRDA:1785,174,1,0
BRDA:1797,175,0,0
BRDA:1797,175,1,0
BRDA:1802,176,0,0
BRDA:1802,176,1,0
BRDA:1814,177,0,0
BRDA:1814,177,1,0
BRDA:1827,178,0,0
BRDA:1827,178,1,0
BRDA:1841,179,0,0
BRDA:1841,179,1,0
BRDA:1841,180,0,0
BRDA:1841,180,1,0
BRDA:1841,180,2,0
BRDA:1841,180,3,0
BRDA:1847,181,0,0
BRDA:1847,181,1,0
BRDA:1860,182,0,0
BRDA:1860,182,1,0
BRDA:1860,183,0,0
BRDA:1860,183,1,0
BRDA:1860,183,2,0
BRDA:1860,183,3,0
BRDA:1872,184,0,0
BRDA:1872,184,1,0
BRDA:1882,185,0,0
BRDA:1882,185,1,0
BRDA:1922,186,0,0
BRDA:1922,186,1,0
BRDA:1924,187,0,0
BRDA:1924,187,1,0
BRDA:1924,188,0,0
BRDA:1924,188,1,0
BRF:393
BRH:0
end_of_record
TN:
SF:D:\mobile-wallet\client\src-cordova\platforms\android\app\build\intermediates\merged_assets\debug\mergeDebugAssets\out\www\cordova_plugins.js
FN:1,(anonymous_0)
FNF:1
FNH:0
FNDA:0,(anonymous_0)
DA:1,0
DA:2,0
DA:3,0
LF:3
LH:0
BRF:0
BRH:0
end_of_record
TN:
SF:D:\mobile-wallet\client\src-cordova\platforms\android\app\build\intermediates\merged_assets\debug\mergeDebugAssets\out\www\cordova-js-src\exec.js
FN:65,(anonymous_0)
FN:65,(anonymous_1)
FN:67,androidExec
FN:111,(anonymous_3)
FN:116,pollOnceFromOnlineEvent
FN:120,pollOnce
FN:134,pollingTimerFunc
FN:141,hookOnlineApis
FN:142,proxyEvent
FN:162,(anonymous_9)
FN:170,(anonymous_10)
FN:191,buildPayload
FN:223,processMessage
FN:244,processMessages
FN:270,popMessageFromQueue
FNF:15
FNH:0
FNDA:0,(anonymous_0)
FNDA:0,(anonymous_1)
FNDA:0,androidExec
FNDA:0,(anonymous_3)
FNDA:0,pollOnceFromOnlineEvent
FNDA:0,pollOnce
FNDA:0,pollingTimerFunc
FNDA:0,hookOnlineApis
FNDA:0,proxyEvent
FNDA:0,(anonymous_9)
FNDA:0,(anonymous_10)
FNDA:0,buildPayload
FNDA:0,processMessage
FNDA:0,processMessages
FNDA:0,popMessageFromQueue
DA:36,0
DA:37,0
DA:38,0
DA:39,0
DA:40,0
DA:41,0
DA:45,0
DA:58,0
DA:59,0
DA:60,0
DA:62,0
DA:63,0
DA:64,0
DA:65,0
DA:68,0
DA:73,0
DA:77,0
DA:78,0
DA:82,0
DA:85,0
DA:86,0
DA:87,0
DA:91,0
DA:92,0
DA:93,0
DA:94,0
DA:97,0
DA:100,0
DA:101,0
DA:102,0
DA:103,0
DA:104,0
DA:105,0
DA:107,0
DA:111,0
DA:112,0
DA:113,0
DA:117,0
DA:121,0
DA:124,0
DA:126,0
DA:127,0
DA:128,0
DA:130,0
DA:135,0
DA:136,0
DA:137,0
DA:143,0
DA:149,0
DA:150,0
DA:151,0
DA:152,0
DA:153,0
DA:154,0
DA:157,0
DA:159,0
DA:160,0
DA:162,0
DA:163,0
DA:164,0
DA:166,0
DA:167,0
DA:170,0
DA:171,0
DA:172,0
DA:174,0
DA:175,0
DA:178,0
DA:181,0
DA:182,0
DA:185,0
DA:186,0
DA:187,0
DA:192,0
DA:193,0
DA:194,0
DA:195,0
DA:196,0
DA:197,0
DA:198,0
DA:199,0
DA:200,0
DA:201,0
DA:202,0
DA:203,0
DA:204,0
DA:205,0
DA:206,0
DA:207,0
DA:208,0
DA:209,0
DA:210,0
DA:211,0
DA:212,0
DA:213,0
DA:214,0
DA:215,0
DA:218,0
DA:224,0
DA:225,0
DA:227,0
DA:228,0
DA:229,0
DA:230,0
DA:231,0
DA:232,0
DA:233,0
DA:234,0
DA:235,0
DA:236,0
DA:237,0
DA:238,0
DA:240,0
DA:246,0
DA:247,0
DA:249,0
DA:250,0
DA:252,0
DA:253,0
DA:254,0
DA:257,0
DA:258,0
DA:259,0
DA:261,0
DA:263,0
DA:264,0
DA:265,0
DA:271,0
DA:272,0
DA:273,0
DA:276,0
DA:277,0
DA:278,0
DA:279,0
DA:280,0
DA:281,0
DA:283,0
DA:286,0
LF:138
LH:0
BRDA:64,0,0,0
BRDA:64,0,1,0
BRDA:65,1,0,0
BRDA:65,1,1,0
BRDA:68,2,0,0
BRDA:68,2,1,0
BRDA:77,3,0,0
BRDA:77,3,1,0
BRDA:82,4,0,0
BRDA:82,4,1,0
BRDA:86,5,0,0
BRDA:86,5,1,0
BRDA:93,6,0,0
BRDA:93,6,1,0
BRDA:93,7,0,0
BRDA:93,7,1,0
BRDA:100,8,0,0
BRDA:100,8,1,0
BRDA:100,9,0,0
BRDA:100,9,1,0
BRDA:104,10,0,0
BRDA:104,10,1,0
BRDA:121,11,0,0
BRDA:121,11,1,0
BRDA:127,12,0,0
BRDA:127,12,1,0
BRDA:135,13,0,0
BRDA:135,13,1,0
BRDA:163,14,0,0
BRDA:163,14,1,0
BRDA:163,15,0,0
BRDA:163,15,1,0
BRDA:171,16,0,0
BRDA:171,16,1,0
BRDA:174,17,0,0
BRDA:174,17,1,0
BRDA:181,18,0,0
BRDA:181,18,1,0
BRDA:185,19,0,0
BRDA:185,19,1,0
BRDA:193,20,0,0
BRDA:193,20,1,0
BRDA:195,21,0,0
BRDA:195,21,1,0
BRDA:197,22,0,0
BRDA:197,22,1,0
BRDA:199,23,0,0
BRDA:199,23,1,0
BRDA:201,24,0,0
BRDA:201,24,1,0
BRDA:203,25,0,0
BRDA:203,25,1,0
BRDA:206,26,0,0
BRDA:206,26,1,0
BRDA:208,27,0,0
BRDA:208,27,1,0
BRDA:225,28,0,0
BRDA:225,28,1,0
BRDA:228,29,0,0
BRDA:228,29,1,0
BRDA:228,30,0,0
BRDA:228,30,1,0
BRDA:246,31,0,0
BRDA:246,31,1,0
BRDA:249,32,0,0
BRDA:249,32,1,0
BRDA:257,33,0,0
BRDA:257,33,1,0
BRDA:257,34,0,0
BRDA:257,34,1,0
BRDA:264,35,0,0
BRDA:264,35,1,0
BRDA:272,36,0,0
BRDA:272,36,1,0
BRDA:280,37,0,0
BRDA:280,37,1,0
BRF:76
BRH:0
end_of_record
TN:
SF:D:\mobile-wallet\client\src-cordova\platforms\android\app\build\intermediates\merged_assets\debug\mergeDebugAssets\out\www\cordova-js-src\platform.js
FN:27,(anonymous_0)
FN:43,(anonymous_1)
FN:53,bindButtonChannel
FN:56,(anonymous_3)
FN:69,(anonymous_4)
FN:79,(anonymous_5)
FN:86,onMessageFromNative
FNF:7
FNH:0
FNDA:0,(anonymous_0)
FNDA:0,(anonymous_1)
FNDA:0,bindButtonChannel
FNDA:0,(anonymous_3)
FNDA:0,(anonymous_4)
FNDA:0,(anonymous_5)
FNDA:0,onMessageFromNative
DA:23,0
DA:25,0
DA:28,0
DA:29,0
DA:30,0
DA:31,0
DA:34,0
DA:37,0
DA:39,0
DA:42,0
DA:43,0
DA:46,0
DA:50,0
DA:51,0
DA:55,0
DA:56,0
DA:57,0
DA:61,0
DA:62,0
DA:67,0
DA:69,0
DA:70,0
DA:72,0
DA:73,0
DA:79,0
DA:80,0
DA:81,0
DA:87,0
DA:88,0
DA:90,0
DA:101,0
DA:102,0
DA:104,0
DA:105,0
DA:106,0
DA:109,0
DA:110,0
DA:111,0
DA:113,0
DA:118,0
DA:120,0
DA:121,0
DA:123,0
LF:43
LH:0
BRDA:39,0,0,0
BRDA:39,0,1,0
BRDA:72,1,0,0
BRDA:72,1,1,0
BRDA:72,2,0,0
BRDA:72,2,1,0
BRDA:90,3,0,0
BRDA:90,3,1,0
BRDA:90,3,2,0
BRDA:90,3,3,0
BRDA:90,3,4,0
BRDA:90,3,5,0
BRDA:90,3,6,0
BRDA:90,3,7,0
BRDA:104,4,0,0
BRDA:104,4,1,0
BRDA:104,5,0,0
BRDA:104,5,1,0
BRDA:105,6,0,0
BRDA:105,6,1,0
BRF:20
BRH:0
end_of_record
TN:
SF:D:\mobile-wallet\client\src-cordova\platforms\android\app\build\intermediates\merged_assets\debug\mergeDebugAssets\out\www\cordova-js-src\android\nativeapiprovider.js
FN:28,(anonymous_0)
FN:29,(anonymous_1)
FN:33,(anonymous_2)
FNF:3
FNH:0
FNDA:0,(anonymous_0)
FNDA:0,(anonymous_1)
FNDA:0,(anonymous_2)
DA:24,0
DA:25,0
DA:27,0
DA:28,0
DA:30,0
DA:34,0
LF:6
LH:0
BRDA:24,0,0,0
BRDA:24,0,1,0
BRDA:30,1,0,0
BRDA:30,1,1,0
BRF:4
BRH:0
end_of_record
TN:
SF:D:\mobile-wallet\client\src-cordova\platforms\android\app\build\intermediates\merged_assets\debug\mergeDebugAssets\out\www\cordova-js-src\android\promptbasednativeapi.js
FN:26,(anonymous_0)
FN:29,(anonymous_1)
FN:32,(anonymous_2)
FNF:3
FNH:0
FNDA:0,(anonymous_0)
FNDA:0,(anonymous_1)
FNDA:0,(anonymous_2)
DA:25,0
DA:27,0
DA:30,0
DA:33,0
LF:4
LH:0
BRF:0
BRH:0
end_of_record
TN:
SF:D:\mobile-wallet\client\src-cordova\platforms\android\app\build\intermediates\merged_assets\debug\mergeDebugAssets\out\www\cordova-js-src\plugin\android\app.js
FN:29,(anonymous_0)
FN:47,(anonymous_1)
FN:54,(anonymous_2)
FN:62,(anonymous_3)
FN:70,(anonymous_4)
FN:83,(anonymous_5)
FN:98,(anonymous_6)
FN:105,(anonymous_7)
FNF:8
FNH:0
FNDA:0,(anonymous_0)
FNDA:0,(anonymous_1)
FNDA:0,(anonymous_2)
FNDA:0,(anonymous_3)
FNDA:0,(anonymous_4)
FNDA:0,(anonymous_5)
FNDA:0,(anonymous_6)
FNDA:0,(anonymous_7)
DA:22,0
DA:23,0
DA:25,0
DA:30,0
DA:48,0
DA:55,0
DA:63,0
DA:71,0
DA:84,0
DA:99,0
DA:106,0
LF:11
LH:0
BRDA:23,0,0,0
BRDA:23,0,1,0
BRF:2
BRH:0
end_of_record
TN:
SF:D:\mobile-wallet\client\src-cordova\platforms\android\app\src\main\assets\www\cordova.js
FN:21,(anonymous_0)
FN:27,(anonymous_1)
FN:35,build
FN:37,(anonymous_3)
FN:51,(anonymous_4)
FN:71,(anonymous_5)
FN:82,(anonymous_6)
FN:96,(anonymous_7)
FN:122,(anonymous_8)
FN:131,(anonymous_9)
FN:140,(anonymous_10)
FN:150,(anonymous_11)
FN:160,createEvent
FN:186,(anonymous_13)
FN:189,(anonymous_14)
FN:192,(anonymous_15)
FN:195,(anonymous_16)
FN:198,(anonymous_17)
FN:206,(anonymous_18)
FN:214,(anonymous_19)
FN:220,(anonymous_20)
FN:232,(anonymous_21)
FN:235,(anonymous_22)
FN:266,(anonymous_23)
FN:273,(anonymous_24)
FN:282,(anonymous_25)
FN:311,(anonymous_26)
FN:312,(anonymous_27)
FN:327,(anonymous_28)
FN:337,(anonymous_29)
FN:338,(anonymous_30)
FN:342,(anonymous_31)
FN:350,(anonymous_32)
FN:358,(anonymous_33)
FN:361,(anonymous_34)
FN:364,(anonymous_35)
FN:372,(anonymous_36)
FN:387,extractParamName
FN:420,checkArgs
FN:454,getValue
FN:465,(anonymous_40)
FN:469,(anonymous_41)
FN:474,(anonymous_42)
FN:494,(anonymous_43)
FN:501,(anonymous_44)
FN:505,uint8ToBase64
FN:531,(anonymous_46)
FN:535,each
FN:543,clobber
FN:553,(anonymous_49)
FN:559,assignOrWrapInDeprecateGetter
FN:561,(anonymous_51)
FN:572,include
FN:573,(anonymous_53)
FN:616,recursiveMerge
FN:633,(anonymous_55)
FN:636,(anonymous_56)
FN:639,(anonymous_57)
FN:644,(anonymous_58)
FN:649,(anonymous_59)
FN:692,(anonymous_60)
FN:711,(anonymous_61)
FN:714,(anonymous_62)
FN:726,(anonymous_63)
FN:729,(anonymous_64)
FN:746,(anonymous_65)
FN:759,(anonymous_66)
FN:767,checkSubscriptionArgument
FN:783,(anonymous_68)
FN:826,(anonymous_69)
FN:852,(anonymous_70)
FN:911,(anonymous_71)
FN:956,(anonymous_72)
FN:956,(anonymous_73)
FN:958,androidExec
FN:1002,(anonymous_75)
FN:1007,pollOnceFromOnlineEvent
FN:1011,pollOnce
FN:1025,pollingTimerFunc
FN:1032,hookOnlineApis
FN:1033,proxyEvent
FN:1053,(anonymous_81)
FN:1061,(anonymous_82)
FN:1082,buildPayload
FN:1114,processMessage
FN:1135,processMessages
FN:1161,popMessageFromQueue
FN:1182,(anonymous_87)
FN:1190,(anonymous_88)
FN:1197,(anonymous_89)
FN:1204,(anonymous_90)
FN:1212,(anonymous_91)
FN:1223,logUnfiredChannels
FN:1231,(anonymous_93)
FN:1241,replaceNavigator
FN:1242,(anonymous_95)
FN:1252,(anonymous_96)
FN:1253,(anonymous_97)
FN:1269,(anonymous_98)
FN:1273,(anonymous_99)
FN:1288,(anonymous_100)
FN:1309,(anonymous_101)
FN:1310,(anonymous_102)
FN:1318,(anonymous_103)
FN:1329,(anonymous_104)
FN:1338,(anonymous_105)
FN:1345,(anonymous_106)
FN:1350,addEntry
FN:1361,(anonymous_108)
FN:1365,(anonymous_109)
FN:1369,(anonymous_110)
FN:1373,(anonymous_111)
FN:1377,prepareNamespace
FN:1389,(anonymous_113)
FN:1420,(anonymous_114)
FN:1438,(anonymous_115)
FN:1445,(anonymous_116)
FN:1461,(anonymous_117)
FN:1471,bindButtonChannel
FN:1474,(anonymous_119)
FN:1487,(anonymous_120)
FN:1497,(anonymous_121)
FN:1504,onMessageFromNative
FN:1548,(anonymous_123)
FN:1557,(anonymous_124)
FN:1575,(anonymous_125)
FN:1582,(anonymous_126)
FN:1590,(anonymous_127)
FN:1598,(anonymous_128)
FN:1611,(anonymous_129)
FN:1626,(anonymous_130)
FN:1633,(anonymous_131)
FN:1641,(anonymous_132)
FN:1647,(anonymous_133)
FN:1657,injectIfNecessary
FN:1662,(anonymous_135)
FN:1672,onScriptLoadingComplete
FN:1700,handlePluginsObject
FN:1708,scriptLoadedCallback
FN:1719,findCordovaPath
FN:1736,(anonymous_140)
FN:1742,(anonymous_141)
FN:1751,(anonymous_142)
FN:1757,makeAbsolute
FN:1766,(anonymous_144)
FN:1773,(anonymous_145)
FN:1796,(anonymous_146)
FN:1812,(anonymous_147)
FN:1820,(anonymous_148)
FN:1828,(anonymous_149)
FN:1833,(anonymous_150)
FN:1840,(anonymous_151)
FN:1870,(anonymous_152)
FN:1871,(anonymous_153)
FN:1878,UUIDcreatePart
FN:1893,(anonymous_155)
FN:1905,(anonymous_156)
FN:1907,(anonymous_157)
FN:1909,(anonymous_158)
FN:1921,(anonymous_159)
FNF:160
FNH:0
FNDA:0,(anonymous_0)
FNDA:0,(anonymous_1)
FNDA:0,build
FNDA:0,(anonymous_3)
FNDA:0,(anonymous_4)
FNDA:0,(anonymous_5)
FNDA:0,(anonymous_6)
FNDA:0,(anonymous_7)
FNDA:0,(anonymous_8)
FNDA:0,(anonymous_9)
FNDA:0,(anonymous_10)
FNDA:0,(anonymous_11)
FNDA:0,createEvent
FNDA:0,(anonymous_13)
FNDA:0,(anonymous_14)
FNDA:0,(anonymous_15)
FNDA:0,(anonymous_16)
FNDA:0,(anonymous_17)
FNDA:0,(anonymous_18)
FNDA:0,(anonymous_19)
FNDA:0,(anonymous_20)
FNDA:0,(anonymous_21)
FNDA:0,(anonymous_22)
FNDA:0,(anonymous_23)
FNDA:0,(anonymous_24)
FNDA:0,(anonymous_25)
FNDA:0,(anonymous_26)
FNDA:0,(anonymous_27)
FNDA:0,(anonymous_28)
FNDA:0,(anonymous_29)
FNDA:0,(anonymous_30)
FNDA:0,(anonymous_31)
FNDA:0,(anonymous_32)
FNDA:0,(anonymous_33)
FNDA:0,(anonymous_34)
FNDA:0,(anonymous_35)
FNDA:0,(anonymous_36)
FNDA:0,extractParamName
FNDA:0,checkArgs
FNDA:0,getValue
FNDA:0,(anonymous_40)
FNDA:0,(anonymous_41)
FNDA:0,(anonymous_42)
FNDA:0,(anonymous_43)
FNDA:0,(anonymous_44)
FNDA:0,uint8ToBase64
FNDA:0,(anonymous_46)
FNDA:0,each
FNDA:0,clobber
FNDA:0,(anonymous_49)
FNDA:0,assignOrWrapInDeprecateGetter
FNDA:0,(anonymous_51)
FNDA:0,include
FNDA:0,(anonymous_53)
FNDA:0,recursiveMerge
FNDA:0,(anonymous_55)
FNDA:0,(anonymous_56)
FNDA:0,(anonymous_57)
FNDA:0,(anonymous_58)
FNDA:0,(anonymous_59)
FNDA:0,(anonymous_60)
FNDA:0,(anonymous_61)
FNDA:0,(anonymous_62)
FNDA:0,(anonymous_63)
FNDA:0,(anonymous_64)
FNDA:0,(anonymous_65)
FNDA:0,(anonymous_66)
FNDA:0,checkSubscriptionArgument
FNDA:0,(anonymous_68)
FNDA:0,(anonymous_69)
FNDA:0,(anonymous_70)
FNDA:0,(anonymous_71)
FNDA:0,(anonymous_72)
FNDA:0,(anonymous_73)
FNDA:0,androidExec
FNDA:0,(anonymous_75)
FNDA:0,pollOnceFromOnlineEvent
FNDA:0,pollOnce
FNDA:0,pollingTimerFunc
FNDA:0,hookOnlineApis
FNDA:0,proxyEvent
FNDA:0,(anonymous_81)
FNDA:0,(anonymous_82)
FNDA:0,buildPayload
FNDA:0,processMessage
FNDA:0,processMessages
FNDA:0,popMessageFromQueue
FNDA:0,(anonymous_87)
FNDA:0,(anonymous_88)
FNDA:0,(anonymous_89)
FNDA:0,(anonymous_90)
FNDA:0,(anonymous_91)
FNDA:0,logUnfiredChannels
FNDA:0,(anonymous_93)
FNDA:0,replaceNavigator
FNDA:0,(anonymous_95)
FNDA:0,(anonymous_96)
FNDA:0,(anonymous_97)
FNDA:0,(anonymous_98)
FNDA:0,(anonymous_99)
FNDA:0,(anonymous_100)
FNDA:0,(anonymous_101)
FNDA:0,(anonymous_102)
FNDA:0,(anonymous_103)
FNDA:0,(anonymous_104)
FNDA:0,(anonymous_105)
FNDA:0,(anonymous_106)
FNDA:0,addEntry
FNDA:0,(anonymous_108)
FNDA:0,(anonymous_109)
FNDA:0,(anonymous_110)
FNDA:0,(anonymous_111)
FNDA:0,prepareNamespace
FNDA:0,(anonymous_113)
FNDA:0,(anonymous_114)
FNDA:0,(anonymous_115)
FNDA:0,(anonymous_116)
FNDA:0,(anonymous_117)
FNDA:0,bindButtonChannel
FNDA:0,(anonymous_119)
FNDA:0,(anonymous_120)
FNDA:0,(anonymous_121)
FNDA:0,onMessageFromNative
FNDA:0,(anonymous_123)
FNDA:0,(anonymous_124)
FNDA:0,(anonymous_125)
FNDA:0,(anonymous_126)
FNDA:0,(anonymous_127)
FNDA:0,(anonymous_128)
FNDA:0,(anonymous_129)
FNDA:0,(anonymous_130)
FNDA:0,(anonymous_131)
FNDA:0,(anonymous_132)
FNDA:0,(anonymous_133)
FNDA:0,injectIfNecessary
FNDA:0,(anonymous_135)
FNDA:0,onScriptLoadingComplete
FNDA:0,handlePluginsObject
FNDA:0,scriptLoadedCallback
FNDA:0,findCordovaPath
FNDA:0,(anonymous_140)
FNDA:0,(anonymous_141)
FNDA:0,(anonymous_142)
FNDA:0,makeAbsolute
FNDA:0,(anonymous_144)
FNDA:0,(anonymous_145)
FNDA:0,(anonymous_146)
FNDA:0,(anonymous_147)
FNDA:0,(anonymous_148)
FNDA:0,(anonymous_149)
FNDA:0,(anonymous_150)
FNDA:0,(anonymous_151)
FNDA:0,(anonymous_152)
FNDA:0,(anonymous_153)
FNDA:0,UUIDcreatePart
FNDA:0,(anonymous_155)
FNDA:0,(anonymous_156)
FNDA:0,(anonymous_157)
FNDA:0,(anonymous_158)
FNDA:0,(anonymous_159)
DA:21,0
DA:22,0
DA:27,0
DA:28,0
DA:30,0
DA:32,0
DA:33,0
DA:36,0
DA:37,0
DA:38,0
DA:40,0
DA:41,0
DA:43,0
DA:45,0
DA:46,0
DA:47,0
DA:48,0
DA:51,0
DA:52,0
DA:53,0
DA:54,0
DA:55,0
DA:56,0
DA:58,0
DA:59,0
DA:60,0
DA:61,0
DA:62,0
DA:64,0
DA:65,0
DA:68,0
DA:71,0
DA:72,0
DA:73,0
DA:76,0
DA:82,0
DA:83,0
DA:86,0
DA:90,0
DA:91,0
DA:92,0
DA:96,0
DA:100,0
DA:101,0
DA:104,0
DA:105,0
DA:111,0
DA:112,0
DA:113,0
DA:114,0
DA:119,0
DA:120,0
DA:122,0
DA:123,0
DA:124,0
DA:125,0
DA:127,0
DA:131,0
DA:132,0
DA:133,0
DA:134,0
DA:136,0
DA:140,0
DA:141,0
DA:143,0
DA:144,0
DA:146,0
DA:150,0
DA:151,0
DA:153,0
DA:154,0
DA:156,0
DA:161,0
DA:162,0
DA:163,0
DA:164,0
DA:165,0
DA:166,0
DA:170,0
DA:174,0
DA:187,0
DA:190,0
DA:193,0
DA:196,0
DA:199,0
DA:207,0
DA:215,0
DA:216,0
DA:217,0
DA:218,0
DA:220,0
DA:222,0
DA:223,0
DA:225,0
DA:229,0
DA:233,0
DA:234,0
DA:235,0
DA:236,0
DA:239,0
DA:267,0
DA:276,0
DA:283,0
DA:284,0
DA:285,0
DA:286,0
DA:287,0
DA:288,0
DA:289,0
DA:299,0
DA:300,0
DA:304,0
DA:305,0
DA:306,0
DA:307,0
DA:308,0
DA:312,0
DA:313,0
DA:314,0
DA:316,0
DA:322,0
DA:327,0
DA:333,0
DA:334,0
DA:336,0
DA:337,0
DA:339,0
DA:343,0
DA:350,0
DA:357,0
DA:359,0
DA:362,0
DA:365,0
DA:372,0
DA:374,0
DA:376,0
DA:378,0
DA:388,0
DA:421,0
DA:422,0
DA:424,0
DA:426,0
DA:427,0
DA:428,0
DA:429,0
DA:431,0
DA:432,0
DA:434,0
DA:435,0
DA:436,0
DA:438,0
DA:439,0
DA:440,0
DA:443,0
DA:444,0
DA:445,0
DA:447,0
DA:448,0
DA:450,0
DA:455,0
DA:458,0
DA:459,0
DA:460,0
DA:465,0
DA:467,0
DA:469,0
DA:470,0
DA:471,0
DA:474,0
DA:475,0
DA:476,0
DA:477,0
DA:478,0
DA:479,0
DA:481,0
DA:491,0
DA:494,0
DA:495,0
DA:496,0
DA:497,0
DA:498,0
DA:501,0
DA:502,0
DA:506,0
DA:507,0
DA:509,0
DA:510,0
DA:511,0
DA:512,0
DA:513,0
DA:515,0
DA:516,0
DA:517,0
DA:518,0
DA:519,0
DA:520,0
DA:521,0
DA:522,0
DA:523,0
DA:525,0
DA:531,0
DA:533,0
DA:536,0
DA:537,0
DA:538,0
DA:544,0
DA:545,0
DA:546,0
DA:547,0
DA:549,0
DA:552,0
DA:553,0
DA:554,0
DA:560,0
DA:561,0
DA:562,0
DA:563,0
DA:564,0
DA:565,0
DA:568,0
DA:573,0
DA:574,0
DA:575,0
DA:577,0
DA:579,0
DA:580,0
DA:581,0
DA:583,0
DA:584,0
DA:586,0
DA:589,0
DA:592,0
DA:593,0
DA:596,0
DA:600,0
DA:601,0
DA:604,0
DA:617,0
DA:618,0
DA:619,0
DA:621,0
DA:623,0
DA:624,0
DA:626,0
DA:633,0
DA:634,0
DA:636,0
DA:637,0
DA:639,0
DA:640,0
DA:642,0
DA:643,0
DA:644,0
DA:649,0
DA:651,0
DA:652,0
DA:692,0
DA:693,0
DA:695,0
DA:697,0
DA:699,0
DA:701,0
DA:704,0
DA:706,0
DA:712,0
DA:713,0
DA:714,0
DA:715,0
DA:717,0
DA:718,0
DA:719,0
DA:721,0
DA:723,0
DA:727,0
DA:730,0
DA:747,0
DA:748,0
DA:749,0
DA:750,0
DA:760,0
DA:761,0
DA:762,0
DA:768,0
DA:769,0
DA:783,0
DA:784,0
DA:787,0
DA:789,0
DA:790,0
DA:793,0
DA:796,0
DA:797,0
DA:798,0
DA:801,0
DA:802,0
DA:803,0
DA:806,0
DA:808,0
DA:810,0
DA:811,0
DA:814,0
DA:815,0
DA:816,0
DA:817,0
DA:818,0
DA:826,0
DA:827,0
DA:830,0
DA:832,0
DA:835,0
DA:838,0
DA:839,0
DA:840,0
DA:841,0
DA:842,0
DA:843,0
DA:844,0
DA:852,0
DA:853,0
DA:854,0
DA:856,0
DA:857,0
DA:858,0
DA:860,0
DA:863,0
DA:864,0
DA:865,0
DA:867,0
DA:868,0
DA:870,0
DA:871,0
DA:872,0
DA:873,0
DA:880,0
DA:883,0
DA:887,0
DA:891,0
DA:894,0
DA:897,0
DA:900,0
DA:903,0
DA:904,0
DA:906,0
DA:911,0
DA:927,0
DA:928,0
DA:929,0
DA:930,0
DA:931,0
DA:932,0
DA:936,0
DA:949,0
DA:950,0
DA:951,0
DA:953,0
DA:954,0
DA:955,0
DA:956,0
DA:959,0
DA:964,0
DA:968,0
DA:969,0
DA:973,0
DA:976,0
DA:977,0
DA:978,0
DA:982,0
DA:983,0
DA:984,0
DA:985,0
DA:988,0
DA:991,0
DA:992,0
DA:993,0
DA:994,0
DA:995,0
DA:996,0
DA:998,0
DA:1002,0
DA:1003,0
DA:1004,0
DA:1008,0
DA:1012,0
DA:1015,0
DA:1017,0
DA:1018,0
DA:1019,0
DA:1021,0
DA:1026,0
DA:1027,0
DA:1028,0
DA:1034,0
DA:1040,0
DA:1041,0
DA:1042,0
DA:1043,0
DA:1044,0
DA:1045,0
DA:1048,0
DA:1050,0
DA:1051,0
DA:1053,0
DA:1054,0
DA:1055,0
DA:1057,0
DA:1058,0
DA:1061,0
DA:1062,0
DA:1063,0
DA:1065,0
DA:1066,0
DA:1069,0
DA:1072,0
DA:1073,0
DA:1076,0
DA:1077,0
DA:1078,0
DA:1083,0
DA:1084,0
DA:1085,0
DA:1086,0
DA:1087,0
DA:1088,0
DA:1089,0
DA:1090,0
DA:1091,0
DA:1092,0
DA:1093,0
DA:1094,0
DA:1095,0
DA:1096,0
DA:1097,0
DA:1098,0
DA:1099,0
DA:1100,0
DA:1101,0
DA:1102,0
DA:1103,0
DA:1104,0
DA:1105,0
DA:1106,0
DA:1109,0
DA:1115,0
DA:1116,0
DA:1118,0
DA:1119,0
DA:1120,0
DA:1121,0
DA:1122,0
DA:1123,0
DA:1124,0
DA:1125,0
DA:1126,0
DA:1127,0
DA:1128,0
DA:1129,0
DA:1131,0
DA:1137,0
DA:1138,0
DA:1140,0
DA:1141,0
DA:1143,0
DA:1144,0
DA:1145,0
DA:1148,0
DA:1149,0
DA:1150,0
DA:1152,0
DA:1154,0
DA:1155,0
DA:1156,0
DA:1162,0
DA:1163,0
DA:1164,0
DA:1167,0
DA:1168,0
DA:1169,0
DA:1170,0
DA:1171,0
DA:1172,0
DA:1174,0
DA:1177,0
DA:1182,0
DA:1185,0
DA:1187,0
DA:1191,0
DA:1192,0
DA:1193,0
DA:1198,0
DA:1199,0
DA:1200,0
DA:1201,0
DA:1205,0
DA:1212,0
DA:1214,0
DA:1215,0
DA:1216,0
DA:1217,0
DA:1218,0
DA:1219,0
DA:1221,0
DA:1224,0
DA:1225,0
DA:1226,0
DA:1231,0
DA:1232,0
DA:1233,0
DA:1234,0
DA:1235,0
DA:1242,0
DA:1243,0
DA:1244,0
DA:1247,0
DA:1248,0
DA:1249,0
DA:1250,0
DA:1252,0
DA:1253,0
DA:1254,0
DA:1260,0
DA:1263,0
DA:1264,0
DA:1267,0
DA:1268,0
DA:1272,0
DA:1273,0
DA:1274,0
DA:1279,0
DA:1280,0
DA:1281,0
DA:1282,0
DA:1285,0
DA:1286,0
DA:1288,0
DA:1289,0
DA:1296,0
DA:1297,0
DA:1300,0
DA:1301,0
DA:1302,0
DA:1305,0
DA:1309,0
DA:1310,0
DA:1311,0
DA:1318,0
DA:1319,0
DA:1321,0
DA:1324,0
DA:1329,0
DA:1330,0
DA:1338,0
DA:1340,0
DA:1341,0
DA:1345,0
DA:1346,0
DA:1347,0
DA:1351,0
DA:1352,0
DA:1354,0
DA:1355,0
DA:1356,0
DA:1361,0
DA:1362,0
DA:1365,0
DA:1366,0
DA:1369,0
DA:1370,0
DA:1373,0
DA:1374,0
DA:1378,0
DA:1379,0
DA:1381,0
DA:1382,0
DA:1383,0
DA:1384,0
DA:1386,0
DA:1389,0
DA:1390,0
DA:1391,0
DA:1392,0
DA:1393,0
DA:1394,0
DA:1395,0
DA:1397,0
DA:1398,0
DA:1400,0
DA:1401,0
DA:1402,0
DA:1403,0
DA:1405,0
DA:1406,0
DA:1407,0
DA:1409,0
DA:1410,0
DA:1411,0
DA:1412,0
DA:1413,0
DA:1415,0
DA:1420,0
DA:1421,0
DA:1422,0
DA:1423,0
DA:1425,0
DA:1426,0
DA:1427,0
DA:1428,0
DA:1430,0
DA:1433,0
DA:1438,0
DA:1441,0
DA:1443,0
DA:1446,0
DA:1447,0
DA:1448,0
DA:1449,0
DA:1452,0
DA:1455,0
DA:1457,0
DA:1460,0
DA:1461,0
DA:1464,0
DA:1468,0
DA:1469,0
DA:1473,0
DA:1474,0
DA:1475,0
DA:1479,0
DA:1480,0
DA:1485,0
DA:1487,0
DA:1488,0
DA:1490,0
DA:1491,0
DA:1497,0
DA:1498,0
DA:1499,0
DA:1505,0
DA:1506,0
DA:1508,0
DA:1519,0
DA:1520,0
DA:1522,0
DA:1523,0
DA:1524,0
DA:1527,0
DA:1528,0
DA:1529,0
DA:1531,0
DA:1536,0
DA:1538,0
DA:1539,0
DA:1541,0
DA:1548,0
DA:1550,0
DA:1551,0
DA:1553,0
DA:1558,0
DA:1576,0
DA:1583,0
DA:1591,0
DA:1599,0
DA:1612,0
DA:1627,0
DA:1634,0
DA:1641,0
DA:1643,0
DA:1647,0
DA:1648,0
DA:1650,0
DA:1652,0
DA:1653,0
DA:1654,0
DA:1658,0
DA:1659,0
DA:1660,0
DA:1662,0
DA:1663,0
DA:1664,0
DA:1666,0
DA:1674,0
DA:1675,0
DA:1676,0
DA:1677,0
DA:1681,0
DA:1682,0
DA:1683,0
DA:1688,0
DA:1689,0
DA:1693,0
DA:1702,0
DA:1704,0
DA:1705,0
DA:1706,0
DA:1709,0
DA:1710,0
DA:1714,0
DA:1715,0
DA:1720,0
DA:1721,0
DA:1722,0
DA:1723,0
DA:1724,0
DA:1725,0
DA:1726,0
DA:1727,0
DA:1730,0
DA:1736,0
DA:1737,0
DA:1738,0
DA:1739,0
DA:1740,0
DA:1742,0
DA:1743,0
DA:1744,0
DA:1751,0
DA:1757,0
DA:1758,0
DA:1759,0
DA:1760,0
DA:1766,0
DA:1768,0
DA:1773,0
DA:1774,0
DA:1775,0
DA:1779,0
DA:1780,0
DA:1782,0
DA:1784,0
DA:1785,0
DA:1786,0
DA:1794,0
DA:1796,0
DA:1797,0
DA:1798,0
DA:1800,0
DA:1801,0
DA:1802,0
DA:1803,0
DA:1806,0
DA:1812,0
DA:1813,0
DA:1814,0
DA:1815,0
DA:1817,0
DA:1820,0
DA:1821,0
DA:1827,0
DA:1828,0
DA:1833,0
DA:1834,0
DA:1840,0
DA:1841,0
DA:1842,0
DA:1847,0
DA:1848,0
DA:1849,0
DA:1850,0
DA:1852,0
DA:1855,0
DA:1856,0
DA:1860,0
DA:1861,0
DA:1864,0
DA:1870,0
DA:1871,0
DA:1872,0
DA:1873,0
DA:1879,0
DA:1880,0
DA:1881,0
DA:1882,0
DA:1883,0
DA:1885,0
DA:1887,0
DA:1893,0
DA:1894,0
DA:1905,0
DA:1907,0
DA:1909,0
DA:1911,0
DA:1912,0
DA:1913,0
DA:1914,0
DA:1921,0
DA:1922,0
DA:1923,0
DA:1924,0
DA:1925,0
DA:1931,0
DA:1933,0
LF:790
LH:0
BRDA:40,0,0,0
BRDA:40,0,1,0
BRDA:52,1,0,0
BRDA:52,1,1,0
BRDA:54,2,0,0
BRDA:54,2,1,0
BRDA:58,3,0,0
BRDA:58,3,1,0
BRDA:72,4,0,0
BRDA:72,4,1,0
BRDA:90,5,0,0
BRDA:90,5,1,0
BRDA:90,6,0,0
BRDA:90,6,1,0
BRDA:100,7,0,0
BRDA:100,7,1,0
BRDA:100,8,0,0
BRDA:100,8,1,0
BRDA:124,9,0,0
BRDA:124,9,1,0
BRDA:133,10,0,0
BRDA:133,10,1,0
BRDA:143,11,0,0
BRDA:143,11,1,0
BRDA:153,12,0,0
BRDA:153,12,1,0
BRDA:163,13,0,0
BRDA:163,13,1,0
BRDA:165,14,0,0
BRDA:165,14,1,0
BRDA:216,15,0,0
BRDA:216,15,1,0
BRDA:217,16,0,0
BRDA:217,16,1,0
BRDA:222,17,0,0
BRDA:222,17,1,0
BRDA:234,18,0,0
BRDA:234,18,1,0
BRDA:285,19,0,0
BRDA:285,19,1,0
BRDA:286,20,0,0
BRDA:286,20,1,0
BRDA:286,21,0,0
BRDA:286,21,1,0
BRDA:287,22,0,0
BRDA:287,22,1,0
BRDA:288,23,0,0
BRDA:288,23,1,0
BRDA:289,24,0,0
BRDA:289,24,1,0
BRDA:299,25,0,0
BRDA:299,25,1,0
BRDA:304,26,0,0
BRDA:304,26,1,0
BRDA:305,27,0,0
BRDA:305,27,1,0
BRDA:305,27,2,0
BRDA:306,28,0,0
BRDA:306,28,1,0
BRDA:306,28,2,0
BRDA:306,28,3,0
BRDA:333,29,0,0
BRDA:333,29,1,0
BRDA:339,30,0,0
BRDA:339,30,1,0
BRDA:421,31,0,0
BRDA:421,31,1,0
BRDA:431,32,0,0
BRDA:431,32,1,0
BRDA:435,33,0,0
BRDA:435,33,1,0
BRDA:435,34,0,0
BRDA:435,34,1,0
BRDA:435,34,2,0
BRDA:438,35,0,0
BRDA:438,35,1,0
BRDA:443,36,0,0
BRDA:443,36,1,0
BRDA:445,37,0,0
BRDA:445,37,1,0
BRDA:447,38,0,0
BRDA:447,38,1,0
BRDA:455,39,0,0
BRDA:455,39,1,0
BRDA:475,40,0,0
BRDA:475,40,1,0
BRDA:515,41,0,0
BRDA:515,41,1,0
BRDA:520,42,0,0
BRDA:520,42,1,0
BRDA:537,43,0,0
BRDA:537,43,1,0
BRDA:552,44,0,0
BRDA:552,44,1,0
BRDA:552,45,0,0
BRDA:552,45,1,0
BRDA:560,46,0,0
BRDA:560,46,1,0
BRDA:575,47,0,0
BRDA:575,47,1,0
BRDA:577,48,0,0
BRDA:577,48,1,0
BRDA:579,49,0,0
BRDA:579,49,1,0
BRDA:581,50,0,0
BRDA:581,50,1,0
BRDA:583,51,0,0
BRDA:583,51,1,0
BRDA:592,52,0,0
BRDA:592,52,1,0
BRDA:600,53,0,0
BRDA:600,53,1,0
BRDA:618,54,0,0
BRDA:618,54,1,0
BRDA:619,55,0,0
BRDA:619,55,1,0
BRDA:619,56,0,0
BRDA:619,56,1,0
BRDA:623,57,0,0
BRDA:623,57,1,0
BRDA:623,58,0,0
BRDA:623,58,1,0
BRDA:697,59,0,0
BRDA:697,59,1,0
BRDA:715,60,0,0
BRDA:715,60,1,0
BRDA:718,61,0,0
BRDA:718,61,1,0
BRDA:723,62,0,0
BRDA:723,62,1,0
BRDA:747,63,0,0
BRDA:747,63,1,0
BRDA:748,64,0,0
BRDA:748,64,1,0
BRDA:761,65,0,0
BRDA:761,65,1,0
BRDA:768,66,0,0
BRDA:768,66,1,0
BRDA:768,67,0,0
BRDA:768,67,1,0
BRDA:787,68,0,0
BRDA:787,68,1,0
BRDA:787,69,0,0
BRDA:787,69,1,0
BRDA:796,70,0,0
BRDA:796,70,1,0
BRDA:797,71,0,0
BRDA:797,71,1,0
BRDA:802,72,0,0
BRDA:802,72,1,0
BRDA:806,73,0,0
BRDA:806,73,1,0
BRDA:814,74,0,0
BRDA:814,74,1,0
BRDA:817,75,0,0
BRDA:817,75,1,0
BRDA:818,76,0,0
BRDA:818,76,1,0
BRDA:830,77,0,0
BRDA:830,77,1,0
BRDA:830,78,0,0
BRDA:830,78,1,0
BRDA:840,79,0,0
BRDA:840,79,1,0
BRDA:843,80,0,0
BRDA:843,80,1,0
BRDA:844,81,0,0
BRDA:844,81,1,0
BRDA:856,82,0,0
BRDA:856,82,1,0
BRDA:860,83,0,0
BRDA:860,83,1,0
BRDA:870,84,0,0
BRDA:870,84,1,0
BRDA:870,85,0,0
BRDA:870,85,1,0
BRDA:873,86,0,0
BRDA:873,86,1,0
BRDA:955,87,0,0
BRDA:955,87,1,0
BRDA:956,88,0,0
BRDA:956,88,1,0
BRDA:959,89,0,0
BRDA:959,89,1,0
BRDA:968,90,0,0
BRDA:968,90,1,0
BRDA:973,91,0,0
BRDA:973,91,1,0
BRDA:977,92,0,0
BRDA:977,92,1,0
BRDA:984,93,0,0
BRDA:984,93,1,0
BRDA:984,94,0,0
BRDA:984,94,1,0
BRDA:991,95,0,0
BRDA:991,95,1,0
BRDA:991,96,0,0
BRDA:991,96,1,0
BRDA:995,97,0,0
BRDA:995,97,1,0
BRDA:1012,98,0,0
BRDA:1012,98,1,0
BRDA:1018,99,0,0
BRDA:1018,99,1,0
BRDA:1026,100,0,0
BRDA:1026,100,1,0
BRDA:1054,101,0,0
BRDA:1054,101,1,0
BRDA:1054,102,0,0
BRDA:1054,102,1,0
BRDA:1062,103,0,0
BRDA:1062,103,1,0
BRDA:1065,104,0,0
BRDA:1065,104,1,0
BRDA:1072,105,0,0
BRDA:1072,105,1,0
BRDA:1076,106,0,0
BRDA:1076,106,1,0
BRDA:1084,107,0,0
BRDA:1084,107,1,0
BRDA:1086,108,0,0
BRDA:1086,108,1,0
BRDA:1088,109,0,0
BRDA:1088,109,1,0
BRDA:1090,110,0,0
BRDA:1090,110,1,0
BRDA:1092,111,0,0
BRDA:1092,111,1,0
BRDA:1094,112,0,0
BRDA:1094,112,1,0
BRDA:1097,113,0,0
BRDA:1097,113,1,0
BRDA:1099,114,0,0
BRDA:1099,114,1,0
BRDA:1116,115,0,0
BRDA:1116,115,1,0
BRDA:1119,116,0,0
BRDA:1119,116,1,0
BRDA:1119,117,0,0
BRDA:1119,117,1,0
BRDA:1137,118,0,0
BRDA:1137,118,1,0
BRDA:1140,119,0,0
BRDA:1140,119,1,0
BRDA:1148,120,0,0
BRDA:1148,120,1,0
BRDA:1148,121,0,0
BRDA:1148,121,1,0
BRDA:1155,122,0,0
BRDA:1155,122,1,0
BRDA:1163,123,0,0
BRDA:1163,123,1,0
BRDA:1171,124,0,0
BRDA:1171,124,1,0
BRDA:1205,125,0,0
BRDA:1205,125,1,0
BRDA:1225,126,0,0
BRDA:1225,126,1,0
BRDA:1232,127,0,0
BRDA:1232,127,1,0
BRDA:1247,128,0,0
BRDA:1247,128,1,0
BRDA:1249,129,0,0
BRDA:1249,129,1,0
BRDA:1263,130,0,0
BRDA:1263,130,1,0
BRDA:1267,131,0,0
BRDA:1267,131,1,0
BRDA:1272,132,0,0
BRDA:1272,132,1,0
BRDA:1285,133,0,0
BRDA:1285,133,1,0
BRDA:1285,134,0,0
BRDA:1285,134,1,0
BRDA:1296,135,0,0
BRDA:1296,135,1,0
BRDA:1305,136,0,0
BRDA:1305,136,1,0
BRDA:1321,137,0,0
BRDA:1321,137,1,0
BRDA:1351,138,0,0
BRDA:1351,138,1,0
BRDA:1355,139,0,0
BRDA:1355,139,1,0
BRDA:1378,140,0,0
BRDA:1378,140,1,0
BRDA:1384,141,0,0
BRDA:1384,141,1,0
BRDA:1397,142,0,0
BRDA:1397,142,1,0
BRDA:1405,143,0,0
BRDA:1405,143,1,0
BRDA:1409,144,0,0
BRDA:1409,144,1,0
BRDA:1409,145,0,0
BRDA:1409,145,1,0
BRDA:1411,146,0,0
BRDA:1411,146,1,0
BRDA:1411,147,0,0
BRDA:1411,147,1,0
BRDA:1411,147,2,0
BRDA:1412,148,0,0
BRDA:1412,148,1,0
BRDA:1422,149,0,0
BRDA:1422,149,1,0
BRDA:1422,150,0,0
BRDA:1422,150,1,0
BRDA:1428,151,0,0
BRDA:1428,151,1,0
BRDA:1457,152,0,0
BRDA:1457,152,1,0
BRDA:1490,153,0,0
BRDA:1490,153,1,0
BRDA:1490,154,0,0
BRDA:1490,154,1,0
BRDA:1508,155,0,0
BRDA:1508,155,1,0
BRDA:1508,155,2,0
BRDA:1508,155,3,0
BRDA:1508,155,4,0
BRDA:1508,155,5,0
BRDA:1508,155,6,0
BRDA:1508,155,7,0
BRDA:1522,156,0,0
BRDA:1522,156,1,0
BRDA:1522,157,0,0
BRDA:1522,157,1,0
BRDA:1523,158,0,0
BRDA:1523,158,1,0
BRDA:1551,159,0,0
BRDA:1551,159,1,0
BRDA:1658,160,0,0
BRDA:1658,160,1,0
BRDA:1659,161,0,0
BRDA:1659,161,1,0
BRDA:1663,162,0,0
BRDA:1663,162,1,0
BRDA:1675,163,0,0
BRDA:1675,163,1,0
BRDA:1675,164,0,0
BRDA:1675,164,1,0
BRDA:1681,165,0,0
BRDA:1681,165,1,0
BRDA:1681,166,0,0
BRDA:1681,166,1,0
BRDA:1688,167,0,0
BRDA:1688,167,1,0
BRDA:1704,168,0,0
BRDA:1704,168,1,0
BRDA:1709,169,0,0
BRDA:1709,169,1,0
BRDA:1725,170,0,0
BRDA:1725,170,1,0
BRDA:1738,171,0,0
BRDA:1738,171,1,0
BRDA:1774,172,0,0
BRDA:1774,172,1,0
BRDA:1779,173,0,0
BRDA:1779,173,1,0
BRDA:1785,174,0,0
BRDA:1785,174,1,0
BRDA:1797,175,0,0
BRDA:1797,175,1,0
BRDA:1802,176,0,0
BRDA:1802,176,1,0
BRDA:1814,177,0,0
BRDA:1814,177,1,0
BRDA:1827,178,0,0
BRDA:1827,178,1,0
BRDA:1841,179,0,0
BRDA:1841,179,1,0
BRDA:1841,180,0,0
BRDA:1841,180,1,0
BRDA:1841,180,2,0
BRDA:1841,180,3,0
BRDA:1847,181,0,0
BRDA:1847,181,1,0
BRDA:1860,182,0,0
BRDA:1860,182,1,0
BRDA:1860,183,0,0
BRDA:1860,183,1,0
BRDA:1860,183,2,0
BRDA:1860,183,3,0
BRDA:1872,184,0,0
BRDA:1872,184,1,0
BRDA:1882,185,0,0
BRDA:1882,185,1,0
BRDA:1922,186,0,0
BRDA:1922,186,1,0
BRDA:1924,187,0,0
BRDA:1924,187,1,0
BRDA:1924,188,0,0
BRDA:1924,188,1,0
BRF:393
BRH:0
end_of_record
TN:
SF:D:\mobile-wallet\client\src-cordova\platforms\android\app\src\main\assets\www\cordova_plugins.js
FN:1,(anonymous_0)
FNF:1
FNH:0
FNDA:0,(anonymous_0)
DA:1,0
DA:2,0
DA:3,0
LF:3
LH:0
BRF:0
BRH:0
end_of_record
TN:
SF:D:\mobile-wallet\client\src-cordova\platforms\android\app\src\main\assets\www\cordova-js-src\exec.js
FN:65,(anonymous_0)
FN:65,(anonymous_1)
FN:67,androidExec
FN:111,(anonymous_3)
FN:116,pollOnceFromOnlineEvent
FN:120,pollOnce
FN:134,pollingTimerFunc
FN:141,hookOnlineApis
FN:142,proxyEvent
FN:162,(anonymous_9)
FN:170,(anonymous_10)
FN:191,buildPayload
FN:223,processMessage
FN:244,processMessages
FN:270,popMessageFromQueue
FNF:15
FNH:0
FNDA:0,(anonymous_0)
FNDA:0,(anonymous_1)
FNDA:0,androidExec
FNDA:0,(anonymous_3)
FNDA:0,pollOnceFromOnlineEvent
FNDA:0,pollOnce
FNDA:0,pollingTimerFunc
FNDA:0,hookOnlineApis
FNDA:0,proxyEvent
FNDA:0,(anonymous_9)
FNDA:0,(anonymous_10)
FNDA:0,buildPayload
FNDA:0,processMessage
FNDA:0,processMessages
FNDA:0,popMessageFromQueue
DA:36,0
DA:37,0
DA:38,0
DA:39,0
DA:40,0
DA:41,0
DA:45,0
DA:58,0
DA:59,0
DA:60,0
DA:62,0
DA:63,0
DA:64,0
DA:65,0
DA:68,0
DA:73,0
DA:77,0
DA:78,0
DA:82,0
DA:85,0
DA:86,0
DA:87,0
DA:91,0
DA:92,0
DA:93,0
DA:94,0
DA:97,0
DA:100,0
DA:101,0
DA:102,0
DA:103,0
DA:104,0
DA:105,0
DA:107,0
DA:111,0
DA:112,0
DA:113,0
DA:117,0
DA:121,0
DA:124,0
DA:126,0
DA:127,0
DA:128,0
DA:130,0
DA:135,0
DA:136,0
DA:137,0
DA:143,0
DA:149,0
DA:150,0
DA:151,0
DA:152,0
DA:153,0
DA:154,0
DA:157,0
DA:159,0
DA:160,0
DA:162,0
DA:163,0
DA:164,0
DA:166,0
DA:167,0
DA:170,0
DA:171,0
DA:172,0
DA:174,0
DA:175,0
DA:178,0
DA:181,0
DA:182,0
DA:185,0
DA:186,0
DA:187,0
DA:192,0
DA:193,0
DA:194,0
DA:195,0
DA:196,0
DA:197,0
DA:198,0
DA:199,0
DA:200,0
DA:201,0
DA:202,0
DA:203,0
DA:204,0
DA:205,0
DA:206,0
DA:207,0
DA:208,0
DA:209,0
DA:210,0
DA:211,0
DA:212,0
DA:213,0
DA:214,0
DA:215,0
DA:218,0
DA:224,0
DA:225,0
DA:227,0
DA:228,0
DA:229,0
DA:230,0
DA:231,0
DA:232,0
DA:233,0
DA:234,0
DA:235,0
DA:236,0
DA:237,0
DA:238,0
DA:240,0
DA:246,0
DA:247,0
DA:249,0
DA:250,0
DA:252,0
DA:253,0
DA:254,0
DA:257,0
DA:258,0
DA:259,0
DA:261,0
DA:263,0
DA:264,0
DA:265,0
DA:271,0
DA:272,0
DA:273,0
DA:276,0
DA:277,0
DA:278,0
DA:279,0
DA:280,0
DA:281,0
DA:283,0
DA:286,0
LF:138
LH:0
BRDA:64,0,0,0
BRDA:64,0,1,0
BRDA:65,1,0,0
BRDA:65,1,1,0
BRDA:68,2,0,0
BRDA:68,2,1,0
BRDA:77,3,0,0
BRDA:77,3,1,0
BRDA:82,4,0,0
BRDA:82,4,1,0
BRDA:86,5,0,0
BRDA:86,5,1,0
BRDA:93,6,0,0
BRDA:93,6,1,0
BRDA:93,7,0,0
BRDA:93,7,1,0
BRDA:100,8,0,0
BRDA:100,8,1,0
BRDA:100,9,0,0
BRDA:100,9,1,0
BRDA:104,10,0,0
BRDA:104,10,1,0
BRDA:121,11,0,0
BRDA:121,11,1,0
BRDA:127,12,0,0
BRDA:127,12,1,0
BRDA:135,13,0,0
BRDA:135,13,1,0
BRDA:163,14,0,0
BRDA:163,14,1,0
BRDA:163,15,0,0
BRDA:163,15,1,0
BRDA:171,16,0,0
BRDA:171,16,1,0
BRDA:174,17,0,0
BRDA:174,17,1,0
BRDA:181,18,0,0
BRDA:181,18,1,0
BRDA:185,19,0,0
BRDA:185,19,1,0
BRDA:193,20,0,0
BRDA:193,20,1,0
BRDA:195,21,0,0
BRDA:195,21,1,0
BRDA:197,22,0,0
BRDA:197,22,1,0
BRDA:199,23,0,0
BRDA:199,23,1,0
BRDA:201,24,0,0
BRDA:201,24,1,0
BRDA:203,25,0,0
BRDA:203,25,1,0
BRDA:206,26,0,0
BRDA:206,26,1,0
BRDA:208,27,0,0
BRDA:208,27,1,0
BRDA:225,28,0,0
BRDA:225,28,1,0
BRDA:228,29,0,0
BRDA:228,29,1,0
BRDA:228,30,0,0
BRDA:228,30,1,0
BRDA:246,31,0,0
BRDA:246,31,1,0
BRDA:249,32,0,0
BRDA:249,32,1,0
BRDA:257,33,0,0
BRDA:257,33,1,0
BRDA:257,34,0,0
BRDA:257,34,1,0
BRDA:264,35,0,0
BRDA:264,35,1,0
BRDA:272,36,0,0
BRDA:272,36,1,0
BRDA:280,37,0,0
BRDA:280,37,1,0
BRF:76
BRH:0
end_of_record
TN:
SF:D:\mobile-wallet\client\src-cordova\platforms\android\app\src\main\assets\www\cordova-js-src\platform.js
FN:27,(anonymous_0)
FN:43,(anonymous_1)
FN:53,bindButtonChannel
FN:56,(anonymous_3)
FN:69,(anonymous_4)
FN:79,(anonymous_5)
FN:86,onMessageFromNative
FNF:7
FNH:0
FNDA:0,(anonymous_0)
FNDA:0,(anonymous_1)
FNDA:0,bindButtonChannel
FNDA:0,(anonymous_3)
FNDA:0,(anonymous_4)
FNDA:0,(anonymous_5)
FNDA:0,onMessageFromNative
DA:23,0
DA:25,0
DA:28,0
DA:29,0
DA:30,0
DA:31,0
DA:34,0
DA:37,0
DA:39,0
DA:42,0
DA:43,0
DA:46,0
DA:50,0
DA:51,0
DA:55,0
DA:56,0
DA:57,0
DA:61,0
DA:62,0
DA:67,0
DA:69,0
DA:70,0
DA:72,0
DA:73,0
DA:79,0
DA:80,0
DA:81,0
DA:87,0
DA:88,0
DA:90,0
DA:101,0
DA:102,0
DA:104,0
DA:105,0
DA:106,0
DA:109,0
DA:110,0
DA:111,0
DA:113,0
DA:118,0
DA:120,0
DA:121,0
DA:123,0
LF:43
LH:0
BRDA:39,0,0,0
BRDA:39,0,1,0
BRDA:72,1,0,0
BRDA:72,1,1,0
BRDA:72,2,0,0
BRDA:72,2,1,0
BRDA:90,3,0,0
BRDA:90,3,1,0
BRDA:90,3,2,0
BRDA:90,3,3,0
BRDA:90,3,4,0
BRDA:90,3,5,0
BRDA:90,3,6,0
BRDA:90,3,7,0
BRDA:104,4,0,0
BRDA:104,4,1,0
BRDA:104,5,0,0
BRDA:104,5,1,0
BRDA:105,6,0,0
BRDA:105,6,1,0
BRF:20
BRH:0
end_of_record
TN:
SF:D:\mobile-wallet\client\src-cordova\platforms\android\app\src\main\assets\www\cordova-js-src\android\nativeapiprovider.js
FN:28,(anonymous_0)
FN:29,(anonymous_1)
FN:33,(anonymous_2)
FNF:3
FNH:0
FNDA:0,(anonymous_0)
FNDA:0,(anonymous_1)
FNDA:0,(anonymous_2)
DA:24,0
DA:25,0
DA:27,0
DA:28,0
DA:30,0
DA:34,0
LF:6
LH:0
BRDA:24,0,0,0
BRDA:24,0,1,0
BRDA:30,1,0,0
BRDA:30,1,1,0
BRF:4
BRH:0
end_of_record
TN:
SF:D:\mobile-wallet\client\src-cordova\platforms\android\app\src\main\assets\www\cordova-js-src\android\promptbasednativeapi.js
FN:26,(anonymous_0)
FN:29,(anonymous_1)
FN:32,(anonymous_2)
FNF:3
FNH:0
FNDA:0,(anonymous_0)
FNDA:0,(anonymous_1)
FNDA:0,(anonymous_2)
DA:25,0
DA:27,0
DA:30,0
DA:33,0
LF:4
LH:0
BRF:0
BRH:0
end_of_record
TN:
SF:D:\mobile-wallet\client\src-cordova\platforms\android\app\src\main\assets\www\cordova-js-src\plugin\android\app.js
FN:29,(anonymous_0)
FN:47,(anonymous_1)
FN:54,(anonymous_2)
FN:62,(anonymous_3)
FN:70,(anonymous_4)
FN:83,(anonymous_5)
FN:98,(anonymous_6)
FN:105,(anonymous_7)
FNF:8
FNH:0
FNDA:0,(anonymous_0)
FNDA:0,(anonymous_1)
FNDA:0,(anonymous_2)
FNDA:0,(anonymous_3)
FNDA:0,(anonymous_4)
FNDA:0,(anonymous_5)
FNDA:0,(anonymous_6)
FNDA:0,(anonymous_7)
DA:22,0
DA:23,0
DA:25,0
DA:30,0
DA:48,0
DA:55,0
DA:63,0
DA:71,0
DA:84,0
DA:99,0
DA:106,0
LF:11
LH:0
BRDA:23,0,0,0
BRDA:23,0,1,0
BRF:2
BRH:0
end_of_record
TN:
SF:D:\mobile-wallet\client\src-cordova\platforms\android\cordova\Api.js
FN:32,setupEvents
FN:56,Api
FN:97,(anonymous_2)
FN:101,(anonymous_3)
FN:127,(anonymous_4)
FN:131,(anonymous_5)
FN:147,(anonymous_6)
FN:172,(anonymous_7)
FN:198,(anonymous_8)
FN:209,(anonymous_9)
FN:211,(anonymous_10)
FN:234,(anonymous_11)
FN:243,(anonymous_12)
FN:298,(anonymous_13)
FN:301,(anonymous_14)
FN:303,(anonymous_15)
FN:305,(anonymous_16)
FN:328,(anonymous_17)
FN:330,(anonymous_18)
FN:342,(anonymous_19)
FN:349,(anonymous_20)
FN:351,(anonymous_21)
FN:364,(anonymous_22)
FNF:23
FNH:0
FNDA:0,setupEvents
FNDA:0,Api
FNDA:0,(anonymous_2)
FNDA:0,(anonymous_3)
FNDA:0,(anonymous_4)
FNDA:0,(anonymous_5)
FNDA:0,(anonymous_6)
FNDA:0,(anonymous_7)
FNDA:0,(anonymous_8)
FNDA:0,(anonymous_9)
FNDA:0,(anonymous_10)
FNDA:0,(anonymous_11)
FNDA:0,(anonymous_12)
FNDA:0,(anonymous_13)
FNDA:0,(anonymous_14)
FNDA:0,(anonymous_15)
FNDA:0,(anonymous_16)
FNDA:0,(anonymous_17)
FNDA:0,(anonymous_18)
FNDA:0,(anonymous_19)
FNDA:0,(anonymous_20)
FNDA:0,(anonymous_21)
FNDA:0,(anonymous_22)
DA:20,0
DA:21,0
DA:23,0
DA:24,0
DA:26,0
DA:27,0
DA:28,0
DA:30,0
DA:33,0
DA:35,0
DA:36,0
DA:41,0
DA:42,0
DA:57,0
DA:58,0
DA:60,0
DA:62,0
DA:63,0
DA:65,0
DA:97,0
DA:98,0
DA:100,0
DA:101,0
DA:102,0
DA:105,0
DA:106,0
DA:108,0
DA:127,0
DA:128,0
DA:130,0
DA:131,0
DA:132,0
DA:135,0
DA:136,0
DA:138,0
DA:147,0
DA:148,0
DA:149,0
DA:150,0
DA:151,0
DA:152,0
DA:153,0
DA:155,0
DA:172,0
DA:173,0
DA:175,0
DA:198,0
DA:199,0
DA:200,0
DA:202,0
DA:203,0
DA:205,0
DA:206,0
DA:209,0
DA:210,0
DA:212,0
DA:213,0
DA:215,0
DA:234,0
DA:235,0
DA:237,0
DA:238,0
DA:241,0
DA:244,0
DA:246,0
DA:247,0
DA:298,0
DA:299,0
DA:301,0
DA:302,0
DA:305,0
DA:306,0
DA:328,0
DA:329,0
DA:330,0
DA:331,0
DA:342,0
DA:343,0
DA:345,0
DA:346,0
DA:349,0
DA:350,0
DA:352,0
DA:364,0
DA:365,0
DA:368,0
LF:86
LH:0
BRDA:33,0,0,0
BRDA:33,0,1,0
BRDA:173,1,0,0
BRDA:173,1,1,0
BRDA:202,2,0,0
BRDA:202,2,1,0
BRDA:203,3,0,0
BRDA:203,3,1,0
BRDA:205,4,0,0
BRDA:205,4,1,0
BRDA:212,5,0,0
BRDA:212,5,1,0
BRDA:237,6,0,0
BRDA:237,6,1,0
BRDA:237,7,0,0
BRDA:237,7,1,0
BRDA:244,8,0,0
BRDA:244,8,1,0
BRDA:345,9,0,0
BRDA:345,9,1,0
BRF:20
BRH:0
end_of_record
TN:
SF:D:\mobile-wallet\client\src-cordova\platforms\android\cordova\loggingHelper.js
FN:4,(anonymous_0)
FNF:1
FNH:0
FNDA:0,(anonymous_0)
DA:1,0
DA:3,0
DA:5,0
DA:6,0
DA:7,0
DA:10,0
DA:11,0
DA:14,0
DA:15,0
LF:9
LH:0
BRDA:5,0,0,0
BRDA:5,0,1,0
BRDA:10,1,0,0
BRDA:10,1,1,0
BRDA:14,2,0,0
BRDA:14,2,1,0
BRF:6
BRH:0
end_of_record
TN:
SF:D:\mobile-wallet\client\src-cordova\platforms\android\cordova\lib\Adb.js
FN:28,isDevice
FN:32,isEmulator
FN:46,(anonymous_2)
FN:47,(anonymous_3)
FN:48,(anonymous_4)
FN:51,(anonymous_5)
FN:57,(anonymous_6)
FN:61,(anonymous_7)
FN:78,(anonymous_8)
FN:83,(anonymous_9)
FN:87,(anonymous_10)
FN:93,(anonymous_11)
FN:95,(anonymous_12)
FNF:13
FNH:0
FNDA:0,isDevice
FNDA:0,isEmulator
FNDA:0,(anonymous_2)
FNDA:0,(anonymous_3)
FNDA:0,(anonymous_4)
FNDA:0,(anonymous_5)
FNDA:0,(anonymous_6)
FNDA:0,(anonymous_7)
FNDA:0,(anonymous_8)
FNDA:0,(anonymous_9)
FNDA:0,(anonymous_10)
FNDA:0,(anonymous_11)
FNDA:0,(anonymous_12)
DA:20,0
DA:21,0
DA:22,0
DA:23,0
DA:24,0
DA:26,0
DA:29,0
DA:33,0
DA:46,0
DA:47,0
DA:48,0
DA:50,0
DA:52,0
DA:57,0
DA:58,0
DA:59,0
DA:60,0
DA:61,0
DA:64,0
DA:65,0
DA:66,0
DA:68,0
DA:69,0
DA:73,0
DA:78,0
DA:79,0
DA:80,0
DA:83,0
DA:84,0
DA:85,0
DA:86,0
DA:87,0
DA:88,0
DA:93,0
DA:94,0
DA:95,0
DA:96,0
DA:101,0
LF:38
LH:0
BRDA:29,0,0,0
BRDA:29,0,1,0
BRDA:33,1,0,0
BRDA:33,1,1,0
BRDA:50,2,0,0
BRDA:50,2,1,0
BRDA:50,3,0,0
BRDA:50,3,1,0
BRDA:50,3,2,0
BRDA:60,4,0,0
BRDA:60,4,1,0
BRDA:60,5,0,0
BRDA:60,5,1,0
BRDA:64,6,0,0
BRDA:64,6,1,0
BRDA:65,7,0,0
BRDA:65,7,1,0
BRDA:68,8,0,0
BRDA:68,8,1,0
BRF:19
BRH:0
end_of_record
TN:
SF:D:\mobile-wallet\client\src-cordova\platforms\android\cordova\lib\AndroidManifest.js
FN:26,AndroidManifest
FN:34,(anonymous_1)
FN:38,(anonymous_2)
FN:43,(anonymous_3)
FN:47,(anonymous_4)
FN:52,(anonymous_5)
FN:56,(anonymous_6)
FN:61,(anonymous_7)
FN:64,(anonymous_8)
FN:67,(anonymous_9)
FN:75,(anonymous_10)
FN:78,(anonymous_11)
FN:86,(anonymous_12)
FN:89,(anonymous_13)
FN:100,(anonymous_14)
FN:104,(anonymous_15)
FN:122,(anonymous_16)
FNF:17
FNH:0
FNDA:0,AndroidManifest
FNDA:0,(anonymous_1)
FNDA:0,(anonymous_2)
FNDA:0,(anonymous_3)
FNDA:0,(anonymous_4)
FNDA:0,(anonymous_5)
FNDA:0,(anonymous_6)
FNDA:0,(anonymous_7)
FNDA:0,(anonymous_8)
FNDA:0,(anonymous_9)
FNDA:0,(anonymous_10)
FNDA:0,(anonymous_11)
FNDA:0,(anonymous_12)
FNDA:0,(anonymous_13)
FNDA:0,(anonymous_14)
FNDA:0,(anonymous_15)
FNDA:0,(anonymous_16)
DA:20,0
DA:21,0
DA:23,0
DA:27,0
DA:28,0
DA:29,0
DA:30,0
DA:34,0
DA:35,0
DA:38,0
DA:39,0
DA:40,0
DA:43,0
DA:44,0
DA:47,0
DA:48,0
DA:49,0
DA:52,0
DA:53,0
DA:56,0
DA:57,0
DA:58,0
DA:61,0
DA:62,0
DA:63,0
DA:65,0
DA:68,0
DA:69,0
DA:71,0
DA:73,0
DA:76,0
DA:79,0
DA:80,0
DA:82,0
DA:84,0
DA:87,0
DA:90,0
DA:91,0
DA:93,0
DA:95,0
DA:100,0
DA:101,0
DA:104,0
DA:105,0
DA:106,0
DA:107,0
DA:110,0
DA:112,0
DA:122,0
DA:123,0
DA:126,0
LF:51
LH:0
BRDA:29,0,0,0
BRDA:29,0,1,0
BRDA:68,1,0,0
BRDA:68,1,1,0
BRDA:79,2,0,0
BRDA:79,2,1,0
BRDA:79,3,0,0
BRDA:79,3,1,0
BRDA:90,4,0,0
BRDA:90,4,1,0
BRDA:106,5,0,0
BRDA:106,5,1,0
BRDA:123,6,0,0
BRDA:123,6,1,0
BRF:14
BRH:0
end_of_record
TN:
SF:D:\mobile-wallet\client\src-cordova\platforms\android\cordova\lib\AndroidProject.js
FN:28,addToPropertyList
FN:36,removeFromPropertyList
FN:53,getRelativeLibraryPath
FN:58,AndroidProject
FN:67,(anonymous_4)
FN:75,(anonymous_5)
FN:90,(anonymous_6)
FN:95,(anonymous_7)
FN:105,(anonymous_8)
FN:121,(anonymous_9)
FN:129,(anonymous_10)
FN:136,(anonymous_11)
FN:143,(anonymous_12)
FN:150,(anonymous_13)
FN:157,(anonymous_14)
FN:172,(anonymous_15)
FN:184,(anonymous_16)
FN:188,(anonymous_17)
FN:196,(anonymous_18)
FNF:19
FNH:0
FNDA:0,addToPropertyList
FNDA:0,removeFromPropertyList
FNDA:0,getRelativeLibraryPath
FNDA:0,AndroidProject
FNDA:0,(anonymous_4)
FNDA:0,(anonymous_5)
FNDA:0,(anonymous_6)
FNDA:0,(anonymous_7)
FNDA:0,(anonymous_8)
FNDA:0,(anonymous_9)
FNDA:0,(anonymous_10)
FNDA:0,(anonymous_11)
FNDA:0,(anonymous_12)
FNDA:0,(anonymous_13)
FNDA:0,(anonymous_14)
FNDA:0,(anonymous_15)
FNDA:0,(anonymous_16)
FNDA:0,(anonymous_17)
FNDA:0,(anonymous_18)
DA:20,0
DA:21,0
DA:22,0
DA:23,0
DA:24,0
DA:26,0
DA:29,0
DA:30,0
DA:32,0
DA:33,0
DA:37,0
DA:39,0
DA:40,0
DA:41,0
DA:42,0
DA:43,0
DA:45,0
DA:46,0
DA:48,0
DA:50,0
DA:54,0
DA:55,0
DA:59,0
DA:60,0
DA:61,0
DA:62,0
DA:63,0
DA:64,0
DA:67,0
DA:68,0
DA:69,0
DA:72,0
DA:75,0
DA:76,0
DA:77,0
DA:79,0
DA:90,0
DA:91,0
DA:92,0
DA:95,0
DA:98,0
DA:99,0
DA:100,0
DA:101,0
DA:102,0
DA:105,0
DA:106,0
DA:107,0
DA:108,0
DA:110,0
DA:111,0
DA:112,0
DA:113,0
DA:114,0
DA:116,0
DA:118,0
DA:121,0
DA:122,0
DA:123,0
DA:124,0
DA:125,0
DA:126,0
DA:129,0
DA:130,0
DA:131,0
DA:132,0
DA:133,0
DA:136,0
DA:137,0
DA:138,0
DA:139,0
DA:140,0
DA:143,0
DA:144,0
DA:145,0
DA:146,0
DA:147,0
DA:150,0
DA:151,0
DA:152,0
DA:153,0
DA:154,0
DA:157,0
DA:158,0
DA:159,0
DA:161,0
DA:163,0
DA:164,0
DA:165,0
DA:166,0
DA:167,0
DA:172,0
DA:173,0
DA:174,0
DA:175,0
DA:177,0
DA:181,0
DA:184,0
DA:185,0
DA:188,0
DA:189,0
DA:196,0
DA:197,0
DA:199,0
DA:202,0
LF:105
LH:0
BRDA:40,0,0,0
BRDA:40,0,1,0
BRDA:55,1,0,0
BRDA:55,1,1,0
BRDA:68,2,0,0
BRDA:68,2,1,0
BRDA:76,3,0,0
BRDA:76,3,1,0
BRDA:110,4,0,0
BRDA:110,4,1,0
BRDA:158,5,0,0
BRDA:158,5,1,0
BRDA:165,6,0,0
BRDA:165,6,1,0
BRDA:173,7,0,0
BRDA:173,7,1,0
BRDA:174,8,0,0
BRDA:174,8,1,0
BRF:18
BRH:0
end_of_record
TN:
SF:D:\mobile-wallet\client\src-cordova\platforms\android\cordova\lib\PackageType.js
FNF:0
FNH:0
DA:20,0
DA:25,0
LF:2
LH:0
BRF:0
BRH:0
end_of_record
TN:
SF:D:\mobile-wallet\client\src-cordova\platforms\android\cordova\lib\android_sdk.js
FN:31,sort_by_largest_numerical_suffix
FN:45,(anonymous_1)
FN:46,(anonymous_2)
FN:68,parse_targets
FN:79,(anonymous_4)
FN:83,(anonymous_5)
FN:87,(anonymous_6)
FN:88,(anonymous_7)
FN:95,(anonymous_8)
FNF:9
FNH:0
FNDA:0,sort_by_largest_numerical_suffix
FNDA:0,(anonymous_1)
FNDA:0,(anonymous_2)
FNDA:0,parse_targets
FNDA:0,(anonymous_4)
FNDA:0,(anonymous_5)
FNDA:0,(anonymous_6)
FNDA:0,(anonymous_7)
FNDA:0,(anonymous_8)
DA:20,0
DA:22,0
DA:32,0
DA:33,0
DA:34,0
DA:37,0
DA:41,0
DA:45,0
DA:46,0
DA:47,0
DA:48,0
DA:52,0
DA:69,0
DA:70,0
DA:71,0
DA:72,0
DA:73,0
DA:76,0
DA:79,0
DA:80,0
DA:83,0
DA:84,0
DA:87,0
DA:88,0
DA:92,0
DA:93,0
DA:94,0
DA:96,0
DA:97,0
DA:99,0
LF:30
LH:0
BRDA:34,0,0,0
BRDA:34,0,1,0
BRDA:34,1,0,0
BRDA:34,1,1,0
BRDA:37,2,0,0
BRDA:37,2,1,0
BRDA:72,3,0,0
BRDA:72,3,1,0
BRDA:92,4,0,0
BRDA:92,4,1,0
BRDA:92,5,0,0
BRDA:92,5,1,0
BRDA:92,5,2,0
BRDA:92,5,3,0
BRDA:96,6,0,0
BRDA:96,6,1,0
BRF:16
BRH:0
end_of_record
TN:
SF:D:\mobile-wallet\client\src-cordova\platforms\android\cordova\lib\build.js
FN:36,parseOpts
FN:73,(anonymous_1)
FN:98,(anonymous_2)
FN:149,(anonymous_3)
FN:153,(anonymous_4)
FN:170,(anonymous_5)
FN:174,(anonymous_6)
FN:179,(anonymous_7)
FN:201,(anonymous_8)
FN:202,helper
FN:203,(anonymous_10)
FN:209,(anonymous_11)
FN:215,(anonymous_12)
FN:216,(anonymous_13)
FN:219,(anonymous_14)
FN:220,(anonymous_15)
FN:225,(anonymous_16)
FN:234,(anonymous_17)
FN:235,(anonymous_18)
FN:257,PackageInfo
FN:287,(anonymous_20)
FN:290,(anonymous_21)
FN:300,(anonymous_22)
FNF:23
FNH:0
FNDA:0,parseOpts
FNDA:0,(anonymous_1)
FNDA:0,(anonymous_2)
FNDA:0,(anonymous_3)
FNDA:0,(anonymous_4)
FNDA:0,(anonymous_5)
FNDA:0,(anonymous_6)
FNDA:0,(anonymous_7)
FNDA:0,(anonymous_8)
FNDA:0,helper
FNDA:0,(anonymous_10)
FNDA:0,(anonymous_11)
FNDA:0,(anonymous_12)
FNDA:0,(anonymous_13)
FNDA:0,(anonymous_14)
FNDA:0,(anonymous_15)
FNDA:0,(anonymous_16)
FNDA:0,(anonymous_17)
FNDA:0,(anonymous_18)
FNDA:0,PackageInfo
FNDA:0,(anonymous_20)
FNDA:0,(anonymous_21)
FNDA:0,(anonymous_22)
DA:22,0
DA:23,0
DA:24,0
DA:25,0
DA:27,0
DA:29,0
DA:30,0
DA:31,0
DA:32,0
DA:33,0
DA:35,0
DA:37,0
DA:38,0
DA:54,0
DA:61,0
DA:62,0
DA:63,0
DA:64,0
DA:65,0
DA:66,0
DA:69,0
DA:71,0
DA:73,0
DA:74,0
DA:77,0
DA:81,0
DA:82,0
DA:83,0
DA:85,0
DA:86,0
DA:87,0
DA:88,0
DA:89,0
DA:90,0
DA:91,0
DA:92,0
DA:94,0
DA:95,0
DA:98,0
DA:99,0
DA:104,0
DA:105,0
DA:109,0
DA:114,0
DA:115,0
DA:117,0
DA:118,0
DA:121,0
DA:125,0
DA:126,0
DA:130,0
DA:131,0
DA:132,0
DA:133,0
DA:134,0
DA:136,0
DA:139,0
DA:142,0
DA:149,0
DA:150,0
DA:151,0
DA:153,0
DA:154,0
DA:170,0
DA:171,0
DA:172,0
DA:174,0
DA:175,0
DA:176,0
DA:177,0
DA:179,0
DA:181,0
DA:182,0
DA:183,0
DA:185,0
DA:186,0
DA:189,0
DA:201,0
DA:203,0
DA:204,0
DA:209,0
DA:210,0
DA:214,0
DA:215,0
DA:216,0
DA:218,0
DA:219,0
DA:220,0
DA:221,0
DA:227,0
DA:230,0
DA:234,0
DA:235,0
DA:236,0
DA:237,0
DA:238,0
DA:240,0
DA:242,0
DA:243,0
DA:244,0
DA:245,0
DA:246,0
DA:247,0
DA:248,0
DA:251,0
DA:254,0
DA:258,0
DA:262,0
DA:266,0
DA:267,0
DA:272,0
DA:273,0
DA:278,0
DA:279,0
DA:286,0
DA:288,0
DA:289,0
DA:290,0
DA:291,0
DA:292,0
DA:293,0
DA:294,0
DA:296,0
DA:300,0
DA:301,0
DA:302,0
DA:303,0
DA:304,0
DA:305,0
DA:306,0
DA:307,0
DA:308,0
DA:309,0
DA:310,0
DA:311,0
DA:312,0
DA:313,0
DA:314,0
DA:315,0
DA:316,0
DA:317,0
DA:318,0
DA:319,0
DA:320,0
LF:144
LH:0
BRDA:37,0,0,0
BRDA:37,0,1,0
BRDA:55,1,0,0
BRDA:55,1,1,0
BRDA:57,2,0,0
BRDA:57,2,1,0
BRDA:61,3,0,0
BRDA:61,3,1,0
BRDA:62,4,0,0
BRDA:62,4,1,0
BRDA:63,5,0,0
BRDA:63,5,1,0
BRDA:64,6,0,0
BRDA:64,6,1,0
BRDA:65,7,0,0
BRDA:65,7,1,0
BRDA:71,8,0,0
BRDA:71,8,1,0
BRDA:74,9,0,0
BRDA:74,9,1,0
BRDA:81,10,0,0
BRDA:81,10,1,0
BRDA:82,11,0,0
BRDA:82,11,1,0
BRDA:88,12,0,0
BRDA:88,12,1,0
BRDA:88,13,0,0
BRDA:88,13,1,0
BRDA:90,14,0,0
BRDA:90,14,1,0
BRDA:90,15,0,0
BRDA:90,15,1,0
BRDA:91,16,0,0
BRDA:91,16,1,0
BRDA:99,17,0,0
BRDA:99,17,1,0
BRDA:104,18,0,0
BRDA:104,18,1,0
BRDA:104,19,0,0
BRDA:104,19,1,0
BRDA:109,20,0,0
BRDA:109,20,1,0
BRDA:118,21,0,0
BRDA:118,21,1,0
BRDA:118,22,0,0
BRDA:118,22,1,0
BRDA:125,23,0,0
BRDA:125,23,1,0
BRDA:130,24,0,0
BRDA:130,24,1,0
BRDA:132,25,0,0
BRDA:132,25,1,0
BRDA:175,26,0,0
BRDA:175,26,1,0
BRDA:181,27,0,0
BRDA:181,27,1,0
BRDA:204,28,0,0
BRDA:204,28,1,0
BRDA:210,29,0,0
BRDA:210,29,1,0
BRDA:237,30,0,0
BRDA:237,30,1,0
BRDA:246,31,0,0
BRDA:246,31,1,0
BRDA:247,32,0,0
BRDA:247,32,1,0
BRDA:266,33,0,0
BRDA:266,33,1,0
BRDA:272,34,0,0
BRDA:272,34,1,0
BRDA:278,35,0,0
BRDA:278,35,1,0
BRF:72
BRH:0
end_of_record
TN:
SF:D:\mobile-wallet\client\src-cordova\platforms\android\cordova\lib\check_reqs.js
FN:34,forgivingWhichSync
FN:42,(anonymous_1)
FN:46,(anonymous_2)
FN:52,(anonymous_3)
FN:53,extractFromFile
FN:73,(anonymous_5)
FN:74,(anonymous_6)
FN:77,(anonymous_7)
FN:84,(anonymous_8)
FN:127,(anonymous_9)
FN:145,(anonymous_10)
FN:148,(anonymous_11)
FN:160,(anonymous_12)
FN:162,(anonymous_13)
FN:196,(anonymous_14)
FN:198,(anonymous_15)
FN:204,(anonymous_16)
FN:219,(anonymous_17)
FN:220,(anonymous_18)
FN:225,maybeSetAndroidHome
FN:327,(anonymous_20)
FN:338,(anonymous_21)
FN:345,(anonymous_22)
FN:364,(anonymous_23)
FN:365,(anonymous_24)
FN:391,(anonymous_25)
FN:406,(anonymous_26)
FN:423,(anonymous_27)
FN:426,(anonymous_28)
FN:429,(anonymous_29)
FN:432,(anonymous_30)
FNF:31
FNH:0
FNDA:0,forgivingWhichSync
FNDA:0,(anonymous_1)
FNDA:0,(anonymous_2)
FNDA:0,(anonymous_3)
FNDA:0,extractFromFile
FNDA:0,(anonymous_5)
FNDA:0,(anonymous_6)
FNDA:0,(anonymous_7)
FNDA:0,(anonymous_8)
FNDA:0,(anonymous_9)
FNDA:0,(anonymous_10)
FNDA:0,(anonymous_11)
FNDA:0,(anonymous_12)
FNDA:0,(anonymous_13)
FNDA:0,(anonymous_14)
FNDA:0,(anonymous_15)
FNDA:0,(anonymous_16)
FNDA:0,(anonymous_17)
FNDA:0,(anonymous_18)
FNDA:0,maybeSetAndroidHome
FNDA:0,(anonymous_20)
FNDA:0,(anonymous_21)
FNDA:0,(anonymous_22)
FNDA:0,(anonymous_23)
FNDA:0,(anonymous_24)
FNDA:0,(anonymous_25)
FNDA:0,(anonymous_26)
FNDA:0,(anonymous_27)
FNDA:0,(anonymous_28)
FNDA:0,(anonymous_29)
FNDA:0,(anonymous_30)
DA:22,0
DA:23,0
DA:24,0
DA:25,0
DA:26,0
DA:27,0
DA:28,0
DA:29,0
DA:30,0
DA:31,0
DA:32,0
DA:35,0
DA:36,0
DA:38,0
DA:42,0
DA:43,0
DA:46,0
DA:47,0
DA:52,0
DA:54,0
DA:55,0
DA:56,0
DA:58,0
DA:60,0
DA:61,0
DA:62,0
DA:64,0
DA:65,0
DA:67,0
DA:69,0
DA:73,0
DA:74,0
DA:76,0
DA:78,0
DA:79,0
DA:84,0
DA:86,0
DA:87,0
DA:90,0
DA:92,0
DA:96,0
DA:97,0
DA:98,0
DA:99,0
DA:100,0
DA:101,0
DA:102,0
DA:103,0
DA:104,0
DA:111,0
DA:115,0
DA:116,0
DA:117,0
DA:118,0
DA:122,0
DA:127,0
DA:128,0
DA:129,0
DA:130,0
DA:131,0
DA:135,0
DA:136,0
DA:137,0
DA:141,0
DA:145,0
DA:146,0
DA:147,0
DA:148,0
DA:149,0
DA:151,0
DA:152,0
DA:155,0
DA:157,0
DA:158,0
DA:159,0
DA:160,0
DA:161,0
DA:163,0
DA:164,0
DA:170,0
DA:171,0
DA:172,0
DA:174,0
DA:177,0
DA:179,0
DA:180,0
DA:182,0
DA:185,0
DA:186,0
DA:188,0
DA:189,0
DA:190,0
DA:192,0
DA:197,0
DA:201,0
DA:202,0
DA:203,0
DA:206,0
DA:209,0
DA:210,0
DA:211,0
DA:213,0
DA:219,0
DA:220,0
DA:221,0
DA:222,0
DA:223,0
DA:224,0
DA:226,0
DA:227,0
DA:228,0
DA:233,0
DA:234,0
DA:240,0
DA:242,0
DA:244,0
DA:245,0
DA:247,0
DA:248,0
DA:250,0
DA:251,0
DA:252,0
DA:254,0
DA:256,0
DA:258,0
DA:259,0
DA:261,0
DA:263,0
DA:264,0
DA:267,0
DA:270,0
DA:271,0
DA:272,0
DA:273,0
DA:274,0
DA:276,0
DA:281,0
DA:282,0
DA:283,0
DA:284,0
DA:285,0
DA:287,0
DA:292,0
DA:293,0
DA:294,0
DA:295,0
DA:296,0
DA:298,0
DA:304,0
DA:305,0
DA:308,0
DA:309,0
DA:313,0
DA:314,0
DA:316,0
DA:317,0
DA:319,0
DA:320,0
DA:322,0
DA:327,0
DA:328,0
DA:329,0
DA:330,0
DA:332,0
DA:333,0
DA:335,0
DA:338,0
DA:344,0
DA:345,0
DA:346,0
DA:347,0
DA:349,0
DA:350,0
DA:356,0
DA:357,0
DA:359,0
DA:364,0
DA:365,0
DA:366,0
DA:367,0
DA:368,0
DA:370,0
DA:371,0
DA:377,0
DA:378,0
DA:391,0
DA:392,0
DA:393,0
DA:394,0
DA:395,0
DA:406,0
DA:408,0
DA:415,0
DA:423,0
DA:425,0
DA:426,0
DA:427,0
DA:428,0
DA:430,0
DA:434,0
LF:200
LH:0
BRDA:55,0,0,0
BRDA:55,0,1,0
BRDA:61,1,0,0
BRDA:61,1,1,0
BRDA:65,2,0,0
BRDA:65,2,1,0
BRDA:78,3,0,0
BRDA:78,3,1,0
BRDA:90,4,0,0
BRDA:90,4,1,0
BRDA:96,5,0,0
BRDA:96,5,1,0
BRDA:98,6,0,0
BRDA:98,6,1,0
BRDA:100,7,0,0
BRDA:100,7,1,0
BRDA:101,8,0,0
BRDA:101,8,1,0
BRDA:115,9,0,0
BRDA:115,9,1,0
BRDA:115,10,0,0
BRDA:115,10,1,0
BRDA:117,11,0,0
BRDA:117,11,1,0
BRDA:130,12,0,0
BRDA:130,12,1,0
BRDA:136,13,0,0
BRDA:136,13,1,0
BRDA:149,14,0,0
BRDA:149,14,1,0
BRDA:151,15,0,0
BRDA:151,15,1,0
BRDA:155,16,0,0
BRDA:155,16,1,0
BRDA:159,17,0,0
BRDA:159,17,1,0
BRDA:163,18,0,0
BRDA:163,18,1,0
BRDA:171,19,0,0
BRDA:171,19,1,0
BRDA:177,20,0,0
BRDA:177,20,1,0
BRDA:182,21,0,0
BRDA:182,21,1,0
BRDA:182,21,2,0
BRDA:186,22,0,0
BRDA:186,22,1,0
BRDA:189,23,0,0
BRDA:189,23,1,0
BRDA:203,24,0,0
BRDA:203,24,1,0
BRDA:209,25,0,0
BRDA:209,25,1,0
BRDA:224,26,0,0
BRDA:224,26,1,0
BRDA:226,27,0,0
BRDA:226,27,1,0
BRDA:226,28,0,0
BRDA:226,28,1,0
BRDA:233,29,0,0
BRDA:233,29,1,0
BRDA:233,30,0,0
BRDA:233,30,1,0
BRDA:233,30,2,0
BRDA:233,30,3,0
BRDA:234,31,0,0
BRDA:234,31,1,0
BRDA:242,32,0,0
BRDA:242,32,1,0
BRDA:252,33,0,0
BRDA:252,33,1,0
BRDA:261,34,0,0
BRDA:261,34,1,0
BRDA:267,35,0,0
BRDA:267,35,1,0
BRDA:270,36,0,0
BRDA:270,36,1,0
BRDA:273,37,0,0
BRDA:273,37,1,0
BRDA:273,38,0,0
BRDA:273,38,1,0
BRDA:281,39,0,0
BRDA:281,39,1,0
BRDA:284,40,0,0
BRDA:284,40,1,0
BRDA:292,41,0,0
BRDA:292,41,1,0
BRDA:295,42,0,0
BRDA:295,42,1,0
BRDA:295,43,0,0
BRDA:295,43,1,0
BRDA:304,44,0,0
BRDA:304,44,1,0
BRDA:308,45,0,0
BRDA:308,45,1,0
BRDA:313,46,0,0
BRDA:313,46,1,0
BRDA:313,47,0,0
BRDA:313,47,1,0
BRDA:316,48,0,0
BRDA:316,48,1,0
BRDA:316,49,0,0
BRDA:316,49,1,0
BRDA:319,50,0,0
BRDA:319,50,1,0
BRDA:319,51,0,0
BRDA:319,51,1,0
BRDA:329,52,0,0
BRDA:329,52,1,0
BRDA:332,53,0,0
BRDA:332,53,1,0
BRDA:346,54,0,0
BRDA:346,54,1,0
BRDA:356,55,0,0
BRDA:356,55,1,0
BRDA:370,56,0,0
BRDA:370,56,1,0
BRDA:377,57,0,0
BRDA:377,57,1,0
BRDA:394,58,0,0
BRDA:394,58,1,0
BRDA:430,59,0,0
BRDA:430,59,1,0
BRF:123
BRH:0
end_of_record
TN:
SF:D:\mobile-wallet\client\src-cordova\platforms\android\cordova\lib\device.js
FN:34,(anonymous_0)
FN:35,(anonymous_1)
FN:40,(anonymous_2)
FN:43,(anonymous_3)
FN:52,(anonymous_4)
FN:53,(anonymous_5)
FN:64,(anonymous_6)
FN:75,(anonymous_7)
FN:76,(anonymous_8)
FN:81,(anonymous_9)
FN:89,(anonymous_10)
FN:99,(anonymous_11)
FN:102,(anonymous_12)
FN:105,(anonymous_13)
FN:107,(anonymous_14)
FNF:15
FNH:0
FNDA:0,(anonymous_0)
FNDA:0,(anonymous_1)
FNDA:0,(anonymous_2)
FNDA:0,(anonymous_3)
FNDA:0,(anonymous_4)
FNDA:0,(anonymous_5)
FNDA:0,(anonymous_6)
FNDA:0,(anonymous_7)
FNDA:0,(anonymous_8)
FNDA:0,(anonymous_9)
FNDA:0,(anonymous_10)
FNDA:0,(anonymous_11)
FNDA:0,(anonymous_12)
FNDA:0,(anonymous_13)
FNDA:0,(anonymous_14)
DA:22,0
DA:23,0
DA:24,0
DA:25,0
DA:26,0
DA:27,0
DA:28,0
DA:34,0
DA:35,0
DA:36,0
DA:40,0
DA:41,0
DA:42,0
DA:45,0
DA:48,0
DA:52,0
DA:53,0
DA:54,0
DA:55,0
DA:58,0
DA:60,0
DA:61,0
DA:64,0
DA:65,0
DA:75,0
DA:76,0
DA:77,0
DA:78,0
DA:80,0
DA:82,0
DA:83,0
DA:84,0
DA:85,0
DA:86,0
DA:87,0
DA:89,0
DA:92,0
DA:94,0
DA:99,0
DA:100,0
DA:104,0
DA:106,0
DA:108,0
LF:43
LH:0
BRDA:36,0,0,0
BRDA:36,0,1,0
BRDA:36,1,0,0
BRDA:36,1,1,0
BRDA:54,2,0,0
BRDA:54,2,1,0
BRDA:54,3,0,0
BRDA:54,3,1,0
BRDA:58,4,0,0
BRDA:58,4,1,0
BRDA:60,5,0,0
BRDA:60,5,1,0
BRDA:77,6,0,0
BRDA:77,6,1,0
BRDA:77,7,0,0
BRDA:77,7,1,0
BRDA:92,8,0,0
BRDA:92,8,1,0
BRF:18
BRH:0
end_of_record
TN:
SF:D:\mobile-wallet\client\src-cordova\platforms\android\cordova\lib\emulator.js
FN:47,forgivingWhichSync
FN:55,(anonymous_1)
FN:56,(anonymous_2)
FN:115,(anonymous_3)
FN:116,(anonymous_4)
FN:169,(anonymous_5)
FN:170,(anonymous_6)
FN:178,(anonymous_7)
FN:180,(anonymous_8)
FN:200,(anonymous_9)
FN:201,(anonymous_10)
FN:225,(anonymous_11)
FN:231,(anonymous_12)
FN:232,(anonymous_13)
FN:248,(anonymous_14)
FN:251,(anonymous_15)
FN:272,(anonymous_16)
FN:275,(anonymous_17)
FN:278,(anonymous_18)
FN:290,(anonymous_19)
FN:291,(anonymous_20)
FN:305,(anonymous_21)
FN:310,(anonymous_22)
FN:314,(anonymous_23)
FN:330,(anonymous_24)
FN:332,(anonymous_25)
FN:334,(anonymous_26)
FN:339,(anonymous_27)
FN:360,(anonymous_28)
FN:362,(anonymous_29)
FN:370,(anonymous_30)
FN:373,(anonymous_31)
FN:387,(anonymous_32)
FN:390,(anonymous_33)
FN:398,(anonymous_34)
FN:403,(anonymous_35)
FN:410,(anonymous_36)
FN:411,(anonymous_37)
FN:422,(anonymous_38)
FN:434,(anonymous_39)
FN:443,(anonymous_40)
FN:451,(anonymous_41)
FN:455,(anonymous_42)
FN:458,(anonymous_43)
FN:474,adbInstallWithOptions
FN:478,(anonymous_45)
FN:479,(anonymous_46)
FN:498,installPromise
FN:499,(anonymous_48)
FN:509,(anonymous_49)
FN:515,(anonymous_50)
FN:520,(anonymous_51)
FN:524,(anonymous_52)
FN:527,(anonymous_53)
FNF:54
FNH:0
FNDA:0,forgivingWhichSync
FNDA:0,(anonymous_1)
FNDA:0,(anonymous_2)
FNDA:0,(anonymous_3)
FNDA:0,(anonymous_4)
FNDA:0,(anonymous_5)
FNDA:0,(anonymous_6)
FNDA:0,(anonymous_7)
FNDA:0,(anonymous_8)
FNDA:0,(anonymous_9)
FNDA:0,(anonymous_10)
FNDA:0,(anonymous_11)
FNDA:0,(anonymous_12)
FNDA:0,(anonymous_13)
FNDA:0,(anonymous_14)
FNDA:0,(anonymous_15)
FNDA:0,(anonymous_16)
FNDA:0,(anonymous_17)
FNDA:0,(anonymous_18)
FNDA:0,(anonymous_19)
FNDA:0,(anonymous_20)
FNDA:0,(anonymous_21)
FNDA:0,(anonymous_22)
FNDA:0,(anonymous_23)
FNDA:0,(anonymous_24)
FNDA:0,(anonymous_25)
FNDA:0,(anonymous_26)
FNDA:0,(anonymous_27)
FNDA:0,(anonymous_28)
FNDA:0,(anonymous_29)
FNDA:0,(anonymous_30)
FNDA:0,(anonymous_31)
FNDA:0,(anonymous_32)
FNDA:0,(anonymous_33)
FNDA:0,(anonymous_34)
FNDA:0,(anonymous_35)
FNDA:0,(anonymous_36)
FNDA:0,(anonymous_37)
FNDA:0,(anonymous_38)
FNDA:0,(anonymous_39)
FNDA:0,(anonymous_40)
FNDA:0,(anonymous_41)
FNDA:0,(anonymous_42)
FNDA:0,(anonymous_43)
FNDA:0,adbInstallWithOptions
FNDA:0,(anonymous_45)
FNDA:0,(anonymous_46)
FNDA:0,installPromise
FNDA:0,(anonymous_48)
FNDA:0,(anonymous_49)
FNDA:0,(anonymous_50)
FNDA:0,(anonymous_51)
FNDA:0,(anonymous_52)
FNDA:0,(anonymous_53)
DA:22,0
DA:23,0
DA:24,0
DA:25,0
DA:26,0
DA:27,0
DA:28,0
DA:29,0
DA:30,0
DA:31,0
DA:32,0
DA:33,0
DA:35,0
DA:36,0
DA:37,0
DA:40,0
DA:41,0
DA:42,0
DA:43,0
DA:44,0
DA:45,0
DA:48,0
DA:49,0
DA:51,0
DA:55,0
DA:56,0
DA:57,0
DA:58,0
DA:59,0
DA:61,0
DA:62,0
DA:63,0
DA:64,0
DA:65,0
DA:66,0
DA:68,0
DA:69,0
DA:70,0
DA:72,0
DA:73,0
DA:74,0
DA:75,0
DA:82,0
DA:83,0
DA:84,0
DA:85,0
DA:86,0
DA:87,0
DA:90,0
DA:92,0
DA:93,0
DA:94,0
DA:98,0
DA:99,0
DA:100,0
DA:103,0
DA:111,0
DA:115,0
DA:116,0
DA:117,0
DA:118,0
DA:119,0
DA:121,0
DA:122,0
DA:123,0
DA:124,0
DA:125,0
DA:126,0
DA:128,0
DA:129,0
DA:130,0
DA:132,0
DA:133,0
DA:134,0
DA:135,0
DA:137,0
DA:138,0
DA:139,0
DA:141,0
DA:142,0
DA:143,0
DA:146,0
DA:154,0
DA:169,0
DA:170,0
DA:171,0
DA:172,0
DA:173,0
DA:174,0
DA:176,0
DA:180,0
DA:181,0
DA:182,0
DA:183,0
DA:184,0
DA:185,0
DA:186,0
DA:190,0
DA:200,0
DA:201,0
DA:203,0
DA:205,0
DA:206,0
DA:207,0
DA:208,0
DA:209,0
DA:210,0
DA:211,0
DA:212,0
DA:213,0
DA:214,0
DA:215,0
DA:216,0
DA:220,0
DA:225,0
DA:226,0
DA:231,0
DA:232,0
DA:233,0
DA:234,0
DA:235,0
DA:236,0
DA:237,0
DA:240,0
DA:248,0
DA:249,0
DA:251,0
DA:252,0
DA:253,0
DA:254,0
DA:255,0
DA:258,0
DA:272,0
DA:273,0
DA:275,0
DA:276,0
DA:278,0
DA:279,0
DA:280,0
DA:281,0
DA:284,0
DA:285,0
DA:291,0
DA:294,0
DA:295,0
DA:297,0
DA:302,0
DA:303,0
DA:306,0
DA:309,0
DA:310,0
DA:311,0
DA:312,0
DA:314,0
DA:316,0
DA:320,0
DA:330,0
DA:331,0
DA:332,0
DA:333,0
DA:334,0
DA:335,0
DA:336,0
DA:338,0
DA:340,0
DA:346,0
DA:349,0
DA:360,0
DA:361,0
DA:362,0
DA:363,0
DA:364,0
DA:365,0
DA:366,0
DA:368,0
DA:370,0
DA:371,0
DA:373,0
DA:374,0
DA:375,0
DA:387,0
DA:388,0
DA:389,0
DA:390,0
DA:391,0
DA:392,0
DA:393,0
DA:396,0
DA:398,0
DA:400,0
DA:401,0
DA:402,0
DA:404,0
DA:405,0
DA:410,0
DA:411,0
DA:412,0
DA:413,0
DA:417,0
DA:418,0
DA:419,0
DA:422,0
DA:423,0
DA:434,0
DA:438,0
DA:439,0
DA:440,0
DA:443,0
DA:444,0
DA:445,0
DA:447,0
DA:452,0
DA:458,0
DA:460,0
DA:461,0
DA:467,0
DA:468,0
DA:469,0
DA:475,0
DA:477,0
DA:478,0
DA:479,0
DA:480,0
DA:483,0
DA:484,0
DA:485,0
DA:487,0
DA:488,0
DA:492,0
DA:493,0
DA:499,0
DA:502,0
DA:504,0
DA:509,0
DA:510,0
DA:515,0
DA:516,0
DA:522,0
DA:523,0
DA:525,0
DA:528,0
LF:241
LH:0
BRDA:62,0,0,0
BRDA:62,0,1,0
BRDA:64,1,0,0
BRDA:64,1,1,0
BRDA:68,2,0,0
BRDA:68,2,1,0
BRDA:72,3,0,0
BRDA:72,3,1,0
BRDA:74,4,0,0
BRDA:74,4,1,0
BRDA:82,5,0,0
BRDA:82,5,1,0
BRDA:84,6,0,0
BRDA:84,6,1,0
BRDA:86,7,0,0
BRDA:86,7,1,0
BRDA:93,8,0,0
BRDA:93,8,1,0
BRDA:98,9,0,0
BRDA:98,9,1,0
BRDA:122,10,0,0
BRDA:122,10,1,0
BRDA:124,11,0,0
BRDA:124,11,1,0
BRDA:128,12,0,0
BRDA:128,12,1,0
BRDA:132,13,0,0
BRDA:132,13,1,0
BRDA:132,14,0,0
BRDA:132,14,1,0
BRDA:132,14,2,0
BRDA:134,15,0,0
BRDA:134,15,1,0
BRDA:137,16,0,0
BRDA:137,16,1,0
BRDA:141,17,0,0
BRDA:141,17,1,0
BRDA:171,18,0,0
BRDA:171,18,1,0
BRDA:173,19,0,0
BRDA:173,19,1,0
BRDA:181,20,0,0
BRDA:181,20,1,0
BRDA:181,21,0,0
BRDA:181,21,1,0
BRDA:181,21,2,0
BRDA:183,22,0,0
BRDA:183,22,1,0
BRDA:185,23,0,0
BRDA:185,23,1,0
BRDA:203,24,0,0
BRDA:203,24,1,0
BRDA:210,25,0,0
BRDA:210,25,1,0
BRDA:210,26,0,0
BRDA:210,26,1,0
BRDA:212,27,0,0
BRDA:212,27,1,0
BRDA:214,28,0,0
BRDA:214,28,1,0
BRDA:214,29,0,0
BRDA:214,29,1,0
BRDA:236,30,0,0
BRDA:236,30,1,0
BRDA:253,31,0,0
BRDA:253,31,1,0
BRDA:276,32,0,0
BRDA:276,32,1,0
BRDA:279,33,0,0
BRDA:279,33,1,0
BRDA:279,34,0,0
BRDA:279,34,1,0
BRDA:306,35,0,0
BRDA:306,35,1,0
BRDA:311,36,0,0
BRDA:311,36,1,0
BRDA:335,37,0,0
BRDA:335,37,1,0
BRDA:340,38,0,0
BRDA:340,38,1,0
BRDA:340,39,0,0
BRDA:340,39,1,0
BRDA:340,39,2,0
BRDA:340,39,3,0
BRDA:340,39,4,0
BRDA:340,39,5,0
BRDA:363,40,0,0
BRDA:363,40,1,0
BRDA:365,41,0,0
BRDA:365,41,1,0
BRDA:371,42,0,0
BRDA:371,42,1,0
BRDA:374,43,0,0
BRDA:374,43,1,0
BRDA:389,44,0,0
BRDA:389,44,1,0
BRDA:412,45,0,0
BRDA:412,45,1,0
BRDA:417,46,0,0
BRDA:417,46,1,0
BRDA:418,47,0,0
BRDA:418,47,1,0
BRDA:444,48,0,0
BRDA:444,48,1,0
BRDA:444,49,0,0
BRDA:444,49,1,0
BRDA:480,50,0,0
BRDA:480,50,1,0
[...]
BRDA:1321,137,1,0
BRDA:1351,138,0,0
BRDA:1351,138,1,0
BRDA:1355,139,0,0
BRDA:1355,139,1,0
BRDA:1378,140,0,0
BRDA:1378,140,1,0
BRDA:1384,141,0,0
BRDA:1384,141,1,0
BRDA:1397,142,0,0
BRDA:1397,142,1,0
BRDA:1405,143,0,0
BRDA:1405,143,1,0
BRDA:1409,144,0,0
BRDA:1409,144,1,0
BRDA:1409,145,0,0
BRDA:1409,145,1,0
BRDA:1411,146,0,0
BRDA:1411,146,1,0
BRDA:1411,147,0,0
BRDA:1411,147,1,0
BRDA:1411,147,2,0
BRDA:1412,148,0,0
BRDA:1412,148,1,0
BRDA:1422,149,0,0
BRDA:1422,149,1,0
BRDA:1422,150,0,0
BRDA:1422,150,1,0
BRDA:1428,151,0,0
BRDA:1428,151,1,0
BRDA:1457,152,0,0
BRDA:1457,152,1,0
BRDA:1490,153,0,0
BRDA:1490,153,1,0
BRDA:1490,154,0,0
BRDA:1490,154,1,0
BRDA:1508,155,0,0
BRDA:1508,155,1,0
BRDA:1508,155,2,0
BRDA:1508,155,3,0
BRDA:1508,155,4,0
BRDA:1508,155,5,0
BRDA:1508,155,6,0
BRDA:1508,155,7,0
BRDA:1522,156,0,0
BRDA:1522,156,1,0
BRDA:1522,157,0,0
BRDA:1522,157,1,0
BRDA:1523,158,0,0
BRDA:1523,158,1,0
BRDA:1551,159,0,0
BRDA:1551,159,1,0
BRDA:1658,160,0,0
BRDA:1658,160,1,0
BRDA:1659,161,0,0
BRDA:1659,161,1,0
BRDA:1663,162,0,0
BRDA:1663,162,1,0
BRDA:1675,163,0,0
BRDA:1675,163,1,0
BRDA:1675,164,0,0
BRDA:1675,164,1,0
BRDA:1681,165,0,0
BRDA:1681,165,1,0
BRDA:1681,166,0,0
BRDA:1681,166,1,0
BRDA:1688,167,0,0
BRDA:1688,167,1,0
BRDA:1704,168,0,0
BRDA:1704,168,1,0
BRDA:1709,169,0,0
BRDA:1709,169,1,0
BRDA:1725,170,0,0
BRDA:1725,170,1,0
BRDA:1738,171,0,0
BRDA:1738,171,1,0
BRDA:1774,172,0,0
BRDA:1774,172,1,0
BRDA:1779,173,0,0
BRDA:1779,173,1,0
BRDA:1785,174,0,0
BRDA:1785,174,1,0
BRDA:1797,175,0,0
BRDA:1797,175,1,0
BRDA:1802,176,0,0
BRDA:1802,176,1,0
BRDA:1814,177,0,0
BRDA:1814,177,1,0
BRDA:1827,178,0,0
BRDA:1827,178,1,0
BRDA:1841,179,0,0
BRDA:1841,179,1,0
BRDA:1841,180,0,0
BRDA:1841,180,1,0
BRDA:1841,180,2,0
BRDA:1841,180,3,0
BRDA:1847,181,0,0
BRDA:1847,181,1,0
BRDA:1860,182,0,0
BRDA:1860,182,1,0
BRDA:1860,183,0,0
BRDA:1860,183,1,0
BRDA:1860,183,2,0
BRDA:1860,183,3,0
BRDA:1872,184,0,0
BRDA:1872,184,1,0
BRDA:1882,185,0,0
BRDA:1882,185,1,0
BRDA:1922,186,0,0
BRDA:1922,186,1,0
BRDA:1924,187,0,0
BRDA:1924,187,1,0
BRDA:1924,188,0,0
BRDA:1924,188,1,0
BRF:393
BRH:0
end_of_record
TN:
SF:D:\mobile-wallet\client\src-cordova\platforms\android\platform_www\cordova_plugins.js
FN:1,(anonymous_0)
FNF:1
FNH:0
FNDA:0,(anonymous_0)
DA:1,0
DA:2,0
DA:3,0
LF:3
LH:0
BRF:0
BRH:0
end_of_record
TN:
SF:D:\mobile-wallet\client\src-cordova\platforms\android\platform_www\cordova-js-src\exec.js
FN:65,(anonymous_0)
FN:65,(anonymous_1)
FN:67,androidExec
FN:111,(anonymous_3)
FN:116,pollOnceFromOnlineEvent
FN:120,pollOnce
FN:134,pollingTimerFunc
FN:141,hookOnlineApis
FN:142,proxyEvent
FN:162,(anonymous_9)
FN:170,(anonymous_10)
FN:191,buildPayload
FN:223,processMessage
FN:244,processMessages
FN:270,popMessageFromQueue
FNF:15
FNH:0
FNDA:0,(anonymous_0)
FNDA:0,(anonymous_1)
FNDA:0,androidExec
FNDA:0,(anonymous_3)
FNDA:0,pollOnceFromOnlineEvent
FNDA:0,pollOnce
FNDA:0,pollingTimerFunc
FNDA:0,hookOnlineApis
FNDA:0,proxyEvent
FNDA:0,(anonymous_9)
FNDA:0,(anonymous_10)
FNDA:0,buildPayload
FNDA:0,processMessage
FNDA:0,processMessages
FNDA:0,popMessageFromQueue
DA:36,0
DA:37,0
DA:38,0
DA:39,0
DA:40,0
DA:41,0
DA:45,0
DA:58,0
DA:59,0
DA:60,0
DA:62,0
DA:63,0
DA:64,0
DA:65,0
DA:68,0
DA:73,0
DA:77,0
DA:78,0
DA:82,0
DA:85,0
DA:86,0
DA:87,0
DA:91,0
DA:92,0
DA:93,0
DA:94,0
DA:97,0
DA:100,0
DA:101,0
DA:102,0
DA:103,0
DA:104,0
DA:105,0
DA:107,0
DA:111,0
DA:112,0
DA:113,0
DA:117,0
DA:121,0
DA:124,0
DA:126,0
DA:127,0
DA:128,0
DA:130,0
DA:135,0
DA:136,0
DA:137,0
DA:143,0
DA:149,0
DA:150,0
DA:151,0
DA:152,0
DA:153,0
DA:154,0
DA:157,0
DA:159,0
DA:160,0
DA:162,0
DA:163,0
DA:164,0
DA:166,0
DA:167,0
DA:170,0
DA:171,0
DA:172,0
DA:174,0
DA:175,0
DA:178,0
DA:181,0
DA:182,0
DA:185,0
DA:186,0
DA:187,0
DA:192,0
DA:193,0
DA:194,0
DA:195,0
DA:196,0
DA:197,0
DA:198,0
DA:199,0
DA:200,0
DA:201,0
DA:202,0
DA:203,0
DA:204,0
DA:205,0
DA:206,0
DA:207,0
DA:208,0
DA:209,0
DA:210,0
DA:211,0
DA:212,0
DA:213,0
DA:214,0
DA:215,0
DA:218,0
DA:224,0
DA:225,0
DA:227,0
DA:228,0
DA:229,0
DA:230,0
DA:231,0
DA:232,0
DA:233,0
DA:234,0
DA:235,0
DA:236,0
DA:237,0
DA:238,0
DA:240,0
DA:246,0
DA:247,0
DA:249,0
DA:250,0
DA:252,0
DA:253,0
DA:254,0
DA:257,0
DA:258,0
DA:259,0
DA:261,0
DA:263,0
DA:264,0
DA:265,0
DA:271,0
DA:272,0
DA:273,0
DA:276,0
DA:277,0
DA:278,0
DA:279,0
DA:280,0
DA:281,0
DA:283,0
DA:286,0
LF:138
LH:0
BRDA:64,0,0,0
BRDA:64,0,1,0
BRDA:65,1,0,0
BRDA:65,1,1,0
BRDA:68,2,0,0
BRDA:68,2,1,0
BRDA:77,3,0,0
BRDA:77,3,1,0
BRDA:82,4,0,0
BRDA:82,4,1,0
BRDA:86,5,0,0
BRDA:86,5,1,0
BRDA:93,6,0,0
BRDA:93,6,1,0
BRDA:93,7,0,0
BRDA:93,7,1,0
BRDA:100,8,0,0
BRDA:100,8,1,0
BRDA:100,9,0,0
BRDA:100,9,1,0
BRDA:104,10,0,0
BRDA:104,10,1,0
BRDA:121,11,0,0
BRDA:121,11,1,0
BRDA:127,12,0,0
BRDA:127,12,1,0
BRDA:135,13,0,0
BRDA:135,13,1,0
BRDA:163,14,0,0
BRDA:163,14,1,0
BRDA:163,15,0,0
BRDA:163,15,1,0
BRDA:171,16,0,0
BRDA:171,16,1,0
BRDA:174,17,0,0
BRDA:174,17,1,0
BRDA:181,18,0,0
BRDA:181,18,1,0
BRDA:185,19,0,0
BRDA:185,19,1,0
BRDA:193,20,0,0
BRDA:193,20,1,0
BRDA:195,21,0,0
BRDA:195,21,1,0
BRDA:197,22,0,0
BRDA:197,22,1,0
BRDA:199,23,0,0
BRDA:199,23,1,0
BRDA:201,24,0,0
BRDA:201,24,1,0
BRDA:203,25,0,0
BRDA:203,25,1,0
BRDA:206,26,0,0
BRDA:206,26,1,0
BRDA:208,27,0,0
BRDA:208,27,1,0
BRDA:225,28,0,0
BRDA:225,28,1,0
BRDA:228,29,0,0
BRDA:228,29,1,0
BRDA:228,30,0,0
BRDA:228,30,1,0
BRDA:246,31,0,0
BRDA:246,31,1,0
BRDA:249,32,0,0
BRDA:249,32,1,0
BRDA:257,33,0,0
BRDA:257,33,1,0
BRDA:257,34,0,0
BRDA:257,34,1,0
BRDA:264,35,0,0
BRDA:264,35,1,0
BRDA:272,36,0,0
BRDA:272,36,1,0
BRDA:280,37,0,0
BRDA:280,37,1,0
BRF:76
BRH:0
end_of_record
TN:
SF:D:\mobile-wallet\client\src-cordova\platforms\android\platform_www\cordova-js-src\platform.js
FN:27,(anonymous_0)
FN:43,(anonymous_1)
FN:53,bindButtonChannel
FN:56,(anonymous_3)
FN:69,(anonymous_4)
FN:79,(anonymous_5)
FN:86,onMessageFromNative
FNF:7
FNH:0
FNDA:0,(anonymous_0)
FNDA:0,(anonymous_1)
FNDA:0,bindButtonChannel
FNDA:0,(anonymous_3)
FNDA:0,(anonymous_4)
FNDA:0,(anonymous_5)
FNDA:0,onMessageFromNative
DA:23,0
DA:25,0
DA:28,0
DA:29,0
DA:30,0
DA:31,0
DA:34,0
DA:37,0
DA:39,0
DA:42,0
DA:43,0
DA:46,0
DA:50,0
DA:51,0
DA:55,0
DA:56,0
DA:57,0
DA:61,0
DA:62,0
DA:67,0
DA:69,0
DA:70,0
DA:72,0
DA:73,0
DA:79,0
DA:80,0
DA:81,0
DA:87,0
DA:88,0
DA:90,0
DA:101,0
DA:102,0
DA:104,0
DA:105,0
DA:106,0
DA:109,0
DA:110,0
DA:111,0
DA:113,0
DA:118,0
DA:120,0
DA:121,0
DA:123,0
LF:43
LH:0
BRDA:39,0,0,0
BRDA:39,0,1,0
BRDA:72,1,0,0
BRDA:72,1,1,0
BRDA:72,2,0,0
BRDA:72,2,1,0
BRDA:90,3,0,0
BRDA:90,3,1,0
BRDA:90,3,2,0
BRDA:90,3,3,0
BRDA:90,3,4,0
BRDA:90,3,5,0
BRDA:90,3,6,0
BRDA:90,3,7,0
BRDA:104,4,0,0
BRDA:104,4,1,0
BRDA:104,5,0,0
BRDA:104,5,1,0
BRDA:105,6,0,0
BRDA:105,6,1,0
BRF:20
BRH:0
end_of_record
TN:
SF:D:\mobile-wallet\client\src-cordova\platforms\android\platform_www\cordova-js-src\android\nativeapiprovider.js
FN:28,(anonymous_0)
FN:29,(anonymous_1)
FN:33,(anonymous_2)
FNF:3
FNH:0
FNDA:0,(anonymous_0)
FNDA:0,(anonymous_1)
FNDA:0,(anonymous_2)
DA:24,0
DA:25,0
DA:27,0
DA:28,0
DA:30,0
DA:34,0
LF:6
LH:0
BRDA:24,0,0,0
BRDA:24,0,1,0
BRDA:30,1,0,0
BRDA:30,1,1,0
BRF:4
BRH:0
end_of_record
TN:
SF:D:\mobile-wallet\client\src-cordova\platforms\android\platform_www\cordova-js-src\android\promptbasednativeapi.js
FN:26,(anonymous_0)
FN:29,(anonymous_1)
FN:32,(anonymous_2)
FNF:3
FNH:0
FNDA:0,(anonymous_0)
FNDA:0,(anonymous_1)
FNDA:0,(anonymous_2)
DA:25,0
DA:27,0
DA:30,0
DA:33,0
LF:4
LH:0
BRF:0
BRH:0
end_of_record
TN:
SF:D:\mobile-wallet\client\src-cordova\platforms\android\platform_www\cordova-js-src\plugin\android\app.js
FN:29,(anonymous_0)
FN:47,(anonymous_1)
FN:54,(anonymous_2)
FN:62,(anonymous_3)
FN:70,(anonymous_4)
FN:83,(anonymous_5)
FN:98,(anonymous_6)
FN:105,(anonymous_7)
FNF:8
FNH:0
FNDA:0,(anonymous_0)
FNDA:0,(anonymous_1)
FNDA:0,(anonymous_2)
FNDA:0,(anonymous_3)
FNDA:0,(anonymous_4)
FNDA:0,(anonymous_5)
FNDA:0,(anonymous_6)
FNDA:0,(anonymous_7)
DA:22,0
DA:23,0
DA:25,0
DA:30,0
DA:48,0
DA:55,0
DA:63,0
DA:71,0
DA:84,0
DA:99,0
DA:106,0
LF:11
LH:0
BRDA:23,0,0,0
BRDA:23,0,1,0
BRF:2
BRH:0
end_of_record
TN:
SF:D:\mobile-wallet\client\src-cordova\plugins\cordova-plugin-whitelist\tests\tests.js
FN:21,(anonymous_0)
FN:25,(anonymous_1)
FN:27,(anonymous_2)
FN:31,(anonymous_3)
FN:32,expectMatchWithResult
FN:33,(anonymous_5)
FN:37,(anonymous_6)
FN:48,(anonymous_7)
FN:52,(anonymous_8)
FN:58,(anonymous_9)
FN:62,(anonymous_10)
FN:72,(anonymous_11)
FN:154,(anonymous_12)
FN:155,expectTestWithResult
FN:156,(anonymous_14)
FN:159,(anonymous_15)
FN:167,(anonymous_16)
FN:170,(anonymous_17)
FN:176,(anonymous_18)
FN:180,(anonymous_19)
FN:190,(anonymous_20)
FNF:21
FNH:0
FNDA:0,(anonymous_0)
FNDA:0,(anonymous_1)
FNDA:0,(anonymous_2)
FNDA:0,(anonymous_3)
FNDA:0,expectMatchWithResult
FNDA:0,(anonymous_5)
FNDA:0,(anonymous_6)
FNDA:0,(anonymous_7)
FNDA:0,(anonymous_8)
FNDA:0,(anonymous_9)
FNDA:0,(anonymous_10)
FNDA:0,(anonymous_11)
FNDA:0,(anonymous_12)
FNDA:0,expectTestWithResult
FNDA:0,(anonymous_14)
FNDA:0,(anonymous_15)
FNDA:0,(anonymous_16)
FNDA:0,(anonymous_17)
FNDA:0,(anonymous_18)
FNDA:0,(anonymous_19)
FNDA:0,(anonymous_20)
DA:21,0
DA:23,0
DA:25,0
DA:27,0
DA:28,0
DA:31,0
DA:33,0
DA:34,0
DA:35,0
DA:37,0
DA:38,0
DA:39,0
DA:48,0
DA:49,0
DA:50,0
DA:52,0
DA:53,0
DA:55,0
DA:58,0
DA:59,0
DA:62,0
DA:63,0
DA:69,0
DA:70,0
DA:72,0
DA:73,0
DA:74,0
DA:77,0
DA:78,0
DA:80,0
DA:81,0
DA:82,0
DA:83,0
DA:84,0
DA:85,0
DA:86,0
DA:87,0
DA:88,0
DA:89,0
DA:90,0
DA:91,0
DA:92,0
DA:93,0
DA:95,0
DA:96,0
DA:97,0
DA:98,0
DA:100,0
DA:101,0
DA:102,0
DA:104,0
DA:105,0
DA:107,0
DA:108,0
DA:109,0
DA:111,0
DA:113,0
DA:114,0
DA:115,0
DA:116,0
DA:117,0
DA:119,0
DA:120,0
DA:121,0
DA:122,0
DA:123,0
DA:124,0
DA:125,0
DA:126,0
DA:128,0
DA:129,0
DA:130,0
DA:132,0
DA:133,0
DA:134,0
DA:135,0
DA:136,0
DA:137,0
DA:138,0
DA:140,0
DA:141,0
DA:142,0
DA:143,0
DA:144,0
DA:145,0
DA:147,0
DA:148,0
DA:149,0
DA:150,0
DA:151,0
DA:154,0
DA:156,0
DA:157,0
DA:159,0
DA:160,0
DA:161,0
DA:167,0
DA:168,0
DA:169,0
DA:170,0
DA:171,0
DA:173,0
DA:176,0
DA:177,0
DA:180,0
DA:181,0
DA:187,0
DA:188,0
DA:190,0
DA:191,0
DA:192,0
DA:195,0
DA:196,0
DA:197,0
DA:198,0
DA:199,0
DA:200,0
DA:201,0
DA:202,0
DA:204,0
DA:205,0
DA:206,0
DA:207,0
DA:209,0
DA:210,0
DA:211,0
LF:126
LH:0
BRDA:34,0,0,0
BRDA:34,0,1,0
BRDA:34,1,0,0
BRDA:34,1,1,0
BRDA:38,2,0,0
BRDA:38,2,1,0
BRDA:123,3,0,0
BRDA:123,3,1,0
BRDA:157,4,0,0
BRDA:157,4,1,0
BRDA:157,5,0,0
BRDA:157,5,1,0
BRDA:160,6,0,0
BRDA:160,6,1,0
BRDA:210,7,0,0
BRDA:210,7,1,0
BRF:16
BRH:0
end_of_record
TN:
SF:D:\mobile-wallet\client\src-cordova\plugins\cordova-plugin-whitelist\tests\scripts\remove-access.js
FN:6,(anonymous_0)
FN:14,(anonymous_1)
FNF:2
FNH:0
FNDA:0,(anonymous_0)
FNDA:0,(anonymous_1)
DA:1,0
DA:2,0
DA:3,0
DA:4,0
DA:6,0
DA:8,0
DA:9,0
DA:11,0
DA:12,0
DA:14,0
DA:16,0
DA:17,0
LF:12
LH:0
BRDA:8,0,0,0
BRDA:8,0,1,0
BRDA:16,1,0,0
BRDA:16,1,1,0
BRF:4
BRH:0
end_of_record
TN:
SF:D:\mobile-wallet\client\src-cordova\plugins\cordova-plugin-whitelist\tests\www\whitelist.js
FN:26,(anonymous_0)
FN:30,(anonymous_1)
FNF:2
FNH:0
FNDA:0,(anonymous_0)
FNDA:0,(anonymous_1)
DA:22,0
DA:23,0
DA:25,0
DA:28,0
DA:32,0
LF:5
LH:0
BRF:0
BRH:0
end_of_record
TN:
SF:D:\mobile-wallet\client\src\components\create-wallet-form.vue
FN:85,data
FN:99,isValid
FN:102,isRepeat
FN:105,onFocus
FN:108,onSubmit
FN:109,(anonymous_11)
FN:115,(anonymous_12)
FNF:7
FNH:0
FNDA:0,data
FNDA:0,isValid
FNDA:0,isRepeat
FNDA:0,onFocus
FNDA:0,onSubmit
FNDA:0,(anonymous_11)
FNDA:0,(anonymous_12)
DA:74,0
DA:78,0
DA:79,0
DA:81,0
DA:86,0
DA:100,0
DA:103,0
DA:106,0
DA:108,0
DA:109,0
DA:114,0
DA:116,0
LF:12
LH:0
BRF:0
BRH:0
end_of_record
TN:
SF:D:\mobile-wallet\client\src\components\restore-ath-wallet.vue
FN:93,data
FNF:1
FNH:0
FNDA:0,data
DA:87,0
DA:94,0
LF:2
LH:0
BRF:0
BRH:0
end_of_record
TN:
SF:D:\mobile-wallet\client\src\components\restore-ath-wallet1.vue
FN:49,onClick
FN:52,close
FNF:2
FNH:0
FNDA:0,onClick
FNDA:0,close
DA:38,0
DA:41,0
DA:50,0
DA:53,0
LF:4
LH:0
BRF:0
BRH:0
end_of_record
TN:
SF:D:\mobile-wallet\client\src\components\restore-ava-wallet.vue
FN:14,data
FNF:1
FNH:0
FNDA:0,data
DA:8,0
DA:15,0
LF:2
LH:0
BRF:0
BRH:0
end_of_record
TN:
SF:D:\mobile-wallet\client\src\components\wallets-мenu.vue
FN:56,onClick
FNF:1
FNH:0
FNDA:0,onClick
DA:37,0
DA:41,0
DA:57,0
LF:3
LH:0
BRF:0
BRH:0
end_of_record
TN:
SF:D:\mobile-wallet\client\src\layouts\MainLayout.vue
FN:26,data
FN:32,goBack
FNF:2
FNH:0
FNDA:0,data
FNDA:0,goBack
DA:27,0
DA:32,0
DA:33,0
DA:34,0
LF:4
LH:0
BRDA:33,0,0,0
BRDA:33,0,1,0
BRF:2
BRH:0
end_of_record
TN:
SF:D:\mobile-wallet\client\src\layouts\SimpleLayout.vue
FN:13,data
FNF:1
FNH:0
FNDA:0,data
DA:14,0
LF:1
LH:0
BRF:0
BRH:0
end_of_record
TN:
SF:D:\mobile-wallet\client\src\modules\config.js
FNF:0
FNH:0
LF:0
LH:0
BRF:0
BRH:0
end_of_record
TN:
SF:D:\mobile-wallet\client\src\modules\crypto.js
FN:4,(anonymous_0)
FN:10,(anonymous_1)
FNF:2
FNH:0
FNDA:0,(anonymous_0)
FNDA:0,(anonymous_1)
DA:1,0
DA:4,0
DA:5,0
DA:6,0
DA:10,0
DA:11,0
DA:12,0
DA:13,0
LF:8
LH:0
BRF:0
BRH:0
end_of_record
TN:
SF:D:\mobile-wallet\client\src\modules\notify.js
FN:5,(anonymous_0)
FN:14,(anonymous_1)
FNF:2
FNH:0
FNDA:0,(anonymous_0)
FNDA:0,(anonymous_1)
DA:4,0
DA:6,0
DA:15,0
LF:3
LH:0
BRF:0
BRH:0
end_of_record
TN:
SF:D:\mobile-wallet\client\src\pages\Create.vue
FN:29,created
FN:32,data
FN:46,scroll
FNF:3
FNH:0
FNDA:0,created
FNDA:0,data
FNDA:0,scroll
DA:16,0
DA:20,0
DA:22,0
DA:30,0
DA:33,0
DA:47,0
LF:6
LH:0
BRDA:30,0,0,0
BRDA:30,0,1,0
BRF:2
BRH:0
end_of_record
TN:
SF:D:\mobile-wallet\client\src\pages\Init.vue
FN:56,submit
FN:59,start
FNF:2
FNH:0
FNDA:0,submit
FNDA:0,start
DA:32,0
DA:36,0
DA:38,0
DA:57,0
DA:60,0
DA:61,0
LF:6
LH:0
BRF:0
BRH:0
end_of_record
TN:
SF:D:\mobile-wallet\client\src\pages\Pin.vue
FN:30,data
FN:43,onConfirmClick
FN:44,(anonymous_8)
FN:47,(anonymous_9)
FN:57,handleClick
FNF:5
FNH:0
FNDA:0,data
FNDA:0,onConfirmClick
FNDA:0,(anonymous_8)
FNDA:0,(anonymous_9)
FNDA:0,handleClick
DA:23,0
DA:25,0
DA:31,0
DA:43,0
DA:44,0
DA:46,0
DA:49,0
DA:53,0
DA:54,0
DA:58,0
DA:59,0
DA:60,0
DA:61,0
LF:13
LH:0
BRDA:60,0,0,0
BRDA:60,0,1,0
BRF:2
BRH:0
end_of_record
TN:
SF:D:\mobile-wallet\client\src\pages\Restore.vue
FN:27,created
FN:34,data
FNF:2
FNH:0
FNDA:0,created
FNDA:0,data
DA:15,0
DA:18,0
DA:19,0
DA:30,0
DA:35,0
LF:5
LH:0
BRF:0
BRH:0
end_of_record
TN:
SF:D:\mobile-wallet\client\src\router\index.js
FN:18,(anonymous_0)
FNF:1
FNH:0
FNDA:0,(anonymous_0)
DA:6,0
DA:17,0
DA:18,0
LF:3
LH:0
BRF:0
BRH:0
end_of_record
TN:
SF:D:\mobile-wallet\client\src\router\routes.js
FN:4,(anonymous_0)
FN:6,(anonymous_1)
FN:11,(anonymous_2)
FN:13,(anonymous_3)
FN:18,(anonymous_4)
FN:20,(anonymous_5)
FN:25,(anonymous_6)
FN:27,(anonymous_7)
FN:32,(anonymous_8)
FN:34,(anonymous_9)
FN:43,(anonymous_10)
FNF:11
FNH:0
FNDA:0,(anonymous_0)
FNDA:0,(anonymous_1)
FNDA:0,(anonymous_2)
FNDA:0,(anonymous_3)
FNDA:0,(anonymous_4)
FNDA:0,(anonymous_5)
FNDA:0,(anonymous_6)
FNDA:0,(anonymous_7)
FNDA:0,(anonymous_8)
FNDA:0,(anonymous_9)
FNDA:0,(anonymous_10)
DA:1,0
DA:4,0
DA:6,0
DA:11,0
DA:13,0
DA:18,0
DA:20,0
DA:25,0
DA:27,0
DA:32,0
DA:34,0
DA:40,0
DA:41,0
DA:43,0
LF:14
LH:0
BRDA:40,0,0,0
BRDA:40,0,1,0
BRF:2
BRH:0
end_of_record
TN:
SF:D:\mobile-wallet\client\src\store\index.js
FN:13,(anonymous_0)
FN:42,resetState
FNF:2
FNH:0
FNDA:0,(anonymous_0)
FNDA:0,resetState
DA:9,0
DA:11,0
DA:14,0
DA:16,0
DA:17,0
DA:29,0
DA:41,0
DA:43,0
LF:8
LH:0
BRF:0
BRH:0
end_of_record
TN:
SF:D:\mobile-wallet\client\src\store\app\actions.js
FN:17,initApp
FN:25,setKey
FN:30,(anonymous_2)
FN:43,setConstants
FN:48,setAction
FNF:5
FNH:0
FNDA:0,initApp
FNDA:0,setKey
FNDA:0,(anonymous_2)
FNDA:0,setConstants
FNDA:0,setAction
DA:18,0
DA:19,0
DA:20,0
DA:21,0
DA:26,0
DA:27,0
DA:28,0
DA:30,0
DA:31,0
DA:32,0
DA:33,0
DA:35,0
DA:36,0
DA:38,0
DA:44,0
DA:45,0
DA:49,0
DA:50,0
LF:18
LH:0
BRDA:19,0,0,0
BRDA:19,0,1,0
BRDA:26,1,0,0
BRDA:26,1,1,0
BRF:4
BRH:0
end_of_record
TN:
SF:D:\mobile-wallet\client\src\store\app\getters.js
FN:1,key
FN:5,constants
FN:9,language
FN:13,coins
FN:17,coinByName
FN:18,(anonymous_5)
FN:18,(anonymous_6)
FN:21,action
FNF:8
FNH:0
FNDA:0,key
FNDA:0,constants
FNDA:0,language
FNDA:0,coins
FNDA:0,coinByName
FNDA:0,(anonymous_5)
FNDA:0,(anonymous_6)
FNDA:0,action
DA:2,0
DA:6,0
DA:10,0
DA:14,0
DA:18,0
DA:22,0
LF:6
LH:0
BRF:0
BRH:0
end_of_record
TN:
SF:D:\mobile-wallet\client\src\store\app\index.js
FNF:0
FNH:0
LF:0
LH:0
BRF:0
BRH:0
end_of_record
TN:
SF:D:\mobile-wallet\client\src\store\app\mutations.js
FN:11,(anonymous_0)
FN:14,(anonymous_1)
FN:17,(anonymous_2)
FN:20,(anonymous_3)
FN:23,(anonymous_4)
FNF:5
FNH:0
FNDA:0,(anonymous_0)
FNDA:0,(anonymous_1)
FNDA:0,(anonymous_2)
FNDA:0,(anonymous_3)
FNDA:0,(anonymous_4)
DA:10,0
DA:12,0
DA:15,0
DA:18,0
DA:21,0
DA:24,0
LF:6
LH:0
BRF:0
BRH:0
end_of_record
TN:
SF:D:\mobile-wallet\client\src\store\app\state.js
FNF:0
FNH:0
LF:0
LH:0
BRF:0
BRH:0
end_of_record
TN:
SF:D:\mobile-wallet\client\src\store\app\types.js
FNF:0
FNH:0
DA:1,0
DA:2,0
DA:3,0
DA:4,0
DA:5,0
DA:6,0
LF:6
LH:0
BRF:0
BRH:0
end_of_record
TN:
SF:D:\mobile-wallet\client\src\store\ui\actions.js
FN:9,(anonymous_0)
FN:13,(anonymous_1)
FN:17,(anonymous_2)
FN:21,(anonymous_3)
FN:27,(anonymous_4)
FNF:5
FNH:0
FNDA:0,(anonymous_0)
FNDA:0,(anonymous_1)
FNDA:0,(anonymous_2)
FNDA:0,(anonymous_3)
FNDA:0,(anonymous_4)
DA:9,0
DA:10,0
DA:13,0
DA:14,0
DA:17,0
DA:18,0
DA:21,0
DA:22,0
DA:23,0
DA:24,0
DA:27,0
DA:28,0
DA:29,0
DA:30,0
LF:14
LH:0
BRF:0
BRH:0
end_of_record
TN:
SF:D:\mobile-wallet\client\src\store\ui\getters.js
FN:1,(anonymous_0)
FNF:1
FNH:0
FNDA:0,(anonymous_0)
DA:1,0
LF:1
LH:0
BRF:0
BRH:0
end_of_record
TN:
SF:D:\mobile-wallet\client\src\store\ui\index.js
FNF:0
FNH:0
LF:0
LH:0
BRF:0
BRH:0
end_of_record
TN:
SF:D:\mobile-wallet\client\src\store\ui\mutations.js
FN:6,(anonymous_0)
FN:8,(anonymous_1)
FNF:2
FNH:0
FNDA:0,(anonymous_0)
FNDA:0,(anonymous_1)
DA:5,0
DA:7,0
DA:8,0
DA:9,0
LF:4
LH:0
BRF:0
BRH:0
end_of_record
TN:
SF:D:\mobile-wallet\client\src\store\ui\state.js
FN:3,(anonymous_0)
FN:6,(anonymous_1)
FNF:2
FNH:0
FNDA:0,(anonymous_0)
FNDA:0,(anonymous_1)
DA:4,0
DA:7,0
DA:8,0
DA:9,0
LF:4
LH:0
BRF:0
BRH:0
end_of_record
TN:
SF:D:\mobile-wallet\client\src\store\ui\types.js
FNF:0
FNH:0
DA:1,0
DA:3,0
DA:4,0
DA:6,0
DA:7,0
LF:5
LH:0
BRF:0
BRH:0
end_of_record
TN:
SF:D:\mobile-wallet\client\src\store\wallets\actions.js
FN:7,createWallet
FN:12,setWallets
FNF:2
FNH:0
FNDA:0,createWallet
FNDA:0,setWallets
DA:9,0
LF:1
LH:0
BRF:0
BRH:0
end_of_record
TN:
SF:D:\mobile-wallet\client\src\store\wallets\getters.js
FN:1,wallets
FN:5,hasWallets
FNF:2
FNH:0
FNDA:0,wallets
FNDA:0,hasWallets
DA:2,0
DA:6,0
LF:2
LH:0
BRF:0
BRH:0
end_of_record
TN:
SF:D:\mobile-wallet\client\src\store\wallets\index.js
FNF:0
FNH:0
LF:0
LH:0
BRF:0
BRH:0
end_of_record
TN:
SF:D:\mobile-wallet\client\src\store\wallets\mutations.js
FN:7,(anonymous_0)
FN:10,(anonymous_1)
FNF:2
FNH:0
FNDA:0,(anonymous_0)
FNDA:0,(anonymous_1)
DA:6,0
DA:8,0
DA:11,0
LF:3
LH:0
BRF:0
BRH:0
end_of_record
TN:
SF:D:\mobile-wallet\client\src\store\wallets\state.js
FNF:0
FNH:0
LF:0
LH:0
BRF:0
BRH:0
end_of_record
TN:
SF:D:\mobile-wallet\client\src\store\wallets\types.js
FNF:0
FNH:0
DA:1,0
DA:2,0
DA:3,0
LF:3
LH:0
BRF:0
BRH:0
end_of_record
TN:
SF:D:\mobile-wallet\client\src\utils\commons.js
FN:8,deepMerge
FN:12,(anonymous_1)
FN:15,(anonymous_2)
FN:16,(anonymous_3)
FN:38,(anonymous_4)
FNF:5
FNH:5
FNDA:8,deepMerge
FNDA:9,(anonymous_1)
FNDA:10,(anonymous_2)
FNDA:9,(anonymous_3)
FNDA:4,(anonymous_4)
DA:9,8
DA:10,6
DA:12,9
DA:14,5
DA:15,5
DA:16,10
DA:17,9
DA:18,1
DA:19,8
DA:20,1
DA:22,7
DA:25,8
DA:28,2
DA:38,2
DA:39,4
DA:40,4
LF:16
LH:16
BRDA:9,0,0,2
BRDA:9,0,1,6
BRDA:10,1,0,1
BRDA:10,1,1,5
BRDA:10,2,0,6
BRDA:10,2,1,5
BRDA:12,3,0,9
BRDA:12,3,1,2
BRDA:17,4,0,1
BRDA:17,4,1,8
BRDA:17,5,0,9
BRDA:17,5,1,1
BRDA:19,6,0,1
BRDA:19,6,1,7
BRDA:19,7,0,8
BRDA:19,7,1,1
BRF:16
BRH:16
end_of_record
TN:
SF:D:\mobile-wallet\client\src\utils\scroll.js
FN:1,(anonymous_0)
FN:2,(anonymous_1)
FN:13,(anonymous_2)
FN:17,(anonymous_3)
FN:19,(anonymous_4)
FNF:5
FNH:0
FNDA:0,(anonymous_0)
FNDA:0,(anonymous_1)
FNDA:0,(anonymous_2)
FNDA:0,(anonymous_3)
FNDA:0,(anonymous_4)
DA:1,0
DA:2,0
DA:3,0
DA:4,0
DA:5,0
DA:6,0
DA:7,0
DA:8,0
DA:9,0
DA:10,0
DA:12,0
DA:13,0
DA:17,0
DA:18,0
DA:19,0
DA:20,0
DA:21,0
DA:23,0
DA:24,0
DA:26,0
LF:20
LH:0
BRDA:20,0,0,0
BRDA:20,0,1,0
BRF:2
BRH:0
end_of_record
